#
# There is insufficient memory for the Java Runtime Environment to continue.
# Native memory allocation (malloc) failed to allocate 2637376 bytes. Error detail: Chunk::new
# Possible reasons:
#   The system is out of physical RAM or swap space
#   This process is running with CompressedOops enabled, and the Java Heap may be blocking the growth of the native heap
# Possible solutions:
#   Reduce memory load on the system
#   Increase physical memory or swap space
#   Check if swap backing store is full
#   Decrease Java heap size (-Xmx/-Xms)
#   Decrease number of Java threads
#   Decrease Java thread stack sizes (-Xss)
#   Set larger code cache with -XX:ReservedCodeCacheSize=
#   JVM is running with Unscaled Compressed Oops mode in which the Java heap is
#     placed in the first 4GB address space. The Java Heap base address is the
#     maximum limit for the native heap growth. Please use -XX:HeapBaseMinAddress
#     to set the Java Heap base and to place the Java Heap above 4GB virtual address.
# This output file may be truncated or incomplete.
#
#  Out of Memory Error (arena.cpp:191), pid=1356, tid=15060
#
# JRE version: OpenJDK Runtime Environment Temurin-17.0.11+9 (17.0.11+9) (build 17.0.11+9)
# Java VM: OpenJDK 64-Bit Server VM Temurin-17.0.11+9 (17.0.11+9, mixed mode, tiered, compressed oops, compressed class ptrs, parallel gc, windows-amd64)
# No core dump will be written. Minidumps are not enabled by default on client versions of Windows
#

---------------  S U M M A R Y ------------

Command Line: --add-modules=ALL-SYSTEM --add-opens=java.base/java.util=ALL-UNNAMED --add-opens=java.base/java.lang=ALL-UNNAMED --add-opens=java.base/sun.nio.fs=ALL-UNNAMED -Declipse.application=org.eclipse.jdt.ls.core.id1 -Dosgi.bundles.defaultStartLevel=4 -Declipse.product=org.eclipse.jdt.ls.core.product -Djava.import.generatesMetadataFilesAtProjectRoot=false -DDetectVMInstallationsJob.disabled=true -Dfile.encoding=utf8 -XX:+UseParallelGC -XX:GCTimeRatio=4 -XX:AdaptiveSizePolicyWeight=90 -Dsun.zip.disableMemoryMapping=true -Xmx1G -Xms100m -Xlog:disable -javaagent:c:\Users\casa\.vscode\extensions\redhat.java-1.33.0-win32-x64\lombok\lombok-1.18.33.jar c:\Users\casa\.vscode\extensions\redhat.java-1.33.0-win32-x64\server\plugins\org.eclipse.equinox.launcher_1.6.900.v20240613-2009.jar -configuration c:\Users\casa\AppData\Roaming\Code\User\globalStorage\redhat.java\1.33.0\config_ss_win -data c:\Users\casa\AppData\Roaming\Code\User\workspaceStorage\b1975693204bc931bf0576c7e2e1fdcc\redhat.java\ss_ws --pipe=\\.\pipe\lsp-75e7142e1a5bf361a7a7bf4aebc7a24b-sock

Host: AMD Ryzen 7 3700X 8-Core Processor             , 16 cores, 15G,  Windows 10 , 64 bit Build 19041 (10.0.19041.4597)
Time: Fri Aug  9 17:06:36 2024 Hora estándar de Argentina elapsed time: 1.814374 seconds (0d 0h 0m 1s)

---------------  T H R E A D  ---------------

Current thread (0x0000023d43b46040):  JavaThread "C2 CompilerThread2" daemon [_thread_in_native, id=15060, stack(0x0000007d70c00000,0x0000007d70d00000)]


Current CompileTask:
C2:   1814 2604       4       org.lombokweb.asm.ClassReader::readMethod (1066 bytes)

Stack: [0x0000007d70c00000,0x0000007d70d00000]
Native frames: (J=compiled Java code, j=interpreted, Vv=VM code, C=native code)
V  [jvm.dll+0x67d429]
V  [jvm.dll+0x834b7a]
V  [jvm.dll+0x83663e]
V  [jvm.dll+0x836ca3]
V  [jvm.dll+0x247dbf]
V  [jvm.dll+0xac534]
V  [jvm.dll+0xacb7c]
V  [jvm.dll+0x366647]
V  [jvm.dll+0x1bd272]
V  [jvm.dll+0x21a5c9]
V  [jvm.dll+0x2198b1]
V  [jvm.dll+0x1a534d]
V  [jvm.dll+0x2295cd]
V  [jvm.dll+0x22779c]
V  [jvm.dll+0x7e9d07]
V  [jvm.dll+0x7e410a]
V  [jvm.dll+0x67c315]
C  [ucrtbase.dll+0x21bb2]
C  [KERNEL32.DLL+0x17374]
C  [ntdll.dll+0x4cc91]


---------------  P R O C E S S  ---------------

Threads class SMR info:
_java_thread_list=0x0000023d464e1e70, length=26, elements={
0x0000023d2a657ff0, 0x0000023d3e4e7d70, 0x0000023d3e4e93e0, 0x0000023d4386a280,
0x0000023d4386b010, 0x0000023d4386e450, 0x0000023d43872050, 0x0000023d4387cf50,
0x0000023d4387da90, 0x0000023d43887fb0, 0x0000023d439f3dc0, 0x0000023d439fcfc0,
0x0000023d43a39820, 0x0000023d43b48db0, 0x0000023d43b492d0, 0x0000023d457de020,
0x0000023d43b46040, 0x0000023d461ce060, 0x0000023d464b0530, 0x0000023d465a3f60,
0x0000023d46206f40, 0x0000023d46210470, 0x0000023d466213e0, 0x0000023d4661f070,
0x0000023d4661f580, 0x0000023d46622310
}

Java Threads: ( => current thread )
  0x0000023d2a657ff0 JavaThread "main" [_thread_blocked, id=17972, stack(0x0000007d6f900000,0x0000007d6fa00000)]
  0x0000023d3e4e7d70 JavaThread "Reference Handler" daemon [_thread_blocked, id=14784, stack(0x0000007d6fc00000,0x0000007d6fd00000)]
  0x0000023d3e4e93e0 JavaThread "Finalizer" daemon [_thread_blocked, id=14440, stack(0x0000007d6fd00000,0x0000007d6fe00000)]
  0x0000023d4386a280 JavaThread "Signal Dispatcher" daemon [_thread_blocked, id=16756, stack(0x0000007d6fe00000,0x0000007d6ff00000)]
  0x0000023d4386b010 JavaThread "Attach Listener" daemon [_thread_blocked, id=22052, stack(0x0000007d6ff00000,0x0000007d70000000)]
  0x0000023d4386e450 JavaThread "Service Thread" daemon [_thread_blocked, id=16480, stack(0x0000007d70000000,0x0000007d70100000)]
  0x0000023d43872050 JavaThread "Monitor Deflation Thread" daemon [_thread_blocked, id=21544, stack(0x0000007d70100000,0x0000007d70200000)]
  0x0000023d4387cf50 JavaThread "C2 CompilerThread0" daemon [_thread_in_native, id=22732, stack(0x0000007d70200000,0x0000007d70300000)]
  0x0000023d4387da90 JavaThread "C1 CompilerThread0" daemon [_thread_blocked, id=22560, stack(0x0000007d70300000,0x0000007d70400000)]
  0x0000023d43887fb0 JavaThread "Sweeper thread" daemon [_thread_blocked, id=19040, stack(0x0000007d70400000,0x0000007d70500000)]
  0x0000023d439f3dc0 JavaThread "Common-Cleaner" daemon [_thread_blocked, id=24188, stack(0x0000007d70500000,0x0000007d70600000)]
  0x0000023d439fcfc0 JavaThread "C1 CompilerThread1" daemon [_thread_blocked, id=7676, stack(0x0000007d70600000,0x0000007d70700000)]
  0x0000023d43a39820 JavaThread "C2 CompilerThread1" daemon [_thread_in_vm, id=17708, stack(0x0000007d70700000,0x0000007d70800000)]
  0x0000023d43b48db0 JavaThread "C1 CompilerThread2" daemon [_thread_blocked, id=8836, stack(0x0000007d70800000,0x0000007d70900000)]
  0x0000023d43b492d0 JavaThread "C1 CompilerThread3" daemon [_thread_blocked, id=8024, stack(0x0000007d70900000,0x0000007d70a00000)]
  0x0000023d457de020 JavaThread "Notification Thread" daemon [_thread_blocked, id=13512, stack(0x0000007d70a00000,0x0000007d70b00000)]
=>0x0000023d43b46040 JavaThread "C2 CompilerThread2" daemon [_thread_in_native, id=15060, stack(0x0000007d70c00000,0x0000007d70d00000)]
  0x0000023d461ce060 JavaThread "Active Thread: Equinox Container: fa2be851-690b-442d-ae7b-ea5a437f3809" [_thread_blocked, id=6716, stack(0x0000007d71200000,0x0000007d71300000)]
  0x0000023d464b0530 JavaThread "Framework Event Dispatcher: Equinox Container: fa2be851-690b-442d-ae7b-ea5a437f3809" daemon [_thread_blocked, id=3932, stack(0x0000007d71300000,0x0000007d71400000)]
  0x0000023d465a3f60 JavaThread "Start Level: Equinox Container: fa2be851-690b-442d-ae7b-ea5a437f3809" daemon [_thread_in_vm, id=1208, stack(0x0000007d71400000,0x0000007d71500000)]
  0x0000023d46206f40 JavaThread "SCR Component Actor" daemon [_thread_blocked, id=6848, stack(0x0000007d71500000,0x0000007d71600000)]
  0x0000023d46210470 JavaThread "SCR Component Registry" daemon [_thread_blocked, id=8176, stack(0x0000007d71800000,0x0000007d71900000)]
  0x0000023d466213e0 JavaThread "Worker-JM" [_thread_blocked, id=9284, stack(0x0000007d71900000,0x0000007d71a00000)]
  0x0000023d4661f070 JavaThread "JNA Cleaner" daemon [_thread_blocked, id=11328, stack(0x0000007d71d00000,0x0000007d71e00000)]
  0x0000023d4661f580 JavaThread "Worker-0" [_thread_blocked, id=604, stack(0x0000007d71e00000,0x0000007d71f00000)]
  0x0000023d46622310 JavaThread "Worker-1" [_thread_blocked, id=13480, stack(0x0000007d71f00000,0x0000007d72000000)]

Other Threads:
  0x0000023d2a70ec70 VMThread "VM Thread" [stack: 0x0000007d6fb00000,0x0000007d6fc00000] [id=9572]
  0x0000023d457de500 WatcherThread [stack: 0x0000007d70b00000,0x0000007d70c00000] [id=4472]
  0x0000023d2a66c2e0 GCTaskThread "GC Thread#0" [stack: 0x0000007d6fa00000,0x0000007d6fb00000] [id=20716]
  0x0000023d45ce9240 GCTaskThread "GC Thread#1" [stack: 0x0000007d70d00000,0x0000007d70e00000] [id=16708]
  0x0000023d45b6df00 GCTaskThread "GC Thread#2" [stack: 0x0000007d70e00000,0x0000007d70f00000] [id=11300]
  0x0000023d45b6e1c0 GCTaskThread "GC Thread#3" [stack: 0x0000007d70f00000,0x0000007d71000000] [id=384]
  0x0000023d45b6e480 GCTaskThread "GC Thread#4" [stack: 0x0000007d71000000,0x0000007d71100000] [id=8824]
  0x0000023d45b6e740 GCTaskThread "GC Thread#5" [stack: 0x0000007d71100000,0x0000007d71200000] [id=4600]
  0x0000023d461ef650 GCTaskThread "GC Thread#6" [stack: 0x0000007d71600000,0x0000007d71700000] [id=4956]
  0x0000023d4644aa00 GCTaskThread "GC Thread#7" [stack: 0x0000007d71700000,0x0000007d71800000] [id=3924]
  0x0000023d466095b0 GCTaskThread "GC Thread#8" [stack: 0x0000007d71a00000,0x0000007d71b00000] [id=17552]
  0x0000023d46609870 GCTaskThread "GC Thread#9" [stack: 0x0000007d71b00000,0x0000007d71c00000] [id=8220]
  0x0000023d4669c400 GCTaskThread "GC Thread#10" [stack: 0x0000007d71c00000,0x0000007d71d00000] [id=20512]
  0x0000023d463efbd0 GCTaskThread "GC Thread#11" [stack: 0x0000007d72000000,0x0000007d72100000] [id=16200]
  0x0000023d461b0070 GCTaskThread "GC Thread#12" [stack: 0x0000007d72100000,0x0000007d72200000] [id=17056]

Threads with active compile tasks:
C2 CompilerThread0     1830 2895       4       java.util.zip.ZipEntry::<init> (84 bytes)
C2 CompilerThread1     1830 2894       4       java.util.zip.ZipFile::getZipEntry (322 bytes)
C2 CompilerThread2     1830 2604       4       org.lombokweb.asm.ClassReader::readMethod (1066 bytes)

VM state: not at safepoint (normal execution)

VM Mutex/Monitor currently owned by a thread: None

Heap address: 0x00000000c0000000, size: 1024 MB, Compressed Oops mode: 32-bit

CDS archive(s) not mapped
Compressed class space mapped at: 0x0000000100000000-0x0000000140000000, reserved size: 1073741824
Narrow klass base: 0x0000000000000000, Narrow klass shift: 3, Narrow klass range: 0x140000000

GC Precious Log:
 CPUs: 16 total, 16 available
 Memory: 16331M
 Large Page Support: Disabled
 NUMA Support: Disabled
 Compressed Oops: Enabled (32-bit)
 Alignments: Space 512K, Generation 512K, Heap 2M
 Heap Min Capacity: 100M
 Heap Initial Capacity: 100M
 Heap Max Capacity: 1G
 Pre-touch: Disabled
 Parallel Workers: 13

Heap:
 PSYoungGen      total 27136K, used 4301K [0x00000000eab00000, 0x00000000eca00000, 0x0000000100000000)
  eden space 24576K, 7% used [0x00000000eab00000,0x00000000eacb9d38,0x00000000ec300000)
  from space 2560K, 98% used [0x00000000ec500000,0x00000000ec7797b8,0x00000000ec780000)
  to   space 2560K, 0% used [0x00000000ec780000,0x00000000ec780000,0x00000000eca00000)
 ParOldGen       total 68608K, used 8704K [0x00000000c0000000, 0x00000000c4300000, 0x00000000eab00000)
  object space 68608K, 12% used [0x00000000c0000000,0x00000000c08800c0,0x00000000c4300000)
 Metaspace       used 30460K, committed 31040K, reserved 1114112K
  class space    used 2937K, committed 3200K, reserved 1048576K

Card table byte_map: [0x0000023d2a010000,0x0000023d2a220000] _byte_map_base: 0x0000023d29a10000

Marking Bits: (ParMarkBitMap*) 0x00007ffed7bdd820
 Begin Bits: [0x0000023d3c2f0000, 0x0000023d3d2f0000)
 End Bits:   [0x0000023d3d2f0000, 0x0000023d3e2f0000)

Polling page: 0x0000023d285e0000

Metaspace:

Usage:
  Non-class:     26.88 MB used.
      Class:      2.87 MB used.
       Both:     29.75 MB used.

Virtual space:
  Non-class space:       64.00 MB reserved,      27.19 MB ( 42%) committed,  1 nodes.
      Class space:        1.00 GB reserved,       3.12 MB ( <1%) committed,  1 nodes.
             Both:        1.06 GB reserved,      30.31 MB (  3%) committed. 

Chunk freelists:
   Non-Class:  4.52 MB
       Class:  12.72 MB
        Both:  17.23 MB

MaxMetaspaceSize: unlimited
CompressedClassSpaceSize: 1.00 GB
Initial GC threshold: 21.00 MB
Current GC threshold: 35.00 MB
CDS: off
MetaspaceReclaimPolicy: balanced
 - commit_granule_bytes: 65536.
 - commit_granule_words: 8192.
 - virtual_space_node_default_size: 8388608.
 - enlarge_chunks_in_place: 1.
 - new_chunks_are_fully_committed: 0.
 - uncommit_free_chunks: 1.
 - use_allocation_guard: 0.
 - handle_deallocations: 1.


Internal statistics:

num_allocs_failed_limit: 3.
num_arena_births: 310.
num_arena_deaths: 14.
num_vsnodes_births: 2.
num_vsnodes_deaths: 0.
num_space_committed: 485.
num_space_uncommitted: 0.
num_chunks_returned_to_freelist: 17.
num_chunks_taken_from_freelist: 1152.
num_chunk_merges: 6.
num_chunk_splits: 760.
num_chunks_enlarged: 525.
num_inconsistent_stats: 0.

CodeHeap 'non-profiled nmethods': size=119168Kb used=1218Kb max_used=1218Kb free=117949Kb
 bounds [0x0000023d34e90000, 0x0000023d35100000, 0x0000023d3c2f0000]
CodeHeap 'profiled nmethods': size=119104Kb used=5814Kb max_used=5814Kb free=113289Kb
 bounds [0x0000023d2d2f0000, 0x0000023d2d8a0000, 0x0000023d34740000]
CodeHeap 'non-nmethods': size=7488Kb used=2941Kb max_used=2971Kb free=4546Kb
 bounds [0x0000023d34740000, 0x0000023d34a30000, 0x0000023d34e90000]
 total_blobs=3461 nmethods=2893 adapters=479
 compilation: enabled
              stopped_count=0, restarted_count=0
 full_count=0

Compilation events (20 events):
Event: 1.801 Thread 0x0000023d4387cf50 2861       4       java.lang.Character::digit (6 bytes)
Event: 1.801 Thread 0x0000023d43b48db0 2862       3       java.lang.AbstractStringBuilder::append (77 bytes)
Event: 1.802 Thread 0x0000023d43b48db0 nmethod 2862 0x0000023d2d891010 code [0x0000023d2d891220, 0x0000023d2d8918a8]
Event: 1.802 Thread 0x0000023d4387cf50 nmethod 2861 0x0000023d34fbb990 code [0x0000023d34fbbb20, 0x0000023d34fbbc58]
Event: 1.804 Thread 0x0000023d43a39820 2863       4       java.util.HashMap::putVal (300 bytes)
Event: 1.805 Thread 0x0000023d439fcfc0 2864       3       jdk.internal.org.objectweb.asm.ClassWriter::visitField (53 bytes)
Event: 1.805 Thread 0x0000023d43b48db0 2865       3       jdk.internal.org.objectweb.asm.FieldWriter::<init> (69 bytes)
Event: 1.805 Thread 0x0000023d4387da90 2866       3       jdk.internal.org.objectweb.asm.FieldVisitor::<init> (7 bytes)
Event: 1.805 Thread 0x0000023d43b492d0 2867       3       jdk.internal.org.objectweb.asm.FieldVisitor::<init> (88 bytes)
Event: 1.805 Thread 0x0000023d4387da90 nmethod 2866 0x0000023d2d891b10 code [0x0000023d2d891cc0, 0x0000023d2d891e08]
Event: 1.805 Thread 0x0000023d439fcfc0 nmethod 2864 0x0000023d2d891e90 code [0x0000023d2d892040, 0x0000023d2d8922c8]
Event: 1.805 Thread 0x0000023d43b48db0 nmethod 2865 0x0000023d2d892410 code [0x0000023d2d892600, 0x0000023d2d892988]
Event: 1.805 Thread 0x0000023d439fcfc0 2868       3       jdk.internal.misc.Unsafe::getLongUnaligned (12 bytes)
Event: 1.805 Thread 0x0000023d43b492d0 nmethod 2867 0x0000023d2d892b90 code [0x0000023d2d892de0, 0x0000023d2d893668]
Event: 1.805 Thread 0x0000023d439fcfc0 nmethod 2868 0x0000023d2d893990 code [0x0000023d2d893b40, 0x0000023d2d893d28]
Event: 1.807 Thread 0x0000023d4387cf50 2869       4       java.util.Arrays::copyOf (40 bytes)
Event: 1.810 Thread 0x0000023d4387cf50 nmethod 2869 0x0000023d34fbbe10 code [0x0000023d34fbbfa0, 0x0000023d34fbc3d8]
Event: 1.810 Thread 0x0000023d43a39820 nmethod 2863 0x0000023d34fbc610 code [0x0000023d34fbc800, 0x0000023d34fbcf80]
Event: 1.813 Thread 0x0000023d439fcfc0 2870       3       java.io.FileDescriptor$1::getAppend (5 bytes)
Event: 1.813 Thread 0x0000023d439fcfc0 nmethod 2870 0x0000023d2d893e10 code [0x0000023d2d893fa0, 0x0000023d2d8940b8]

GC Heap History (14 events):
Event: 0.468 GC heap before
{Heap before GC invocations=1 (full 0):
 PSYoungGen      total 29696K, used 25600K [0x00000000eab00000, 0x00000000ecc00000, 0x0000000100000000)
  eden space 25600K, 100% used [0x00000000eab00000,0x00000000ec400000,0x00000000ec400000)
  from space 4096K, 0% used [0x00000000ec800000,0x00000000ec800000,0x00000000ecc00000)
  to   space 4096K, 0% used [0x00000000ec400000,0x00000000ec400000,0x00000000ec800000)
 ParOldGen       total 68608K, used 0K [0x00000000c0000000, 0x00000000c4300000, 0x00000000eab00000)
  object space 68608K, 0% used [0x00000000c0000000,0x00000000c0000000,0x00000000c4300000)
 Metaspace       used 10607K, committed 10752K, reserved 1114112K
  class space    used 1057K, committed 1152K, reserved 1048576K
}
Event: 0.474 GC heap after
{Heap after GC invocations=1 (full 0):
 PSYoungGen      total 29696K, used 3101K [0x00000000eab00000, 0x00000000ecc00000, 0x0000000100000000)
  eden space 25600K, 0% used [0x00000000eab00000,0x00000000eab00000,0x00000000ec400000)
  from space 4096K, 75% used [0x00000000ec400000,0x00000000ec707748,0x00000000ec800000)
  to   space 4096K, 0% used [0x00000000ec800000,0x00000000ec800000,0x00000000ecc00000)
 ParOldGen       total 68608K, used 16K [0x00000000c0000000, 0x00000000c4300000, 0x00000000eab00000)
  object space 68608K, 0% used [0x00000000c0000000,0x00000000c0004000,0x00000000c4300000)
 Metaspace       used 10607K, committed 10752K, reserved 1114112K
  class space    used 1057K, committed 1152K, reserved 1048576K
}
Event: 0.801 GC heap before
{Heap before GC invocations=2 (full 0):
 PSYoungGen      total 29696K, used 28701K [0x00000000eab00000, 0x00000000ecc00000, 0x0000000100000000)
  eden space 25600K, 100% used [0x00000000eab00000,0x00000000ec400000,0x00000000ec400000)
  from space 4096K, 75% used [0x00000000ec400000,0x00000000ec707748,0x00000000ec800000)
  to   space 4096K, 0% used [0x00000000ec800000,0x00000000ec800000,0x00000000ecc00000)
 ParOldGen       total 68608K, used 16K [0x00000000c0000000, 0x00000000c4300000, 0x00000000eab00000)
  object space 68608K, 0% used [0x00000000c0000000,0x00000000c0004000,0x00000000c4300000)
 Metaspace       used 14371K, committed 14592K, reserved 1114112K
  class space    used 1434K, committed 1536K, reserved 1048576K
}
Event: 0.805 GC heap after
{Heap after GC invocations=2 (full 0):
 PSYoungGen      total 29696K, used 4067K [0x00000000eab00000, 0x00000000ecc00000, 0x0000000100000000)
  eden space 25600K, 0% used [0x00000000eab00000,0x00000000eab00000,0x00000000ec400000)
  from space 4096K, 99% used [0x00000000ec800000,0x00000000ecbf8f38,0x00000000ecc00000)
  to   space 4096K, 0% used [0x00000000ec400000,0x00000000ec400000,0x00000000ec800000)
 ParOldGen       total 68608K, used 680K [0x00000000c0000000, 0x00000000c4300000, 0x00000000eab00000)
  object space 68608K, 0% used [0x00000000c0000000,0x00000000c00aa020,0x00000000c4300000)
 Metaspace       used 14371K, committed 14592K, reserved 1114112K
  class space    used 1434K, committed 1536K, reserved 1048576K
}
Event: 1.144 GC heap before
{Heap before GC invocations=3 (full 0):
 PSYoungGen      total 29696K, used 29667K [0x00000000eab00000, 0x00000000ecc00000, 0x0000000100000000)
  eden space 25600K, 100% used [0x00000000eab00000,0x00000000ec400000,0x00000000ec400000)
  from space 4096K, 99% used [0x00000000ec800000,0x00000000ecbf8f38,0x00000000ecc00000)
  to   space 4096K, 0% used [0x00000000ec400000,0x00000000ec400000,0x00000000ec800000)
 ParOldGen       total 68608K, used 680K [0x00000000c0000000, 0x00000000c4300000, 0x00000000eab00000)
  object space 68608K, 0% used [0x00000000c0000000,0x00000000c00aa020,0x00000000c4300000)
 Metaspace       used 19352K, committed 19712K, reserved 1114112K
  class space    used 1971K, committed 2112K, reserved 1048576K
}
Event: 1.149 GC heap after
{Heap after GC invocations=3 (full 0):
 PSYoungGen      total 29696K, used 4064K [0x00000000eab00000, 0x00000000ecc00000, 0x0000000100000000)
  eden space 25600K, 0% used [0x00000000eab00000,0x00000000eab00000,0x00000000ec400000)
  from space 4096K, 99% used [0x00000000ec400000,0x00000000ec7f8348,0x00000000ec800000)
  to   space 4096K, 0% used [0x00000000ec800000,0x00000000ec800000,0x00000000ecc00000)
 ParOldGen       total 68608K, used 2454K [0x00000000c0000000, 0x00000000c4300000, 0x00000000eab00000)
  object space 68608K, 3% used [0x00000000c0000000,0x00000000c0265b00,0x00000000c4300000)
 Metaspace       used 19352K, committed 19712K, reserved 1114112K
  class space    used 1971K, committed 2112K, reserved 1048576K
}
Event: 1.278 GC heap before
{Heap before GC invocations=4 (full 0):
 PSYoungGen      total 29696K, used 13541K [0x00000000eab00000, 0x00000000ecc00000, 0x0000000100000000)
  eden space 25600K, 37% used [0x00000000eab00000,0x00000000eb441148,0x00000000ec400000)
  from space 4096K, 99% used [0x00000000ec400000,0x00000000ec7f8348,0x00000000ec800000)
  to   space 4096K, 0% used [0x00000000ec800000,0x00000000ec800000,0x00000000ecc00000)
 ParOldGen       total 68608K, used 2454K [0x00000000c0000000, 0x00000000c4300000, 0x00000000eab00000)
  object space 68608K, 3% used [0x00000000c0000000,0x00000000c0265b00,0x00000000c4300000)
 Metaspace       used 21107K, committed 21504K, reserved 1114112K
  class space    used 2146K, committed 2304K, reserved 1048576K
}
Event: 1.280 GC heap after
{Heap after GC invocations=4 (full 0):
 PSYoungGen      total 29696K, used 4068K [0x00000000eab00000, 0x00000000ecc00000, 0x0000000100000000)
  eden space 25600K, 0% used [0x00000000eab00000,0x00000000eab00000,0x00000000ec400000)
  from space 4096K, 99% used [0x00000000ec800000,0x00000000ecbf9210,0x00000000ecc00000)
  to   space 4096K, 0% used [0x00000000ec400000,0x00000000ec400000,0x00000000ec800000)
 ParOldGen       total 68608K, used 3022K [0x00000000c0000000, 0x00000000c4300000, 0x00000000eab00000)
  object space 68608K, 4% used [0x00000000c0000000,0x00000000c02f3b30,0x00000000c4300000)
 Metaspace       used 21107K, committed 21504K, reserved 1114112K
  class space    used 2146K, committed 2304K, reserved 1048576K
}
Event: 1.280 GC heap before
{Heap before GC invocations=5 (full 1):
 PSYoungGen      total 29696K, used 4068K [0x00000000eab00000, 0x00000000ecc00000, 0x0000000100000000)
  eden space 25600K, 0% used [0x00000000eab00000,0x00000000eab00000,0x00000000ec400000)
  from space 4096K, 99% used [0x00000000ec800000,0x00000000ecbf9210,0x00000000ecc00000)
  to   space 4096K, 0% used [0x00000000ec400000,0x00000000ec400000,0x00000000ec800000)
 ParOldGen       total 68608K, used 3022K [0x00000000c0000000, 0x00000000c4300000, 0x00000000eab00000)
  object space 68608K, 4% used [0x00000000c0000000,0x00000000c02f3b30,0x00000000c4300000)
 Metaspace       used 21107K, committed 21504K, reserved 1114112K
  class space    used 2146K, committed 2304K, reserved 1048576K
}
Event: 1.297 GC heap after
{Heap after GC invocations=5 (full 1):
 PSYoungGen      total 29696K, used 0K [0x00000000eab00000, 0x00000000ecc00000, 0x0000000100000000)
  eden space 25600K, 0% used [0x00000000eab00000,0x00000000eab00000,0x00000000ec400000)
  from space 4096K, 0% used [0x00000000ec800000,0x00000000ec800000,0x00000000ecc00000)
  to   space 4096K, 0% used [0x00000000ec400000,0x00000000ec400000,0x00000000ec800000)
 ParOldGen       total 68608K, used 6893K [0x00000000c0000000, 0x00000000c4300000, 0x00000000eab00000)
  object space 68608K, 10% used [0x00000000c0000000,0x00000000c06bb670,0x00000000c4300000)
 Metaspace       used 21094K, committed 21504K, reserved 1114112K
  class space    used 2142K, committed 2304K, reserved 1048576K
}
Event: 1.530 GC heap before
{Heap before GC invocations=6 (full 1):
 PSYoungGen      total 29696K, used 25600K [0x00000000eab00000, 0x00000000ecc00000, 0x0000000100000000)
  eden space 25600K, 100% used [0x00000000eab00000,0x00000000ec400000,0x00000000ec400000)
  from space 4096K, 0% used [0x00000000ec800000,0x00000000ec800000,0x00000000ecc00000)
  to   space 4096K, 0% used [0x00000000ec400000,0x00000000ec400000,0x00000000ec800000)
 ParOldGen       total 68608K, used 6893K [0x00000000c0000000, 0x00000000c4300000, 0x00000000eab00000)
  object space 68608K, 10% used [0x00000000c0000000,0x00000000c06bb670,0x00000000c4300000)
 Metaspace       used 24107K, committed 24640K, reserved 1114112K
  class space    used 2449K, committed 2688K, reserved 1048576K
}
Event: 1.531 GC heap after
{Heap after GC invocations=6 (full 1):
 PSYoungGen      total 28160K, used 2973K [0x00000000eab00000, 0x00000000ecb80000, 0x0000000100000000)
  eden space 25088K, 0% used [0x00000000eab00000,0x00000000eab00000,0x00000000ec380000)
  from space 3072K, 96% used [0x00000000ec400000,0x00000000ec6e77e0,0x00000000ec700000)
  to   space 4096K, 0% used [0x00000000ec780000,0x00000000ec780000,0x00000000ecb80000)
 ParOldGen       total 68608K, used 6901K [0x00000000c0000000, 0x00000000c4300000, 0x00000000eab00000)
  object space 68608K, 10% used [0x00000000c0000000,0x00000000c06bd670,0x00000000c4300000)
 Metaspace       used 24107K, committed 24640K, reserved 1114112K
  class space    used 2449K, committed 2688K, reserved 1048576K
}
Event: 1.656 GC heap before
{Heap before GC invocations=7 (full 1):
 PSYoungGen      total 28160K, used 27572K [0x00000000eab00000, 0x00000000ecb80000, 0x0000000100000000)
  eden space 25088K, 98% used [0x00000000eab00000,0x00000000ec3058b0,0x00000000ec380000)
  from space 3072K, 96% used [0x00000000ec400000,0x00000000ec6e77e0,0x00000000ec700000)
  to   space 4096K, 0% used [0x00000000ec780000,0x00000000ec780000,0x00000000ecb80000)
 ParOldGen       total 68608K, used 6901K [0x00000000c0000000, 0x00000000c4300000, 0x00000000eab00000)
  object space 68608K, 10% used [0x00000000c0000000,0x00000000c06bd670,0x00000000c4300000)
 Metaspace       used 28181K, committed 28736K, reserved 1114112K
  class space    used 2753K, committed 3008K, reserved 1048576K
}
Event: 1.658 GC heap after
{Heap after GC invocations=7 (full 1):
 PSYoungGen      total 27136K, used 2083K [0x00000000eab00000, 0x00000000eca00000, 0x0000000100000000)
  eden space 24576K, 0% used [0x00000000eab00000,0x00000000eab00000,0x00000000ec300000)
  from space 2560K, 81% used [0x00000000ec780000,0x00000000ec988fc0,0x00000000eca00000)
  to   space 2560K, 0% used [0x00000000ec500000,0x00000000ec500000,0x00000000ec780000)
 ParOldGen       total 68608K, used 6909K [0x00000000c0000000, 0x00000000c4300000, 0x00000000eab00000)
  object space 68608K, 10% used [0x00000000c0000000,0x00000000c06bf670,0x00000000c4300000)
 Metaspace       used 28181K, committed 28736K, reserved 1114112K
  class space    used 2753K, committed 3008K, reserved 1048576K
}

Dll operation events (10 events):
Event: 0.007 Loaded shared library c:\Users\casa\.vscode\extensions\redhat.java-1.33.0-win32-x64\jre\17.0.11-win32-x86_64\bin\java.dll
Event: 0.092 Loaded shared library c:\Users\casa\.vscode\extensions\redhat.java-1.33.0-win32-x64\jre\17.0.11-win32-x86_64\bin\zip.dll
Event: 0.094 Loaded shared library C:\Users\casa\.vscode\extensions\redhat.java-1.33.0-win32-x64\jre\17.0.11-win32-x86_64\bin\instrument.dll
Event: 0.102 Loaded shared library C:\Users\casa\.vscode\extensions\redhat.java-1.33.0-win32-x64\jre\17.0.11-win32-x86_64\bin\net.dll
Event: 0.104 Loaded shared library C:\Users\casa\.vscode\extensions\redhat.java-1.33.0-win32-x64\jre\17.0.11-win32-x86_64\bin\nio.dll
Event: 0.108 Loaded shared library C:\Users\casa\.vscode\extensions\redhat.java-1.33.0-win32-x64\jre\17.0.11-win32-x86_64\bin\zip.dll
Event: 0.118 Loaded shared library C:\Users\casa\.vscode\extensions\redhat.java-1.33.0-win32-x64\jre\17.0.11-win32-x86_64\bin\jimage.dll
Event: 0.157 Loaded shared library c:\Users\casa\.vscode\extensions\redhat.java-1.33.0-win32-x64\jre\17.0.11-win32-x86_64\bin\verify.dll
Event: 0.770 Loaded shared library C:\Users\casa\AppData\Roaming\Code\User\globalStorage\redhat.java\1.33.0\config_ss_win\org.eclipse.equinox.launcher\org.eclipse.equinox.launcher.win32.win32.x86_64_1.2.1100.v20240722-2106\eclipse_11904.dll
Event: 1.377 Loaded shared library C:\Users\casa\AppData\Local\Temp\jna-3046188\jna6380187557546207346.dll

Deoptimization events (20 events):
Event: 1.797 Thread 0x0000023d465a3f60 Uncommon trap: trap_request=0xffffff45 fr.pc=0x0000023d34eaa874 relative=0x0000000000000354
Event: 1.797 Thread 0x0000023d465a3f60 Uncommon trap: reason=unstable_if action=reinterpret pc=0x0000023d34eaa874 method=java.lang.StringLatin1.canEncode(I)Z @ 4 c2
Event: 1.797 Thread 0x0000023d465a3f60 DEOPT PACKING pc=0x0000023d34eaa874 sp=0x0000007d714fe280
Event: 1.797 Thread 0x0000023d465a3f60 DEOPT UNPACKING pc=0x0000023d347966a3 sp=0x0000007d714fe1a8 mode 2
Event: 1.797 Thread 0x0000023d465a3f60 Uncommon trap: trap_request=0xffffff45 fr.pc=0x0000023d34ed64d4 relative=0x0000000000000334
Event: 1.797 Thread 0x0000023d465a3f60 Uncommon trap: reason=unstable_if action=reinterpret pc=0x0000023d34ed64d4 method=java.lang.AbstractStringBuilder.isLatin1()Z @ 10 c2
Event: 1.797 Thread 0x0000023d465a3f60 DEOPT PACKING pc=0x0000023d34ed64d4 sp=0x0000007d714fe2a0
Event: 1.797 Thread 0x0000023d465a3f60 DEOPT UNPACKING pc=0x0000023d347966a3 sp=0x0000007d714fe220 mode 2
Event: 1.797 Thread 0x0000023d465a3f60 Uncommon trap: trap_request=0xffffff45 fr.pc=0x0000023d34ec9ddc relative=0x000000000000005c
Event: 1.797 Thread 0x0000023d465a3f60 Uncommon trap: reason=unstable_if action=reinterpret pc=0x0000023d34ec9ddc method=java.lang.AbstractStringBuilder.isLatin1()Z @ 10 c2
Event: 1.797 Thread 0x0000023d465a3f60 DEOPT PACKING pc=0x0000023d34ec9ddc sp=0x0000007d714fe280
Event: 1.797 Thread 0x0000023d465a3f60 DEOPT UNPACKING pc=0x0000023d347966a3 sp=0x0000007d714fe210 mode 2
Event: 1.798 Thread 0x0000023d465a3f60 Uncommon trap: trap_request=0xffffffc6 fr.pc=0x0000023d34f2ae74 relative=0x0000000000000934
Event: 1.798 Thread 0x0000023d465a3f60 Uncommon trap: reason=bimorphic_or_optimized_type_check action=maybe_recompile pc=0x0000023d34f2ae74 method=java.util.HashMap.putVal(ILjava/lang/Object;Ljava/lang/Object;ZZ)Ljava/lang/Object; @ 56 c2
Event: 1.798 Thread 0x0000023d465a3f60 DEOPT PACKING pc=0x0000023d34f2ae74 sp=0x0000007d714fd980
Event: 1.798 Thread 0x0000023d465a3f60 DEOPT UNPACKING pc=0x0000023d347966a3 sp=0x0000007d714fd8d8 mode 2
Event: 1.798 Thread 0x0000023d465a3f60 Uncommon trap: trap_request=0xffffffc6 fr.pc=0x0000023d34f2ae74 relative=0x0000000000000934
Event: 1.798 Thread 0x0000023d465a3f60 Uncommon trap: reason=bimorphic_or_optimized_type_check action=maybe_recompile pc=0x0000023d34f2ae74 method=java.util.HashMap.putVal(ILjava/lang/Object;Ljava/lang/Object;ZZ)Ljava/lang/Object; @ 56 c2
Event: 1.798 Thread 0x0000023d465a3f60 DEOPT PACKING pc=0x0000023d34f2ae74 sp=0x0000007d714fd980
Event: 1.798 Thread 0x0000023d465a3f60 DEOPT UNPACKING pc=0x0000023d347966a3 sp=0x0000007d714fd8d8 mode 2

Classes unloaded (7 events):
Event: 1.283 Thread 0x0000023d2a70ec70 Unloading class 0x0000000100219400 'java/lang/invoke/LambdaForm$MH+0x0000000100219400'
Event: 1.283 Thread 0x0000023d2a70ec70 Unloading class 0x0000000100219000 'java/lang/invoke/LambdaForm$MH+0x0000000100219000'
Event: 1.283 Thread 0x0000023d2a70ec70 Unloading class 0x0000000100218c00 'java/lang/invoke/LambdaForm$MH+0x0000000100218c00'
Event: 1.283 Thread 0x0000023d2a70ec70 Unloading class 0x0000000100218800 'java/lang/invoke/LambdaForm$MH+0x0000000100218800'
Event: 1.283 Thread 0x0000023d2a70ec70 Unloading class 0x0000000100218400 'java/lang/invoke/LambdaForm$BMH+0x0000000100218400'
Event: 1.283 Thread 0x0000023d2a70ec70 Unloading class 0x0000000100218000 'java/lang/invoke/LambdaForm$DMH+0x0000000100218000'
Event: 1.283 Thread 0x0000023d2a70ec70 Unloading class 0x0000000100214400 'java/lang/invoke/LambdaForm$DMH+0x0000000100214400'

Classes redefined (0 events):
No events

Internal exceptions (20 events):
Event: 1.299 Thread 0x0000023d465a3f60 Exception <a 'java/lang/NoSuchMethodError'{0x00000000eab25a00}: 'java.lang.Object java.lang.invoke.DirectMethodHandle$Holder.invokeStaticInit(java.lang.Object, int, int, int, int)'> (0x00000000eab25a00) 
thrown [s\src\hotspot\share\interpreter\linkResolver.cpp, line 759]
Event: 1.349 Thread 0x0000023d465a3f60 Exception <a 'java/lang/NoSuchMethodError'{0x00000000eac3f830}: 'java.lang.Object java.lang.invoke.DirectMethodHandle$Holder.invokeStaticInit(java.lang.Object, java.lang.Object, int, int, int, int)'> (0x00000000eac3f830) 
thrown [s\src\hotspot\share\interpreter\linkResolver.cpp, line 759]
Event: 1.414 Thread 0x0000023d465a3f60 Exception <a 'java/lang/NoSuchMethodError'{0x00000000eaf3e2e0}: 'java.lang.Object java.lang.invoke.DirectMethodHandle$Holder.invokeSpecial(java.lang.Object, java.lang.Object, java.lang.Object, long, java.lang.Object)'> (0x00000000eaf3e2e0) 
thrown [s\src\hotspot\share\interpreter\linkResolver.cpp, line 759]
Event: 1.415 Thread 0x0000023d465a3f60 Exception <a 'java/lang/NoSuchMethodError'{0x00000000eaf46498}: 'java.lang.Object java.lang.invoke.DirectMethodHandle$Holder.newInvokeSpecial(java.lang.Object, java.lang.Object, java.lang.Object, long)'> (0x00000000eaf46498) 
thrown [s\src\hotspot\share\interpreter\linkResolver.cpp, line 759]
Event: 1.415 Thread 0x0000023d465a3f60 Exception <a 'java/lang/NoSuchMethodError'{0x00000000eaf9c0b8}: 'java.lang.Object java.lang.invoke.DirectMethodHandle$Holder.invokeSpecial(java.lang.Object, java.lang.Object, java.lang.Object, java.lang.Object, long)'> (0x00000000eaf9c0b8) 
thrown [s\src\hotspot\share\interpreter\linkResolver.cpp, line 759]
Event: 1.415 Thread 0x0000023d465a3f60 Exception <a 'java/lang/NoSuchMethodError'{0x00000000eaf9ff30}: 'java.lang.Object java.lang.invoke.Invokers$Holder.linkToTargetMethod(java.lang.Object, java.lang.Object, long, java.lang.Object)'> (0x00000000eaf9ff30) 
thrown [s\src\hotspot\share\interpreter\linkResolver.cpp, line 759]
Event: 1.420 Thread 0x0000023d465a3f60 Exception <a 'java/lang/NoSuchMethodError'{0x00000000eb008fe8}: 'int java.lang.invoke.DirectMethodHandle$Holder.invokeStaticInit(java.lang.Object, java.lang.Object, java.lang.Object)'> (0x00000000eb008fe8) 
thrown [s\src\hotspot\share\interpreter\linkResolver.cpp, line 759]
Event: 1.443 Thread 0x0000023d465a3f60 Exception <a 'java/lang/IncompatibleClassChangeError'{0x00000000eb2404d8}: Found class java.lang.Object, but interface was expected> (0x00000000eb2404d8) 
thrown [s\src\hotspot\share\interpreter\linkResolver.cpp, line 826]
Event: 1.446 Thread 0x0000023d465a3f60 Exception <a 'java/lang/NoSuchMethodError'{0x00000000eb2540f8}: 'java.lang.Object java.lang.invoke.DirectMethodHandle$Holder.invokeSpecial(java.lang.Object, java.lang.Object, java.lang.Object, int, java.lang.Object, java.lang.Object)'> (0x00000000eb2540f8) 
thrown [s\src\hotspot\share\interpreter\linkResolver.cpp, line 759]
Event: 1.446 Thread 0x0000023d465a3f60 Exception <a 'java/lang/NoSuchMethodError'{0x00000000eb25c880}: 'java.lang.Object java.lang.invoke.DirectMethodHandle$Holder.newInvokeSpecial(java.lang.Object, java.lang.Object, java.lang.Object, int, java.lang.Object)'> (0x00000000eb25c880) 
thrown [s\src\hotspot\share\interpreter\linkResolver.cpp, line 759]
Event: 1.446 Thread 0x0000023d465a3f60 Exception <a 'java/lang/NoSuchMethodError'{0x00000000eb260cd8}: 'java.lang.Object java.lang.invoke.DirectMethodHandle$Holder.invokeSpecial(java.lang.Object, java.lang.Object, java.lang.Object, java.lang.Object, int, java.lang.Object)'> (0x00000000eb260cd8) 
thrown [s\src\hotspot\share\interpreter\linkResolver.cpp, line 759]
Event: 1.447 Thread 0x0000023d4661f580 Exception <a 'java/lang/NoSuchMethodError'{0x00000000eafd5910}: 'java.lang.Object java.lang.invoke.DirectMethodHandle$Holder.invokeSpecial(java.lang.Object, java.lang.Object, int, java.lang.Object, java.lang.Object)'> (0x00000000eafd5910) 
thrown [s\src\hotspot\share\interpreter\linkResolver.cpp, line 759]
Event: 1.447 Thread 0x0000023d4661f580 Exception <a 'java/lang/NoSuchMethodError'{0x00000000eafdcfe0}: 'java.lang.Object java.lang.invoke.DirectMethodHandle$Holder.newInvokeSpecial(java.lang.Object, java.lang.Object, int, java.lang.Object)'> (0x00000000eafdcfe0) 
thrown [s\src\hotspot\share\interpreter\linkResolver.cpp, line 759]
Event: 1.448 Thread 0x0000023d4661f580 Exception <a 'java/lang/NoSuchMethodError'{0x00000000eafe0af0}: 'java.lang.Object java.lang.invoke.DirectMethodHandle$Holder.invokeSpecial(java.lang.Object, java.lang.Object, java.lang.Object, int, java.lang.Object)'> (0x00000000eafe0af0) 
thrown [s\src\hotspot\share\interpreter\linkResolver.cpp, line 759]
Event: 1.622 Thread 0x0000023d465a3f60 Implicit null exception at 0x0000023d34f93548 to 0x0000023d34f93608
Event: 1.758 Thread 0x0000023d465a3f60 Exception <a 'java/lang/ClassNotFoundException'{0x00000000ebd8b0b0}: com/sun/org/apache/xerces/internal/impl/msg/spi/DOMMessagesProvider> (0x00000000ebd8b0b0) 
thrown [s\src\hotspot\share\classfile\systemDictionary.cpp, line 256]
Event: 1.762 Thread 0x0000023d465a3f60 Exception <a 'java/lang/ClassNotFoundException'{0x00000000ebdc5e58}: com/sun/org/apache/xerces/internal/impl/msg/spi/XMLSerializerMessagesProvider> (0x00000000ebdc5e58) 
thrown [s\src\hotspot\share\classfile\systemDictionary.cpp, line 256]
Event: 1.762 Thread 0x0000023d465a3f60 Exception <a 'java/lang/ClassNotFoundException'{0x00000000ebdde398}: com/sun/org/apache/xerces/internal/impl/msg/spi/XMLMessagesProvider> (0x00000000ebdde398) 
thrown [s\src\hotspot\share\classfile\systemDictionary.cpp, line 256]
Event: 1.778 Thread 0x0000023d465a3f60 Exception <a 'java/lang/NoSuchMethodError'{0x00000000ebf92628}: 'java.lang.Object java.lang.invoke.DirectMethodHandle$Holder.newInvokeSpecial(java.lang.Object, int, java.lang.Object, java.lang.Object)'> (0x00000000ebf92628) 
thrown [s\src\hotspot\share\interpreter\linkResolver.cpp, line 759]
Event: 1.803 Thread 0x0000023d465a3f60 Exception <a 'sun/nio/fs/WindowsException'{0x00000000ec1ae130}> (0x00000000ec1ae130) 
thrown [s\src\hotspot\share\prims\jni.cpp, line 516]

VM Operations (20 events):
Event: 1.278 Executing VM operation: CollectForMetadataAllocation
Event: 1.297 Executing VM operation: CollectForMetadataAllocation done
Event: 1.308 Executing VM operation: HandshakeAllThreads
Event: 1.308 Executing VM operation: HandshakeAllThreads done
Event: 1.382 Executing VM operation: HandshakeAllThreads
Event: 1.382 Executing VM operation: HandshakeAllThreads done
Event: 1.425 Executing VM operation: HandshakeAllThreads
Event: 1.425 Executing VM operation: HandshakeAllThreads done
Event: 1.436 Executing VM operation: HandshakeAllThreads
Event: 1.436 Executing VM operation: HandshakeAllThreads done
Event: 1.530 Executing VM operation: ParallelGCFailedAllocation
Event: 1.531 Executing VM operation: ParallelGCFailedAllocation done
Event: 1.656 Executing VM operation: ParallelGCFailedAllocation
Event: 1.658 Executing VM operation: ParallelGCFailedAllocation done
Event: 1.742 Executing VM operation: HandshakeAllThreads
Event: 1.742 Executing VM operation: HandshakeAllThreads done
Event: 1.796 Executing VM operation: HandshakeAllThreads
Event: 1.796 Executing VM operation: HandshakeAllThreads done
Event: 1.798 Executing VM operation: HandshakeAllThreads
Event: 1.798 Executing VM operation: HandshakeAllThreads done

Events (20 events):
Event: 1.806 loading class sun/util/resources/OpenListResourceBundle done
Event: 1.806 loading class sun/util/resources/TimeZoneNamesBundle done
Event: 1.806 loading class sun/util/resources/cldr/TimeZoneNames done
Event: 1.806 loading class sun/util/resources/cldr/TimeZoneNames_en
Event: 1.807 loading class sun/util/resources/cldr/TimeZoneNames_en done
Event: 1.807 loading class sun/util/resources/cldr/TimeZoneNames_en_US
Event: 1.807 loading class sun/util/resources/cldr/TimeZoneNames_en_US done
Event: 1.808 loading class sun/util/cldr/CLDRBaseLocaleDataMetaInfo$TZCanonicalIDMapHolder
Event: 1.808 loading class sun/util/cldr/CLDRBaseLocaleDataMetaInfo$TZCanonicalIDMapHolder done
Event: 1.809 loading class sun/util/resources/TimeZoneNames
Event: 1.810 loading class sun/util/resources/TimeZoneNames done
Event: 1.810 loading class sun/util/resources/TimeZoneNames_en
Event: 1.810 loading class sun/util/resources/TimeZoneNames_en done
Event: 1.812 loading class sun/nio/fs/WindowsPath$1
Event: 1.812 loading class sun/nio/fs/WindowsPath$1 done
Event: 1.812 loading class sun/nio/fs/WindowsChannelFactory$2
Event: 1.812 loading class sun/nio/fs/WindowsChannelFactory$2 done
Event: 1.812 loading class java/nio/channels/Channels$1
Event: 1.813 loading class java/nio/channels/Channels$1 done
Event: 1.813 loading class sun/nio/fs/WindowsFileCopy


Dynamic libraries:
0x00007ff7e1c50000 - 0x00007ff7e1c5e000 	c:\Users\casa\.vscode\extensions\redhat.java-1.33.0-win32-x64\jre\17.0.11-win32-x86_64\bin\java.exe
0x00007fff49bd0000 - 0x00007fff49dc8000 	C:\Windows\SYSTEM32\ntdll.dll
0x00007fff499a0000 - 0x00007fff49a61000 	C:\Windows\System32\KERNEL32.DLL
0x00007fff47440000 - 0x00007fff47736000 	C:\Windows\System32\KERNELBASE.dll
0x00007fff478a0000 - 0x00007fff479a0000 	C:\Windows\System32\ucrtbase.dll
0x00007fff2f5e0000 - 0x00007fff2f5f7000 	c:\Users\casa\.vscode\extensions\redhat.java-1.33.0-win32-x64\jre\17.0.11-win32-x86_64\bin\jli.dll
0x00007fff2f8e0000 - 0x00007fff2f8fb000 	c:\Users\casa\.vscode\extensions\redhat.java-1.33.0-win32-x64\jre\17.0.11-win32-x86_64\bin\VCRUNTIME140.dll
0x00007fff47f50000 - 0x00007fff480ef000 	C:\Windows\System32\USER32.dll
0x00007fff47280000 - 0x00007fff472a2000 	C:\Windows\System32\win32u.dll
0x00007fff30420000 - 0x00007fff306ba000 	C:\Windows\WinSxS\amd64_microsoft.windows.common-controls_6595b64144ccf1df_6.0.19041.4355_none_60b8b9eb71f62e16\COMCTL32.dll
0x00007fff48cb0000 - 0x00007fff48cdb000 	C:\Windows\System32\GDI32.dll
0x00007fff48190000 - 0x00007fff4822e000 	C:\Windows\System32\msvcrt.dll
0x00007fff47a30000 - 0x00007fff47b47000 	C:\Windows\System32\gdi32full.dll
0x00007fff47350000 - 0x00007fff473ed000 	C:\Windows\System32\msvcp_win.dll
0x00007fff48c80000 - 0x00007fff48caf000 	C:\Windows\System32\IMM32.DLL
0x00007fff2f820000 - 0x00007fff2f82c000 	c:\Users\casa\.vscode\extensions\redhat.java-1.33.0-win32-x64\jre\17.0.11-win32-x86_64\bin\vcruntime140_1.dll
0x00007fff20f00000 - 0x00007fff20f8d000 	c:\Users\casa\.vscode\extensions\redhat.java-1.33.0-win32-x64\jre\17.0.11-win32-x86_64\bin\msvcp140.dll
0x00007ffed7040000 - 0x00007ffed7ca2000 	c:\Users\casa\.vscode\extensions\redhat.java-1.33.0-win32-x64\jre\17.0.11-win32-x86_64\bin\server\jvm.dll
0x00007fff483d0000 - 0x00007fff48480000 	C:\Windows\System32\ADVAPI32.dll
0x00007fff485e0000 - 0x00007fff48680000 	C:\Windows\System32\sechost.dll
0x00007fff48af0000 - 0x00007fff48c13000 	C:\Windows\System32\RPCRT4.dll
0x00007fff472b0000 - 0x00007fff472d7000 	C:\Windows\System32\bcrypt.dll
0x00007fff2f7c0000 - 0x00007fff2f7c9000 	C:\Windows\SYSTEM32\WSOCK32.dll
0x00007fff46800000 - 0x00007fff4684b000 	C:\Windows\SYSTEM32\POWRPROF.dll
0x00007fff49b20000 - 0x00007fff49b8b000 	C:\Windows\System32\WS2_32.dll
0x00007fff3d330000 - 0x00007fff3d357000 	C:\Windows\SYSTEM32\WINMM.dll
0x00007fff3f700000 - 0x00007fff3f70a000 	C:\Windows\SYSTEM32\VERSION.dll
0x00007fff46670000 - 0x00007fff46682000 	C:\Windows\SYSTEM32\UMPDC.dll
0x00007fff45120000 - 0x00007fff45132000 	C:\Windows\SYSTEM32\kernel.appcore.dll
0x00007fff2f6c0000 - 0x00007fff2f6ca000 	c:\Users\casa\.vscode\extensions\redhat.java-1.33.0-win32-x64\jre\17.0.11-win32-x86_64\bin\jimage.dll
0x00007fff3d430000 - 0x00007fff3d614000 	C:\Windows\SYSTEM32\DBGHELP.DLL
0x00007fff269f0000 - 0x00007fff26a24000 	C:\Windows\SYSTEM32\dbgcore.DLL
0x00007fff479a0000 - 0x00007fff47a22000 	C:\Windows\System32\bcryptPrimitives.dll
0x00007fff2ea20000 - 0x00007fff2ea2e000 	c:\Users\casa\.vscode\extensions\redhat.java-1.33.0-win32-x64\jre\17.0.11-win32-x86_64\bin\instrument.dll
0x00007fff27a10000 - 0x00007fff27a35000 	c:\Users\casa\.vscode\extensions\redhat.java-1.33.0-win32-x64\jre\17.0.11-win32-x86_64\bin\java.dll
0x00007fff2d980000 - 0x00007fff2d998000 	c:\Users\casa\.vscode\extensions\redhat.java-1.33.0-win32-x64\jre\17.0.11-win32-x86_64\bin\zip.dll
0x00007fff48ed0000 - 0x00007fff4963c000 	C:\Windows\System32\SHELL32.dll
0x00007fff45320000 - 0x00007fff45abe000 	C:\Windows\SYSTEM32\windows.storage.dll
0x00007fff49640000 - 0x00007fff49993000 	C:\Windows\System32\combase.dll
0x00007fff46ca0000 - 0x00007fff46cce000 	C:\Windows\SYSTEM32\Wldp.dll
0x00007fff48e00000 - 0x00007fff48ecd000 	C:\Windows\System32\OLEAUT32.dll
0x00007fff49a70000 - 0x00007fff49b1d000 	C:\Windows\System32\SHCORE.dll
0x00007fff48370000 - 0x00007fff483c5000 	C:\Windows\System32\shlwapi.dll
0x00007fff471b0000 - 0x00007fff471d4000 	C:\Windows\SYSTEM32\profapi.dll
0x00007fff2d220000 - 0x00007fff2d239000 	C:\Users\casa\.vscode\extensions\redhat.java-1.33.0-win32-x64\jre\17.0.11-win32-x86_64\bin\net.dll
0x00007fff40250000 - 0x00007fff4035a000 	C:\Windows\SYSTEM32\WINHTTP.dll
0x00007fff46a00000 - 0x00007fff46a6a000 	C:\Windows\system32\mswsock.dll
0x00007fff28f30000 - 0x00007fff28f46000 	C:\Users\casa\.vscode\extensions\redhat.java-1.33.0-win32-x64\jre\17.0.11-win32-x86_64\bin\nio.dll
0x00007fff2d8b0000 - 0x00007fff2d8c0000 	c:\Users\casa\.vscode\extensions\redhat.java-1.33.0-win32-x64\jre\17.0.11-win32-x86_64\bin\verify.dll
0x00007fff2f350000 - 0x00007fff2f395000 	C:\Users\casa\AppData\Roaming\Code\User\globalStorage\redhat.java\1.33.0\config_ss_win\org.eclipse.equinox.launcher\org.eclipse.equinox.launcher.win32.win32.x86_64_1.2.1100.v20240722-2106\eclipse_11904.dll
0x00007fff484a0000 - 0x00007fff485cb000 	C:\Windows\System32\ole32.dll
0x00007fff46c00000 - 0x00007fff46c18000 	C:\Windows\SYSTEM32\CRYPTSP.dll
0x00007fff462b0000 - 0x00007fff462e4000 	C:\Windows\system32\rsaenh.dll
0x00007fff47160000 - 0x00007fff4718e000 	C:\Windows\SYSTEM32\USERENV.dll
0x00007fff46bf0000 - 0x00007fff46bfc000 	C:\Windows\SYSTEM32\CRYPTBASE.dll
0x00007fff46690000 - 0x00007fff466cb000 	C:\Windows\SYSTEM32\IPHLPAPI.DLL
0x00007fff480f0000 - 0x00007fff480f8000 	C:\Windows\System32\NSI.dll
0x00007fff42fc0000 - 0x00007fff42fd7000 	C:\Windows\SYSTEM32\dhcpcsvc6.DLL
0x00007fff42fa0000 - 0x00007fff42fbd000 	C:\Windows\SYSTEM32\dhcpcsvc.DLL
0x00007fff466e0000 - 0x00007fff467aa000 	C:\Windows\SYSTEM32\DNSAPI.dll
0x00007fff2eca0000 - 0x00007fff2ece5000 	C:\Users\casa\AppData\Local\Temp\jna-3046188\jna6380187557546207346.dll
0x00007fff485d0000 - 0x00007fff485d8000 	C:\Windows\System32\PSAPI.DLL

dbghelp: loaded successfully - version: 4.0.5 - missing functions: none
symbol engine: initialized successfully - sym options: 0x614 - pdb path: .;c:\Users\casa\.vscode\extensions\redhat.java-1.33.0-win32-x64\jre\17.0.11-win32-x86_64\bin;C:\Windows\SYSTEM32;C:\Windows\WinSxS\amd64_microsoft.windows.common-controls_6595b64144ccf1df_6.0.19041.4355_none_60b8b9eb71f62e16;c:\Users\casa\.vscode\extensions\redhat.java-1.33.0-win32-x64\jre\17.0.11-win32-x86_64\bin\server;C:\Users\casa\AppData\Roaming\Code\User\globalStorage\redhat.java\1.33.0\config_ss_win\org.eclipse.equinox.launcher\org.eclipse.equinox.launcher.win32.win32.x86_64_1.2.1100.v20240722-2106;C:\Users\casa\AppData\Local\Temp\jna-3046188

VM Arguments:
jvm_args: --add-modules=ALL-SYSTEM --add-opens=java.base/java.util=ALL-UNNAMED --add-opens=java.base/java.lang=ALL-UNNAMED --add-opens=java.base/sun.nio.fs=ALL-UNNAMED -Declipse.application=org.eclipse.jdt.ls.core.id1 -Dosgi.bundles.defaultStartLevel=4 -Declipse.product=org.eclipse.jdt.ls.core.product -Djava.import.generatesMetadataFilesAtProjectRoot=false -DDetectVMInstallationsJob.disabled=true -Dfile.encoding=utf8 -XX:+UseParallelGC -XX:GCTimeRatio=4 -XX:AdaptiveSizePolicyWeight=90 -Dsun.zip.disableMemoryMapping=true -Xmx1G -Xms100m -Xlog:disable -javaagent:c:\Users\casa\.vscode\extensions\redhat.java-1.33.0-win32-x64\lombok\lombok-1.18.33.jar 
java_command: c:\Users\casa\.vscode\extensions\redhat.java-1.33.0-win32-x64\server\plugins\org.eclipse.equinox.launcher_1.6.900.v20240613-2009.jar -configuration c:\Users\casa\AppData\Roaming\Code\User\globalStorage\redhat.java\1.33.0\config_ss_win -data c:\Users\casa\AppData\Roaming\Code\User\workspaceStorage\b1975693204bc931bf0576c7e2e1fdcc\redhat.java\ss_ws --pipe=\\.\pipe\lsp-75e7142e1a5bf361a7a7bf4aebc7a24b-sock
java_class_path (initial): c:\Users\casa\.vscode\extensions\redhat.java-1.33.0-win32-x64\server\plugins\org.eclipse.equinox.launcher_1.6.900.v20240613-2009.jar
Launcher Type: SUN_STANDARD

[Global flags]
    uintx AdaptiveSizePolicyWeight                 = 90                                        {product} {command line}
     intx CICompilerCount                          = 12                                        {product} {ergonomic}
    uintx GCTimeRatio                              = 4                                         {product} {command line}
   size_t InitialHeapSize                          = 104857600                                 {product} {command line}
   size_t MaxHeapSize                              = 1073741824                                {product} {command line}
   size_t MaxNewSize                               = 357564416                                 {product} {ergonomic}
   size_t MinHeapDeltaBytes                        = 524288                                    {product} {ergonomic}
   size_t MinHeapSize                              = 104857600                                 {product} {command line}
   size_t NewSize                                  = 34603008                                  {product} {ergonomic}
    uintx NonNMethodCodeHeapSize                   = 7602480                                {pd product} {ergonomic}
    uintx NonProfiledCodeHeapSize                  = 122027880                              {pd product} {ergonomic}
   size_t OldSize                                  = 70254592                                  {product} {ergonomic}
    uintx ProfiledCodeHeapSize                     = 122027880                              {pd product} {ergonomic}
    uintx ReservedCodeCacheSize                    = 251658240                              {pd product} {ergonomic}
     bool SegmentedCodeCache                       = true                                      {product} {ergonomic}
   size_t SoftMaxHeapSize                          = 1073741824                             {manageable} {ergonomic}
     bool UseCompressedClassPointers               = true                           {product lp64_product} {ergonomic}
     bool UseCompressedOops                        = true                           {product lp64_product} {ergonomic}
     bool UseLargePagesIndividualAllocation        = false                                  {pd product} {ergonomic}
     bool UseParallelGC                            = true                                      {product} {command line}

Logging:
Log output configuration:
 #0: stdout all=off uptime,level,tags
 #1: stderr all=off uptime,level,tags

Environment Variables:
JAVA_HOME=D:\bk compu\bk compu\bk compu\vv\java\jdk-17.0.12
PATH=C:\Program Files\Common Files\Oracle\Java\javapath;C:\Windows\system32;C:\Windows;C:\Windows\System32\Wbem;C:\Windows\System32\WindowsPowerShell\v1.0\;C:\Windows\System32\OpenSSH\;C:\Program Files\NVIDIA Corporation\NVIDIA app\NvDLISR;C:\Program Files (x86)\NVIDIA Corporation\PhysX\Common;C:\Program Files\dotnet\;%JAVA_HOME%\bin;D:\bk compu\bk compu\bk compu\vv\java\gradle-8.9\bin;D:\bk compu\bk compu\bk compu\vv\java\selenium;C:\Program Files\nodejs\;C:\Program Files\Git\cmd;C:\Users\casa\AppData\Local\Microsoft\WindowsApps;D:\Users\casa\AppData\Local\Programs\Microsoft VS Code\bin;C:\Users\casa\AppData\Roaming\npm
USERNAME=casa
OS=Windows_NT
PROCESSOR_IDENTIFIER=AMD64 Family 23 Model 113 Stepping 0, AuthenticAMD
TMP=C:\Users\casa\AppData\Local\Temp
TEMP=C:\Users\casa\AppData\Local\Temp



Periodic native trim disabled


---------------  S Y S T E M  ---------------

OS:
 Windows 10 , 64 bit Build 19041 (10.0.19041.4597)
OS uptime: 4 days 1:48 hours

CPU: total 16 (initial active 16) (16 cores per cpu, 2 threads per core) family 23 model 113 stepping 0 microcode 0x0, cx8, cmov, fxsr, ht, mmx, 3dnowpref, sse, sse2, sse3, ssse3, sse4a, sse4.1, sse4.2, popcnt, lzcnt, tsc, tscinvbit, avx, avx2, aes, clmul, bmi1, bmi2, adx, sha, fma, vzeroupper, clflush, clflushopt
Processor Information for all 16 processors :
  Max Mhz: 3600, Current Mhz: 3600, Mhz Limit: 3600

Memory: 4k page, system-wide physical 16331M (3477M free)
TotalPageFile size 18379M (AvailPageFile size 5M)
current process WorkingSet (physical memory assigned to process): 146M, peak: 147M
current process commit charge ("private bytes"): 269M, peak: 271M

vm_info: OpenJDK 64-Bit Server VM (17.0.11+9) for windows-amd64 JRE (17.0.11+9), built on Apr 17 2024 06:07:48 by "admin" with MS VC++ 16.10 / 16.11 (VS2019)

END.
