#
# There is insufficient memory for the Java Runtime Environment to continue.
# Native memory allocation (malloc) failed to allocate 1038416 bytes for Chunk::new
# Possible reasons:
#   The system is out of physical RAM or swap space
#   The process is running with CompressedOops enabled, and the Java Heap may be blocking the growth of the native heap
# Possible solutions:
#   Reduce memory load on the system
#   Increase physical memory or swap space
#   Check if swap backing store is full
#   Decrease Java heap size (-Xmx/-Xms)
#   Decrease number of Java threads
#   Decrease Java thread stack sizes (-Xss)
#   Set larger code cache with -XX:ReservedCodeCacheSize=
#   JVM is running with Zero Based Compressed Oops mode in which the Java heap is
#     placed in the first 32GB address space. The Java Heap base address is the
#     maximum limit for the native heap growth. Please use -XX:HeapBaseMinAddress
#     to set the Java Heap base and to place the Java Heap above 32GB virtual address.
# This output file may be truncated or incomplete.
#
#  Out of Memory Error (arena.cpp:189), pid=15908, tid=22372
#
# JRE version: Java(TM) SE Runtime Environment (17.0.12+8) (build 17.0.12+8-LTS-286)
# Java VM: Java HotSpot(TM) 64-Bit Server VM (17.0.12+8-LTS-286, mixed mode, sharing, tiered, compressed oops, compressed class ptrs, g1 gc, windows-amd64)
# No core dump will be written. Minidumps are not enabled by default on client versions of Windows
#

---------------  S U M M A R Y ------------

Command Line: -ea -XX:+ShowCodeDetailsInExceptionMessages -Dfile.encoding=UTF-8 com.microsoft.java.test.runner.Launcher 49289 testng pages.FreeRangeTest#navegamosAFreeRangeTesters()

Host: AMD Ryzen 7 3700X 8-Core Processor             , 16 cores, 15G,  Windows 10 , 64 bit Build 19041 (10.0.19041.4597)
Time: Fri Aug  2 00:42:10 2024 Hora estándar de Argentina elapsed time: 0.437973 seconds (0d 0h 0m 0s)

---------------  T H R E A D  ---------------

Current thread (0x00000245c90271e0):  JavaThread "C2 CompilerThread0" daemon [_thread_in_native, id=22372, stack(0x000000508ed00000,0x000000508ee00000)]


Current CompileTask:
C2:    438  705       4       java.util.jar.JarFile::getEntry (35 bytes)

Stack: [0x000000508ed00000,0x000000508ee00000]
Native frames: (J=compiled Java code, j=interpreted, Vv=VM code, C=native code)
V  [jvm.dll+0x67a04a]
V  [jvm.dll+0x7da4ed]
V  [jvm.dll+0x7dbe33]
V  [jvm.dll+0x7dc4a3]
V  [jvm.dll+0x24508f]
V  [jvm.dll+0xab773]
V  [jvm.dll+0xabd3c]
V  [jvm.dll+0x361b9f]
V  [jvm.dll+0x1ba64a]
V  [jvm.dll+0x216997]
V  [jvm.dll+0x215c6f]
V  [jvm.dll+0x1a2960]
V  [jvm.dll+0x22610b]
V  [jvm.dll+0x2242ab]
V  [jvm.dll+0x79075c]
V  [jvm.dll+0x78abea]
V  [jvm.dll+0x678f35]
C  [ucrtbase.dll+0x21bb2]
C  [KERNEL32.DLL+0x17374]
C  [ntdll.dll+0x4cc91]


---------------  P R O C E S S  ---------------

Threads class SMR info:
_java_thread_list=0x00000245c99f07b0, length=15, elements={
0x00000245a574e840, 0x00000245c900e940, 0x00000245c9010c40, 0x00000245c9021840,
0x00000245c9025390, 0x00000245c9025c60, 0x00000245c9026530, 0x00000245c90271e0,
0x00000245c902b4b0, 0x00000245c90359f0, 0x00000245c9149e90, 0x00000245c916a1e0,
0x00000245c9194b50, 0x00000245c929c5a0, 0x00000245c9b870c0
}

Java Threads: ( => current thread )
  0x00000245a574e840 JavaThread "main" [_thread_in_vm, id=7444, stack(0x000000508e000000,0x000000508e100000)]
  0x00000245c900e940 JavaThread "Reference Handler" daemon [_thread_blocked, id=10108, stack(0x000000508e700000,0x000000508e800000)]
  0x00000245c9010c40 JavaThread "Finalizer" daemon [_thread_blocked, id=22224, stack(0x000000508e800000,0x000000508e900000)]
  0x00000245c9021840 JavaThread "Signal Dispatcher" daemon [_thread_blocked, id=1676, stack(0x000000508e900000,0x000000508ea00000)]
  0x00000245c9025390 JavaThread "Attach Listener" daemon [_thread_blocked, id=21636, stack(0x000000508ea00000,0x000000508eb00000)]
  0x00000245c9025c60 JavaThread "Service Thread" daemon [_thread_blocked, id=11880, stack(0x000000508eb00000,0x000000508ec00000)]
  0x00000245c9026530 JavaThread "Monitor Deflation Thread" daemon [_thread_blocked, id=12816, stack(0x000000508ec00000,0x000000508ed00000)]
=>0x00000245c90271e0 JavaThread "C2 CompilerThread0" daemon [_thread_in_native, id=22372, stack(0x000000508ed00000,0x000000508ee00000)]
  0x00000245c902b4b0 JavaThread "C1 CompilerThread0" daemon [_thread_blocked, id=16880, stack(0x000000508ee00000,0x000000508ef00000)]
  0x00000245c90359f0 JavaThread "Sweeper thread" daemon [_thread_blocked, id=1840, stack(0x000000508ef00000,0x000000508f000000)]
  0x00000245c9149e90 JavaThread "C1 CompilerThread1" daemon [_thread_blocked, id=20920, stack(0x000000508f000000,0x000000508f100000)]
  0x00000245c916a1e0 JavaThread "Notification Thread" daemon [_thread_blocked, id=22232, stack(0x000000508f100000,0x000000508f200000)]
  0x00000245c9194b50 JavaThread "Common-Cleaner" daemon [_thread_blocked, id=5836, stack(0x000000508f300000,0x000000508f400000)]
  0x00000245c929c5a0 JavaThread "C2 CompilerThread1" daemon [_thread_blocked, id=19872, stack(0x000000508f400000,0x000000508f500000)]
  0x00000245c9b870c0 JavaThread "C2 CompilerThread2" daemon [_thread_in_native, id=11968, stack(0x000000508f500000,0x000000508f600000)]

Other Threads:
  0x00000245c900adf0 VMThread "VM Thread" [stack: 0x000000508e600000,0x000000508e700000] [id=14132]
  0x00000245c918c6e0 WatcherThread [stack: 0x000000508f200000,0x000000508f300000] [id=19376]
  0x00000245a57bc680 GCTaskThread "GC Thread#0" [stack: 0x000000508e100000,0x000000508e200000] [id=9024]
  0x00000245a57ce430 ConcurrentGCThread "G1 Main Marker" [stack: 0x000000508e200000,0x000000508e300000] [id=13104]
  0x00000245a57cfb00 ConcurrentGCThread "G1 Conc#0" [stack: 0x000000508e300000,0x000000508e400000] [id=13044]
  0x00000245c8ebd620 ConcurrentGCThread "G1 Refine#0" [stack: 0x000000508e400000,0x000000508e500000] [id=22420]
  0x00000245c8ebde60 ConcurrentGCThread "G1 Service" [stack: 0x000000508e500000,0x000000508e600000] [id=14736]

Threads with active compile tasks:
C2 CompilerThread0      452  705       4       java.util.jar.JarFile::getEntry (35 bytes)
C2 CompilerThread2      452  706   !   4       jdk.internal.loader.URLClassPath$JarLoader::getResource (65 bytes)

VM state: not at safepoint (normal execution)

VM Mutex/Monitor currently owned by a thread: None

Heap address: 0x0000000700c00000, size: 4084 MB, Compressed Oops mode: Zero based, Oop shift amount: 3

CDS archive(s) mapped at: [0x00000245ca000000-0x00000245cabd0000-0x00000245cabd0000), size 12386304, SharedBaseAddress: 0x00000245ca000000, ArchiveRelocationMode: 1.
Compressed class space mapped at: 0x00000245cb000000-0x000002460b000000, reserved size: 1073741824
Narrow klass base: 0x00000245ca000000, Narrow klass shift: 0, Narrow klass range: 0x100000000

GC Precious Log:
 CPUs: 16 total, 16 available
 Memory: 16331M
 Large Page Support: Disabled
 NUMA Support: Disabled
 Compressed Oops: Enabled (Zero based)
 Heap Region Size: 2M
 Heap Min Capacity: 8M
 Heap Initial Capacity: 256M
 Heap Max Capacity: 4084M
 Pre-touch: Disabled
 Parallel Workers: 13
 Concurrent Workers: 3
 Concurrent Refinement Workers: 13
 Periodic GC: Disabled

Heap:
 garbage-first heap   total 262144K, used 16384K [0x0000000700c00000, 0x0000000800000000)
  region size 2048K, 9 young (18432K), 0 survivors (0K)
 Metaspace       used 5416K, committed 5568K, reserved 1114112K
  class space    used 562K, committed 640K, reserved 1048576K

Heap Regions: E=young(eden), S=young(survivor), O=old, HS=humongous(starts), HC=humongous(continues), CS=collection set, F=free, OA=open archive, CA=closed archive, TAMS=top-at-mark-start (previous, next)
|   0|0x0000000700c00000, 0x0000000700c00000, 0x0000000700e00000|  0%| F|  |TAMS 0x0000000700c00000, 0x0000000700c00000| Untracked 
|   1|0x0000000700e00000, 0x0000000700e00000, 0x0000000701000000|  0%| F|  |TAMS 0x0000000700e00000, 0x0000000700e00000| Untracked 
|   2|0x0000000701000000, 0x0000000701000000, 0x0000000701200000|  0%| F|  |TAMS 0x0000000701000000, 0x0000000701000000| Untracked 
|   3|0x0000000701200000, 0x0000000701200000, 0x0000000701400000|  0%| F|  |TAMS 0x0000000701200000, 0x0000000701200000| Untracked 
|   4|0x0000000701400000, 0x0000000701400000, 0x0000000701600000|  0%| F|  |TAMS 0x0000000701400000, 0x0000000701400000| Untracked 
|   5|0x0000000701600000, 0x0000000701600000, 0x0000000701800000|  0%| F|  |TAMS 0x0000000701600000, 0x0000000701600000| Untracked 
|   6|0x0000000701800000, 0x0000000701800000, 0x0000000701a00000|  0%| F|  |TAMS 0x0000000701800000, 0x0000000701800000| Untracked 
|   7|0x0000000701a00000, 0x0000000701a00000, 0x0000000701c00000|  0%| F|  |TAMS 0x0000000701a00000, 0x0000000701a00000| Untracked 
|   8|0x0000000701c00000, 0x0000000701c00000, 0x0000000701e00000|  0%| F|  |TAMS 0x0000000701c00000, 0x0000000701c00000| Untracked 
|   9|0x0000000701e00000, 0x0000000701e00000, 0x0000000702000000|  0%| F|  |TAMS 0x0000000701e00000, 0x0000000701e00000| Untracked 
|  10|0x0000000702000000, 0x0000000702000000, 0x0000000702200000|  0%| F|  |TAMS 0x0000000702000000, 0x0000000702000000| Untracked 
|  11|0x0000000702200000, 0x0000000702200000, 0x0000000702400000|  0%| F|  |TAMS 0x0000000702200000, 0x0000000702200000| Untracked 
|  12|0x0000000702400000, 0x0000000702400000, 0x0000000702600000|  0%| F|  |TAMS 0x0000000702400000, 0x0000000702400000| Untracked 
|  13|0x0000000702600000, 0x0000000702600000, 0x0000000702800000|  0%| F|  |TAMS 0x0000000702600000, 0x0000000702600000| Untracked 
|  14|0x0000000702800000, 0x0000000702800000, 0x0000000702a00000|  0%| F|  |TAMS 0x0000000702800000, 0x0000000702800000| Untracked 
|  15|0x0000000702a00000, 0x0000000702a00000, 0x0000000702c00000|  0%| F|  |TAMS 0x0000000702a00000, 0x0000000702a00000| Untracked 
|  16|0x0000000702c00000, 0x0000000702c00000, 0x0000000702e00000|  0%| F|  |TAMS 0x0000000702c00000, 0x0000000702c00000| Untracked 
|  17|0x0000000702e00000, 0x0000000702e00000, 0x0000000703000000|  0%| F|  |TAMS 0x0000000702e00000, 0x0000000702e00000| Untracked 
|  18|0x0000000703000000, 0x0000000703000000, 0x0000000703200000|  0%| F|  |TAMS 0x0000000703000000, 0x0000000703000000| Untracked 
|  19|0x0000000703200000, 0x0000000703200000, 0x0000000703400000|  0%| F|  |TAMS 0x0000000703200000, 0x0000000703200000| Untracked 
|  20|0x0000000703400000, 0x0000000703400000, 0x0000000703600000|  0%| F|  |TAMS 0x0000000703400000, 0x0000000703400000| Untracked 
|  21|0x0000000703600000, 0x0000000703600000, 0x0000000703800000|  0%| F|  |TAMS 0x0000000703600000, 0x0000000703600000| Untracked 
|  22|0x0000000703800000, 0x0000000703800000, 0x0000000703a00000|  0%| F|  |TAMS 0x0000000703800000, 0x0000000703800000| Untracked 
|  23|0x0000000703a00000, 0x0000000703a00000, 0x0000000703c00000|  0%| F|  |TAMS 0x0000000703a00000, 0x0000000703a00000| Untracked 
|  24|0x0000000703c00000, 0x0000000703c00000, 0x0000000703e00000|  0%| F|  |TAMS 0x0000000703c00000, 0x0000000703c00000| Untracked 
|  25|0x0000000703e00000, 0x0000000703e00000, 0x0000000704000000|  0%| F|  |TAMS 0x0000000703e00000, 0x0000000703e00000| Untracked 
|  26|0x0000000704000000, 0x0000000704000000, 0x0000000704200000|  0%| F|  |TAMS 0x0000000704000000, 0x0000000704000000| Untracked 
|  27|0x0000000704200000, 0x0000000704200000, 0x0000000704400000|  0%| F|  |TAMS 0x0000000704200000, 0x0000000704200000| Untracked 
|  28|0x0000000704400000, 0x0000000704400000, 0x0000000704600000|  0%| F|  |TAMS 0x0000000704400000, 0x0000000704400000| Untracked 
|  29|0x0000000704600000, 0x0000000704600000, 0x0000000704800000|  0%| F|  |TAMS 0x0000000704600000, 0x0000000704600000| Untracked 
|  30|0x0000000704800000, 0x0000000704800000, 0x0000000704a00000|  0%| F|  |TAMS 0x0000000704800000, 0x0000000704800000| Untracked 
|  31|0x0000000704a00000, 0x0000000704a00000, 0x0000000704c00000|  0%| F|  |TAMS 0x0000000704a00000, 0x0000000704a00000| Untracked 
|  32|0x0000000704c00000, 0x0000000704c00000, 0x0000000704e00000|  0%| F|  |TAMS 0x0000000704c00000, 0x0000000704c00000| Untracked 
|  33|0x0000000704e00000, 0x0000000704e00000, 0x0000000705000000|  0%| F|  |TAMS 0x0000000704e00000, 0x0000000704e00000| Untracked 
|  34|0x0000000705000000, 0x0000000705000000, 0x0000000705200000|  0%| F|  |TAMS 0x0000000705000000, 0x0000000705000000| Untracked 
|  35|0x0000000705200000, 0x0000000705200000, 0x0000000705400000|  0%| F|  |TAMS 0x0000000705200000, 0x0000000705200000| Untracked 
|  36|0x0000000705400000, 0x0000000705400000, 0x0000000705600000|  0%| F|  |TAMS 0x0000000705400000, 0x0000000705400000| Untracked 
|  37|0x0000000705600000, 0x0000000705600000, 0x0000000705800000|  0%| F|  |TAMS 0x0000000705600000, 0x0000000705600000| Untracked 
|  38|0x0000000705800000, 0x0000000705800000, 0x0000000705a00000|  0%| F|  |TAMS 0x0000000705800000, 0x0000000705800000| Untracked 
|  39|0x0000000705a00000, 0x0000000705a00000, 0x0000000705c00000|  0%| F|  |TAMS 0x0000000705a00000, 0x0000000705a00000| Untracked 
|  40|0x0000000705c00000, 0x0000000705c00000, 0x0000000705e00000|  0%| F|  |TAMS 0x0000000705c00000, 0x0000000705c00000| Untracked 
|  41|0x0000000705e00000, 0x0000000705e00000, 0x0000000706000000|  0%| F|  |TAMS 0x0000000705e00000, 0x0000000705e00000| Untracked 
|  42|0x0000000706000000, 0x0000000706000000, 0x0000000706200000|  0%| F|  |TAMS 0x0000000706000000, 0x0000000706000000| Untracked 
|  43|0x0000000706200000, 0x0000000706200000, 0x0000000706400000|  0%| F|  |TAMS 0x0000000706200000, 0x0000000706200000| Untracked 
|  44|0x0000000706400000, 0x0000000706400000, 0x0000000706600000|  0%| F|  |TAMS 0x0000000706400000, 0x0000000706400000| Untracked 
|  45|0x0000000706600000, 0x0000000706600000, 0x0000000706800000|  0%| F|  |TAMS 0x0000000706600000, 0x0000000706600000| Untracked 
|  46|0x0000000706800000, 0x0000000706800000, 0x0000000706a00000|  0%| F|  |TAMS 0x0000000706800000, 0x0000000706800000| Untracked 
|  47|0x0000000706a00000, 0x0000000706a00000, 0x0000000706c00000|  0%| F|  |TAMS 0x0000000706a00000, 0x0000000706a00000| Untracked 
|  48|0x0000000706c00000, 0x0000000706c00000, 0x0000000706e00000|  0%| F|  |TAMS 0x0000000706c00000, 0x0000000706c00000| Untracked 
|  49|0x0000000706e00000, 0x0000000706e00000, 0x0000000707000000|  0%| F|  |TAMS 0x0000000706e00000, 0x0000000706e00000| Untracked 
|  50|0x0000000707000000, 0x0000000707000000, 0x0000000707200000|  0%| F|  |TAMS 0x0000000707000000, 0x0000000707000000| Untracked 
|  51|0x0000000707200000, 0x0000000707200000, 0x0000000707400000|  0%| F|  |TAMS 0x0000000707200000, 0x0000000707200000| Untracked 
|  52|0x0000000707400000, 0x0000000707400000, 0x0000000707600000|  0%| F|  |TAMS 0x0000000707400000, 0x0000000707400000| Untracked 
|  53|0x0000000707600000, 0x0000000707600000, 0x0000000707800000|  0%| F|  |TAMS 0x0000000707600000, 0x0000000707600000| Untracked 
|  54|0x0000000707800000, 0x0000000707800000, 0x0000000707a00000|  0%| F|  |TAMS 0x0000000707800000, 0x0000000707800000| Untracked 
|  55|0x0000000707a00000, 0x0000000707a00000, 0x0000000707c00000|  0%| F|  |TAMS 0x0000000707a00000, 0x0000000707a00000| Untracked 
|  56|0x0000000707c00000, 0x0000000707c00000, 0x0000000707e00000|  0%| F|  |TAMS 0x0000000707c00000, 0x0000000707c00000| Untracked 
|  57|0x0000000707e00000, 0x0000000707e00000, 0x0000000708000000|  0%| F|  |TAMS 0x0000000707e00000, 0x0000000707e00000| Untracked 
|  58|0x0000000708000000, 0x0000000708000000, 0x0000000708200000|  0%| F|  |TAMS 0x0000000708000000, 0x0000000708000000| Untracked 
|  59|0x0000000708200000, 0x0000000708200000, 0x0000000708400000|  0%| F|  |TAMS 0x0000000708200000, 0x0000000708200000| Untracked 
|  60|0x0000000708400000, 0x0000000708400000, 0x0000000708600000|  0%| F|  |TAMS 0x0000000708400000, 0x0000000708400000| Untracked 
|  61|0x0000000708600000, 0x0000000708600000, 0x0000000708800000|  0%| F|  |TAMS 0x0000000708600000, 0x0000000708600000| Untracked 
|  62|0x0000000708800000, 0x0000000708800000, 0x0000000708a00000|  0%| F|  |TAMS 0x0000000708800000, 0x0000000708800000| Untracked 
|  63|0x0000000708a00000, 0x0000000708a00000, 0x0000000708c00000|  0%| F|  |TAMS 0x0000000708a00000, 0x0000000708a00000| Untracked 
|  64|0x0000000708c00000, 0x0000000708c00000, 0x0000000708e00000|  0%| F|  |TAMS 0x0000000708c00000, 0x0000000708c00000| Untracked 
|  65|0x0000000708e00000, 0x0000000708e00000, 0x0000000709000000|  0%| F|  |TAMS 0x0000000708e00000, 0x0000000708e00000| Untracked 
|  66|0x0000000709000000, 0x0000000709000000, 0x0000000709200000|  0%| F|  |TAMS 0x0000000709000000, 0x0000000709000000| Untracked 
|  67|0x0000000709200000, 0x0000000709200000, 0x0000000709400000|  0%| F|  |TAMS 0x0000000709200000, 0x0000000709200000| Untracked 
|  68|0x0000000709400000, 0x0000000709400000, 0x0000000709600000|  0%| F|  |TAMS 0x0000000709400000, 0x0000000709400000| Untracked 
|  69|0x0000000709600000, 0x0000000709600000, 0x0000000709800000|  0%| F|  |TAMS 0x0000000709600000, 0x0000000709600000| Untracked 
|  70|0x0000000709800000, 0x0000000709800000, 0x0000000709a00000|  0%| F|  |TAMS 0x0000000709800000, 0x0000000709800000| Untracked 
|  71|0x0000000709a00000, 0x0000000709a00000, 0x0000000709c00000|  0%| F|  |TAMS 0x0000000709a00000, 0x0000000709a00000| Untracked 
|  72|0x0000000709c00000, 0x0000000709c00000, 0x0000000709e00000|  0%| F|  |TAMS 0x0000000709c00000, 0x0000000709c00000| Untracked 
|  73|0x0000000709e00000, 0x0000000709e00000, 0x000000070a000000|  0%| F|  |TAMS 0x0000000709e00000, 0x0000000709e00000| Untracked 
|  74|0x000000070a000000, 0x000000070a000000, 0x000000070a200000|  0%| F|  |TAMS 0x000000070a000000, 0x000000070a000000| Untracked 
|  75|0x000000070a200000, 0x000000070a200000, 0x000000070a400000|  0%| F|  |TAMS 0x000000070a200000, 0x000000070a200000| Untracked 
|  76|0x000000070a400000, 0x000000070a400000, 0x000000070a600000|  0%| F|  |TAMS 0x000000070a400000, 0x000000070a400000| Untracked 
|  77|0x000000070a600000, 0x000000070a600000, 0x000000070a800000|  0%| F|  |TAMS 0x000000070a600000, 0x000000070a600000| Untracked 
|  78|0x000000070a800000, 0x000000070a800000, 0x000000070aa00000|  0%| F|  |TAMS 0x000000070a800000, 0x000000070a800000| Untracked 
|  79|0x000000070aa00000, 0x000000070aa00000, 0x000000070ac00000|  0%| F|  |TAMS 0x000000070aa00000, 0x000000070aa00000| Untracked 
|  80|0x000000070ac00000, 0x000000070ac00000, 0x000000070ae00000|  0%| F|  |TAMS 0x000000070ac00000, 0x000000070ac00000| Untracked 
|  81|0x000000070ae00000, 0x000000070ae00000, 0x000000070b000000|  0%| F|  |TAMS 0x000000070ae00000, 0x000000070ae00000| Untracked 
|  82|0x000000070b000000, 0x000000070b000000, 0x000000070b200000|  0%| F|  |TAMS 0x000000070b000000, 0x000000070b000000| Untracked 
|  83|0x000000070b200000, 0x000000070b200000, 0x000000070b400000|  0%| F|  |TAMS 0x000000070b200000, 0x000000070b200000| Untracked 
|  84|0x000000070b400000, 0x000000070b400000, 0x000000070b600000|  0%| F|  |TAMS 0x000000070b400000, 0x000000070b400000| Untracked 
|  85|0x000000070b600000, 0x000000070b600000, 0x000000070b800000|  0%| F|  |TAMS 0x000000070b600000, 0x000000070b600000| Untracked 
|  86|0x000000070b800000, 0x000000070b800000, 0x000000070ba00000|  0%| F|  |TAMS 0x000000070b800000, 0x000000070b800000| Untracked 
|  87|0x000000070ba00000, 0x000000070ba00000, 0x000000070bc00000|  0%| F|  |TAMS 0x000000070ba00000, 0x000000070ba00000| Untracked 
|  88|0x000000070bc00000, 0x000000070bc00000, 0x000000070be00000|  0%| F|  |TAMS 0x000000070bc00000, 0x000000070bc00000| Untracked 
|  89|0x000000070be00000, 0x000000070be00000, 0x000000070c000000|  0%| F|  |TAMS 0x000000070be00000, 0x000000070be00000| Untracked 
|  90|0x000000070c000000, 0x000000070c000000, 0x000000070c200000|  0%| F|  |TAMS 0x000000070c000000, 0x000000070c000000| Untracked 
|  91|0x000000070c200000, 0x000000070c200000, 0x000000070c400000|  0%| F|  |TAMS 0x000000070c200000, 0x000000070c200000| Untracked 
|  92|0x000000070c400000, 0x000000070c400000, 0x000000070c600000|  0%| F|  |TAMS 0x000000070c400000, 0x000000070c400000| Untracked 
|  93|0x000000070c600000, 0x000000070c600000, 0x000000070c800000|  0%| F|  |TAMS 0x000000070c600000, 0x000000070c600000| Untracked 
|  94|0x000000070c800000, 0x000000070c800000, 0x000000070ca00000|  0%| F|  |TAMS 0x000000070c800000, 0x000000070c800000| Untracked 
|  95|0x000000070ca00000, 0x000000070ca00000, 0x000000070cc00000|  0%| F|  |TAMS 0x000000070ca00000, 0x000000070ca00000| Untracked 
|  96|0x000000070cc00000, 0x000000070cc00000, 0x000000070ce00000|  0%| F|  |TAMS 0x000000070cc00000, 0x000000070cc00000| Untracked 
|  97|0x000000070ce00000, 0x000000070ce00000, 0x000000070d000000|  0%| F|  |TAMS 0x000000070ce00000, 0x000000070ce00000| Untracked 
|  98|0x000000070d000000, 0x000000070d000000, 0x000000070d200000|  0%| F|  |TAMS 0x000000070d000000, 0x000000070d000000| Untracked 
|  99|0x000000070d200000, 0x000000070d200000, 0x000000070d400000|  0%| F|  |TAMS 0x000000070d200000, 0x000000070d200000| Untracked 
| 100|0x000000070d400000, 0x000000070d400000, 0x000000070d600000|  0%| F|  |TAMS 0x000000070d400000, 0x000000070d400000| Untracked 
| 101|0x000000070d600000, 0x000000070d600000, 0x000000070d800000|  0%| F|  |TAMS 0x000000070d600000, 0x000000070d600000| Untracked 
| 102|0x000000070d800000, 0x000000070d800000, 0x000000070da00000|  0%| F|  |TAMS 0x000000070d800000, 0x000000070d800000| Untracked 
| 103|0x000000070da00000, 0x000000070da00000, 0x000000070dc00000|  0%| F|  |TAMS 0x000000070da00000, 0x000000070da00000| Untracked 
| 104|0x000000070dc00000, 0x000000070dc00000, 0x000000070de00000|  0%| F|  |TAMS 0x000000070dc00000, 0x000000070dc00000| Untracked 
| 105|0x000000070de00000, 0x000000070de00000, 0x000000070e000000|  0%| F|  |TAMS 0x000000070de00000, 0x000000070de00000| Untracked 
| 106|0x000000070e000000, 0x000000070e000000, 0x000000070e200000|  0%| F|  |TAMS 0x000000070e000000, 0x000000070e000000| Untracked 
| 107|0x000000070e200000, 0x000000070e200000, 0x000000070e400000|  0%| F|  |TAMS 0x000000070e200000, 0x000000070e200000| Untracked 
| 108|0x000000070e400000, 0x000000070e400000, 0x000000070e600000|  0%| F|  |TAMS 0x000000070e400000, 0x000000070e400000| Untracked 
| 109|0x000000070e600000, 0x000000070e600000, 0x000000070e800000|  0%| F|  |TAMS 0x000000070e600000, 0x000000070e600000| Untracked 
| 110|0x000000070e800000, 0x000000070e800000, 0x000000070ea00000|  0%| F|  |TAMS 0x000000070e800000, 0x000000070e800000| Untracked 
| 111|0x000000070ea00000, 0x000000070ea00000, 0x000000070ec00000|  0%| F|  |TAMS 0x000000070ea00000, 0x000000070ea00000| Untracked 
| 112|0x000000070ec00000, 0x000000070ec00000, 0x000000070ee00000|  0%| F|  |TAMS 0x000000070ec00000, 0x000000070ec00000| Untracked 
| 113|0x000000070ee00000, 0x000000070ee00000, 0x000000070f000000|  0%| F|  |TAMS 0x000000070ee00000, 0x000000070ee00000| Untracked 
| 114|0x000000070f000000, 0x000000070f000000, 0x000000070f200000|  0%| F|  |TAMS 0x000000070f000000, 0x000000070f000000| Untracked 
| 115|0x000000070f200000, 0x000000070f200000, 0x000000070f400000|  0%| F|  |TAMS 0x000000070f200000, 0x000000070f200000| Untracked 
| 116|0x000000070f400000, 0x000000070f400000, 0x000000070f600000|  0%| F|  |TAMS 0x000000070f400000, 0x000000070f400000| Untracked 
| 117|0x000000070f600000, 0x000000070f600000, 0x000000070f800000|  0%| F|  |TAMS 0x000000070f600000, 0x000000070f600000| Untracked 
| 118|0x000000070f800000, 0x000000070f800000, 0x000000070fa00000|  0%| F|  |TAMS 0x000000070f800000, 0x000000070f800000| Untracked 
| 119|0x000000070fa00000, 0x000000070fa71250, 0x000000070fc00000| 22%| E|  |TAMS 0x000000070fa00000, 0x000000070fa00000| Complete 
| 120|0x000000070fc00000, 0x000000070fe00000, 0x000000070fe00000|100%| E|CS|TAMS 0x000000070fc00000, 0x000000070fc00000| Complete 
| 121|0x000000070fe00000, 0x0000000710000000, 0x0000000710000000|100%| E|CS|TAMS 0x000000070fe00000, 0x000000070fe00000| Complete 
| 122|0x0000000710000000, 0x0000000710200000, 0x0000000710200000|100%| E|CS|TAMS 0x0000000710000000, 0x0000000710000000| Complete 
| 123|0x0000000710200000, 0x0000000710400000, 0x0000000710400000|100%| E|CS|TAMS 0x0000000710200000, 0x0000000710200000| Complete 
| 124|0x0000000710400000, 0x0000000710600000, 0x0000000710600000|100%| E|CS|TAMS 0x0000000710400000, 0x0000000710400000| Complete 
| 125|0x0000000710600000, 0x0000000710800000, 0x0000000710800000|100%| E|CS|TAMS 0x0000000710600000, 0x0000000710600000| Complete 
| 126|0x0000000710800000, 0x0000000710a00000, 0x0000000710a00000|100%| E|CS|TAMS 0x0000000710800000, 0x0000000710800000| Complete 
| 127|0x0000000710a00000, 0x0000000710c00000, 0x0000000710c00000|100%| E|CS|TAMS 0x0000000710a00000, 0x0000000710a00000| Complete 

Card table byte_map: [0x00000245bd080000,0x00000245bd880000] _byte_map_base: 0x00000245b987a000

Marking Bits (Prev, Next): (CMBitMap*) 0x00000245a57bdbc0, (CMBitMap*) 0x00000245a57bdc00
 Prev Bits: [0x00000245be080000, 0x00000245c2050000)
 Next Bits: [0x00000245c2050000, 0x00000245c6020000)

Polling page: 0x00000245a36f0000

Metaspace:

Usage:
  Non-class:      4.76 MB used.
      Class:    567.12 KB used.
       Both:      5.31 MB used.

Virtual space:
  Non-class space:       64.00 MB reserved,       4.81 MB (  8%) committed,  1 nodes.
      Class space:        1.00 GB reserved,     640.00 KB ( <1%) committed,  1 nodes.
             Both:        1.06 GB reserved,       5.44 MB ( <1%) committed. 

Chunk freelists:
   Non-Class:  10.69 MB
       Class:  15.39 MB
        Both:  26.08 MB

MaxMetaspaceSize: unlimited
CompressedClassSpaceSize: 1.00 GB
Initial GC threshold: 21.00 MB
Current GC threshold: 21.00 MB
CDS: on
MetaspaceReclaimPolicy: balanced
 - commit_granule_bytes: 65536.
 - commit_granule_words: 8192.
 - virtual_space_node_default_size: 8388608.
 - enlarge_chunks_in_place: 1.
 - new_chunks_are_fully_committed: 0.
 - uncommit_free_chunks: 1.
 - use_allocation_guard: 0.
 - handle_deallocations: 1.


Internal statistics:

num_allocs_failed_limit: 0.
num_arena_births: 128.
num_arena_deaths: 0.
num_vsnodes_births: 2.
num_vsnodes_deaths: 0.
num_space_committed: 87.
num_space_uncommitted: 0.
num_chunks_returned_to_freelist: 0.
num_chunks_taken_from_freelist: 223.
num_chunk_merges: 0.
num_chunk_splits: 143.
num_chunks_enlarged: 90.
num_inconsistent_stats: 0.

CodeHeap 'non-profiled nmethods': size=119168Kb used=368Kb max_used=368Kb free=118800Kb
 bounds [0x00000245b4ba0000, 0x00000245b4e10000, 0x00000245bc000000]
CodeHeap 'profiled nmethods': size=119104Kb used=1937Kb max_used=1937Kb free=117166Kb
 bounds [0x00000245ad000000, 0x00000245ad270000, 0x00000245b4450000]
CodeHeap 'non-nmethods': size=7488Kb used=1723Kb max_used=1741Kb free=5765Kb
 bounds [0x00000245b4450000, 0x00000245b46c0000, 0x00000245b4ba0000]
 total_blobs=1530 nmethods=1080 adapters=362
 compilation: enabled
              stopped_count=0, restarted_count=0
 full_count=0

Compilation events (20 events):
Event: 0.432 Thread 0x00000245c9149e90 nmethod 1046 0x00000245ad1da490 code [0x00000245ad1da700, 0x00000245ad1db118]
Event: 0.432 Thread 0x00000245c9149e90 1047       3       java.lang.invoke.MethodHandle::intrinsicName (4 bytes)
Event: 0.432 Thread 0x00000245c9149e90 nmethod 1047 0x00000245ad1db410 code [0x00000245ad1db5a0, 0x00000245ad1db6b8]
Event: 0.432 Thread 0x00000245c902b4b0 nmethod 1044 0x00000245ad1db790 code [0x00000245ad1dba40, 0x00000245ad1dc948]
Event: 0.433 Thread 0x00000245c902b4b0 1050       3       java.lang.ref.SoftReference::<init> (13 bytes)
Event: 0.433 Thread 0x00000245c9149e90 1051   !   3       jdk.internal.loader.BuiltinClassLoader::findClassOnClassPathOrNull (64 bytes)
Event: 0.433 Thread 0x00000245c902b4b0 nmethod 1050 0x00000245ad1dcd90 code [0x00000245ad1dcf40, 0x00000245ad1dd278]
Event: 0.434 Thread 0x00000245c9149e90 nmethod 1051 0x00000245ad1dd390 code [0x00000245ad1dd760, 0x00000245ad1def48]
Event: 0.435 Thread 0x00000245c929c5a0 nmethod 919 0x00000245b4bf5490 code [0x00000245b4bf5680, 0x00000245b4bf6a88]
Event: 0.435 Thread 0x00000245c929c5a0  976       4       java.lang.invoke.MethodType::parameterCount (6 bytes)
Event: 0.435 Thread 0x00000245c929c5a0 nmethod 976 0x00000245b4bf7210 code [0x00000245b4bf7380, 0x00000245b4bf7418]
Event: 0.435 Thread 0x00000245c929c5a0 1045       4       java.lang.invoke.MemberName::getReferenceKind (12 bytes)
Event: 0.435 Thread 0x00000245c929c5a0 nmethod 1045 0x00000245b4bf7510 code [0x00000245b4bf7680, 0x00000245b4bf76f8]
Event: 0.435 Thread 0x00000245c929c5a0  968       4       java.lang.AbstractStringBuilder::<init> (39 bytes)
Event: 0.435 Thread 0x00000245c9149e90 1052       3       java.util.HashMap$HashIterator::<init> (79 bytes)
Event: 0.435 Thread 0x00000245c9149e90 nmethod 1052 0x00000245ad1df810 code [0x00000245ad1df9c0, 0x00000245ad1dfe18]
Event: 0.436 Thread 0x00000245c9149e90 1053       3       java.lang.Class::getReflectionFactory (26 bytes)
Event: 0.436 Thread 0x00000245c9149e90 nmethod 1053 0x00000245ad1dff90 code [0x00000245ad1e01c0, 0x00000245ad1e09b8]
Event: 0.436 Thread 0x00000245c929c5a0 nmethod 968 0x00000245b4bf7810 code [0x00000245b4bf79a0, 0x00000245b4bf7bf8]
Event: 0.436 Thread 0x00000245c929c5a0 1018       4       java.lang.String::toString (2 bytes)

GC Heap History (0 events):
No events

Deoptimization events (20 events):
Event: 0.210 Thread 0x00000245a574e840 DEOPT PACKING pc=0x00000245ad042168 sp=0x000000508e0fdec0
Event: 0.210 Thread 0x00000245a574e840 DEOPT UNPACKING pc=0x00000245b44a2b43 sp=0x000000508e0fd350 mode 0
Event: 0.229 Thread 0x00000245a574e840 Uncommon trap: trap_request=0xffffff6e fr.pc=0x00000245b4bc16f4 relative=0x0000000000000274
Event: 0.229 Thread 0x00000245a574e840 Uncommon trap: reason=loop_limit_check action=maybe_recompile pc=0x00000245b4bc16f4 method=java.math.BigInteger.implMulAdd([I[IIII)I @ 26 c2
Event: 0.229 Thread 0x00000245a574e840 DEOPT PACKING pc=0x00000245b4bc16f4 sp=0x000000508e0fd840
Event: 0.229 Thread 0x00000245a574e840 DEOPT UNPACKING pc=0x00000245b44a23a3 sp=0x000000508e0fd790 mode 2
Event: 0.248 Thread 0x00000245a574e840 DEOPT PACKING pc=0x00000245ad020b2d sp=0x000000508e0fe010
Event: 0.248 Thread 0x00000245a574e840 DEOPT UNPACKING pc=0x00000245b44a2b43 sp=0x000000508e0fd4a8 mode 0
Event: 0.319 Thread 0x00000245a574e840 Uncommon trap: trap_request=0xffffff45 fr.pc=0x00000245b4ba9664 relative=0x0000000000000064
Event: 0.319 Thread 0x00000245a574e840 Uncommon trap: reason=unstable_if action=reinterpret pc=0x00000245b4ba9664 method=java.io.WinNTFileSystem.isSlash(C)Z @ 9 c2
Event: 0.319 Thread 0x00000245a574e840 DEOPT PACKING pc=0x00000245b4ba9664 sp=0x000000508e0fde00
Event: 0.319 Thread 0x00000245a574e840 DEOPT UNPACKING pc=0x00000245b44a23a3 sp=0x000000508e0fdd88 mode 2
Event: 0.326 Thread 0x00000245a574e840 DEOPT PACKING pc=0x00000245ad01cfe5 sp=0x000000508e0fc770
Event: 0.326 Thread 0x00000245a574e840 DEOPT UNPACKING pc=0x00000245b44a2b43 sp=0x000000508e0fbbc0 mode 0
Event: 0.330 Thread 0x00000245a574e840 DEOPT PACKING pc=0x00000245ad01cfe5 sp=0x000000508e0fdad0
Event: 0.330 Thread 0x00000245a574e840 DEOPT UNPACKING pc=0x00000245b44a2b43 sp=0x000000508e0fcf20 mode 0
Event: 0.386 Thread 0x00000245a574e840 DEOPT PACKING pc=0x00000245ad01e4be sp=0x000000508e0fddd0
Event: 0.386 Thread 0x00000245a574e840 DEOPT UNPACKING pc=0x00000245b44a2b43 sp=0x000000508e0fd248 mode 0
Event: 0.390 Thread 0x00000245a574e840 DEOPT PACKING pc=0x00000245ad02b8eb sp=0x000000508e0fa8d0
Event: 0.390 Thread 0x00000245a574e840 DEOPT UNPACKING pc=0x00000245b44a2b43 sp=0x000000508e0f9d30 mode 0

Classes unloaded (0 events):
No events

Classes redefined (0 events):
No events

Internal exceptions (15 events):
Event: 0.242 Thread 0x00000245a574e840 Exception <a 'java/lang/NoSuchMethodError'{0x0000000710257280}: 'java.lang.Object java.lang.invoke.DirectMethodHandle$Holder.invokeStaticInit(java.lang.Object)'> (0x0000000710257280) 
thrown [s\open\src\hotspot\share\interpreter\linkResolver.cpp, line 759]
Event: 0.246 Thread 0x00000245a574e840 Exception <a 'java/lang/NoSuchMethodError'{0x00000007102648d8}: 'void java.lang.invoke.DirectMethodHandle$Holder.invokeStatic(java.lang.Object, java.lang.Object)'> (0x00000007102648d8) 
thrown [s\open\src\hotspot\share\interpreter\linkResolver.cpp, line 759]
Event: 0.257 Thread 0x00000245a574e840 Exception <a 'java/lang/NoSuchMethodError'{0x00000007102cc480}: 'java.lang.Object java.lang.invoke.DirectMethodHandle$Holder.invokeStaticInit(java.lang.Object, int, int, int, int)'> (0x00000007102cc480) 
thrown [s\open\src\hotspot\share\interpreter\linkResolver.cpp, line 759]
Event: 0.293 Thread 0x00000245a574e840 Exception <a 'java/lang/NoSuchMethodError'{0x00000007102f4488}: 'java.lang.Object java.lang.invoke.DirectMethodHandle$Holder.invokeStaticInit(java.lang.Object, java.lang.Object, int, int, int, int)'> (0x00000007102f4488) 
thrown [s\open\src\hotspot\share\interpreter\linkResolver.cpp, line 759]
Event: 0.334 Thread 0x00000245a574e840 Exception <a 'java/lang/NoSuchMethodError'{0x00000007100bbf30}: 'int java.lang.invoke.DirectMethodHandle$Holder.invokeStaticInit(java.lang.Object, java.lang.Object)'> (0x00000007100bbf30) 
thrown [s\open\src\hotspot\share\interpreter\linkResolver.cpp, line 759]
Event: 0.355 Thread 0x00000245a574e840 Exception <a 'java/lang/NoSuchMethodError'{0x00000007101c3c38}: 'void java.lang.invoke.DirectMethodHandle$Holder.invokeStatic(java.lang.Object, java.lang.Object, java.lang.Object, java.lang.Object)'> (0x00000007101c3c38) 
thrown [s\open\src\hotspot\share\interpreter\linkResolver.cpp, line 759]
Event: 0.367 Thread 0x00000245a574e840 Exception <a 'java/lang/NoSuchMethodError'{0x000000070fe3ccf8}: 'int java.lang.invoke.DirectMethodHandle$Holder.invokeVirtual(java.lang.Object, java.lang.Object)'> (0x000000070fe3ccf8) 
thrown [s\open\src\hotspot\share\interpreter\linkResolver.cpp, line 759]
Event: 0.369 Thread 0x00000245a574e840 Exception <a 'java/lang/NoSuchMethodError'{0x000000070fe46a58}: 'java.lang.Object java.lang.invoke.Invokers$Holder.invokeExact_MT(java.lang.Object, java.lang.Object, java.lang.Object, java.lang.Object, java.lang.Object, java.lang.Object)'> (0x000000070fe46a58) 
thrown [s\open\src\hotspot\share\interpreter\linkResolver.cpp, line 759]
Event: 0.382 Thread 0x00000245a574e840 Exception <a 'java/lang/NoSuchMethodError'{0x000000070fed7a50}: 'java.lang.Object java.lang.invoke.DirectMethodHandle$Holder.invokeSpecial(java.lang.Object, java.lang.Object, java.lang.Object, int, java.lang.Object)'> (0x000000070fed7a50) 
thrown [s\open\src\hotspot\share\interpreter\linkResolver.cpp, line 759]
Event: 0.388 Thread 0x00000245a574e840 Exception <a 'java/lang/NoSuchMethodError'{0x000000070ff2da80}: 'int java.lang.invoke.DirectMethodHandle$Holder.invokeStaticInit(java.lang.Object, java.lang.Object, java.lang.Object)'> (0x000000070ff2da80) 
thrown [s\open\src\hotspot\share\interpreter\linkResolver.cpp, line 759]
Event: 0.429 Thread 0x00000245a574e840 Exception <a 'java/lang/NoSuchMethodError'{0x000000070fd05530}: 'java.lang.Object java.lang.invoke.DirectMethodHandle$Holder.invokeInterface(java.lang.Object, java.lang.Object)'> (0x000000070fd05530) 
thrown [s\open\src\hotspot\share\interpreter\linkResolver.cpp, line 759]
Event: 0.429 Thread 0x00000245a574e840 Exception <a 'java/lang/IncompatibleClassChangeError'{0x000000070fd08d28}: Found class java.lang.Object, but interface was expected> (0x000000070fd08d28) 
thrown [s\open\src\hotspot\share\interpreter\linkResolver.cpp, line 826]
Event: 0.432 Thread 0x00000245a574e840 Exception <a 'java/lang/NoSuchMethodError'{0x000000070fd24418}: 'java.lang.Object java.lang.invoke.DirectMethodHandle$Holder.invokeSpecial(java.lang.Object, java.lang.Object, java.lang.Object, java.lang.Object, java.lang.Object, java.lang.Object, java.lang.Object, java.lang.Object, java.lang.Object, java.lang.Object)'> (0x000000070fd24418) 
thrown [s\open\src\hotspot\share\interpreter\linkResolver.cpp, line 759]
Event: 0.433 Thread 0x00000245a574e840 Exception <a 'java/lang/NoSuchMethodError'{0x000000070fd2f0f8}: 'java.lang.Object java.lang.invoke.DirectMethodHandle$Holder.newInvokeSpecial(java.lang.Object, java.lang.Object, java.lang.Object, java.lang.Object, java.lang.Object, java.lang.Object, java.lang.Object, java.lang.Object, java.lang.Object)'> (0x000000070fd2f0f8) 
thrown [s\open\src\hotspot\share\interpreter\linkResolver.cpp, line 759]
Event: 0.433 Thread 0x00000245a574e840 Exception <a 'java/lang/NoSuchMethodError'{0x000000070fd34448}: 'java.lang.Object java.lang.invoke.Invokers$Holder.linkToTargetMethod(java.lang.Object, java.lang.Object, java.lang.Object, java.lang.Object, java.lang.Object, java.lang.Object, java.lang.Object, java.lang.Object, java.lang.Object)'> (0x000000070fd34448) 
thrown [s\open\src\hotspot\share\interpreter\linkResolver.cpp, line 759]

VM Operations (12 events):
Event: 0.125 Executing VM operation: HandshakeAllThreads
Event: 0.125 Executing VM operation: HandshakeAllThreads done
Event: 0.186 Executing VM operation: HandshakeAllThreads
Event: 0.187 Executing VM operation: HandshakeAllThreads done
Event: 0.241 Executing VM operation: HandshakeAllThreads
Event: 0.241 Executing VM operation: HandshakeAllThreads done
Event: 0.313 Executing VM operation: HandshakeAllThreads
Event: 0.313 Executing VM operation: HandshakeAllThreads done
Event: 0.319 Executing VM operation: HandshakeAllThreads
Event: 0.319 Executing VM operation: HandshakeAllThreads done
Event: 0.426 Executing VM operation: HandshakeAllThreads
Event: 0.426 Executing VM operation: HandshakeAllThreads done

Events (20 events):
Event: 0.415 loading class java/lang/reflect/ProxyGenerator$ProxyMethod
Event: 0.415 loading class java/lang/reflect/ProxyGenerator$ProxyMethod done
Event: 0.416 loading class java/lang/reflect/ProxyGenerator$PrimitiveTypeInfo
Event: 0.416 loading class java/lang/reflect/ProxyGenerator$PrimitiveTypeInfo done
Event: 0.416 loading class jdk/internal/org/objectweb/asm/Edge
Event: 0.416 loading class jdk/internal/org/objectweb/asm/Edge done
Event: 0.417 loading class java/lang/reflect/Proxy$ProxyBuilder$1
Event: 0.417 loading class java/lang/reflect/Proxy$ProxyBuilder$1 done
Event: 0.417 loading class java/lang/annotation/Target
Event: 0.417 loading class java/lang/annotation/Target done
Event: 0.420 loading class java/lang/reflect/UndeclaredThrowableException
Event: 0.420 loading class java/lang/reflect/UndeclaredThrowableException done
Event: 0.421 loading class java/lang/annotation/Documented
Event: 0.421 loading class java/lang/annotation/Documented done
Event: 0.435 loading class java/lang/Class$AnnotationData
Event: 0.435 loading class java/lang/Class$AnnotationData done
Event: 0.435 loading class java/lang/Package$1PackageInfoProxy
Event: 0.435 loading class java/lang/Package$1PackageInfoProxy done
Event: 0.435 loading class jdk/internal/vm/annotation/IntrinsicCandidate
Event: 0.435 loading class jdk/internal/vm/annotation/IntrinsicCandidate done


Dynamic libraries:
0x00007ff7300e0000 - 0x00007ff7300f0000 	D:\bk compu\bk compu\bk compu\vv\java\jdk-17.0.12\bin\java.exe
0x00007ffe8c230000 - 0x00007ffe8c428000 	C:\Windows\SYSTEM32\ntdll.dll
0x00007ffe8afc0000 - 0x00007ffe8b081000 	C:\Windows\System32\KERNEL32.DLL
0x00007ffe898e0000 - 0x00007ffe89bd6000 	C:\Windows\System32\KERNELBASE.dll
0x00007ffe89e90000 - 0x00007ffe89f90000 	C:\Windows\System32\ucrtbase.dll
0x00007ffe82a00000 - 0x00007ffe82a19000 	D:\bk compu\bk compu\bk compu\vv\java\jdk-17.0.12\bin\jli.dll
0x00007ffe82a20000 - 0x00007ffe82a3b000 	D:\bk compu\bk compu\bk compu\vv\java\jdk-17.0.12\bin\VCRUNTIME140.dll
0x00007ffe8bdf0000 - 0x00007ffe8bea0000 	C:\Windows\System32\ADVAPI32.dll
0x00007ffe8a6d0000 - 0x00007ffe8a76e000 	C:\Windows\System32\msvcrt.dll
0x00007ffe8b090000 - 0x00007ffe8b130000 	C:\Windows\System32\sechost.dll
0x00007ffe8a820000 - 0x00007ffe8a943000 	C:\Windows\System32\RPCRT4.dll
0x00007ffe89d00000 - 0x00007ffe89d27000 	C:\Windows\System32\bcrypt.dll
0x00007ffe8a950000 - 0x00007ffe8aaef000 	C:\Windows\System32\USER32.dll
0x00007ffe8a130000 - 0x00007ffe8a152000 	C:\Windows\System32\win32u.dll
0x00007ffe8af90000 - 0x00007ffe8afbb000 	C:\Windows\System32\GDI32.dll
0x00007ffe89be0000 - 0x00007ffe89cf7000 	C:\Windows\System32\gdi32full.dll
0x00007ffe7d730000 - 0x00007ffe7d9ca000 	C:\Windows\WinSxS\amd64_microsoft.windows.common-controls_6595b64144ccf1df_6.0.19041.4355_none_60b8b9eb71f62e16\COMCTL32.dll
0x00007ffe8a020000 - 0x00007ffe8a0bd000 	C:\Windows\System32\msvcp_win.dll
0x00007ffe815e0000 - 0x00007ffe815ea000 	C:\Windows\SYSTEM32\VERSION.dll
0x00007ffe8ba60000 - 0x00007ffe8ba8f000 	C:\Windows\System32\IMM32.DLL
0x00007ffe833c0000 - 0x00007ffe833cc000 	D:\bk compu\bk compu\bk compu\vv\java\jdk-17.0.12\bin\vcruntime140_1.dll
0x00007ffe582b0000 - 0x00007ffe5833e000 	D:\bk compu\bk compu\bk compu\vv\java\jdk-17.0.12\bin\msvcp140.dll
0x00007ffdfd830000 - 0x00007ffdfe410000 	D:\bk compu\bk compu\bk compu\vv\java\jdk-17.0.12\bin\server\jvm.dll
0x00007ffe8ba90000 - 0x00007ffe8ba98000 	C:\Windows\System32\PSAPI.DLL
0x00007ffe7b600000 - 0x00007ffe7b627000 	C:\Windows\SYSTEM32\WINMM.dll
0x00007ffe813b0000 - 0x00007ffe813b9000 	C:\Windows\SYSTEM32\WSOCK32.dll
0x00007ffe8b140000 - 0x00007ffe8b1ab000 	C:\Windows\System32\WS2_32.dll
0x00007ffe87780000 - 0x00007ffe87792000 	C:\Windows\SYSTEM32\kernel.appcore.dll
0x00007ffe82de0000 - 0x00007ffe82dea000 	D:\bk compu\bk compu\bk compu\vv\java\jdk-17.0.12\bin\jimage.dll
0x00007ffe7fb60000 - 0x00007ffe7fd44000 	C:\Windows\SYSTEM32\DBGHELP.DLL
0x00007ffe74920000 - 0x00007ffe74954000 	C:\Windows\SYSTEM32\dbgcore.DLL
0x00007ffe89f90000 - 0x00007ffe8a012000 	C:\Windows\System32\bcryptPrimitives.dll
0x00007ffe6f220000 - 0x00007ffe6f245000 	D:\bk compu\bk compu\bk compu\vv\java\jdk-17.0.12\bin\java.dll
0x00007ffe01780000 - 0x00007ffe01857000 	D:\bk compu\bk compu\bk compu\vv\java\jdk-17.0.12\bin\jsvml.dll
0x00007ffe8b1b0000 - 0x00007ffe8b91c000 	C:\Windows\System32\SHELL32.dll
0x00007ffe87980000 - 0x00007ffe8811e000 	C:\Windows\SYSTEM32\windows.storage.dll
0x00007ffe8ac30000 - 0x00007ffe8af83000 	C:\Windows\System32\combase.dll
0x00007ffe89300000 - 0x00007ffe8932e000 	C:\Windows\SYSTEM32\Wldp.dll
0x00007ffe8b930000 - 0x00007ffe8b9fd000 	C:\Windows\System32\OLEAUT32.dll
0x00007ffe8c140000 - 0x00007ffe8c1ed000 	C:\Windows\System32\SHCORE.dll
0x00007ffe8aaf0000 - 0x00007ffe8ab45000 	C:\Windows\System32\shlwapi.dll
0x00007ffe89810000 - 0x00007ffe89834000 	C:\Windows\SYSTEM32\profapi.dll
0x00007ffe63da0000 - 0x00007ffe63db9000 	D:\bk compu\bk compu\bk compu\vv\java\jdk-17.0.12\bin\net.dll
0x00007ffe82600000 - 0x00007ffe8270a000 	C:\Windows\SYSTEM32\WINHTTP.dll
0x00007ffe89060000 - 0x00007ffe890ca000 	C:\Windows\system32\mswsock.dll
0x00007ffe63d80000 - 0x00007ffe63d96000 	D:\bk compu\bk compu\bk compu\vv\java\jdk-17.0.12\bin\nio.dll
0x00007ffe69760000 - 0x00007ffe69778000 	D:\bk compu\bk compu\bk compu\vv\java\jdk-17.0.12\bin\zip.dll
0x00007ffe89260000 - 0x00007ffe89278000 	C:\Windows\SYSTEM32\CRYPTSP.dll
0x00007ffe88910000 - 0x00007ffe88944000 	C:\Windows\system32\rsaenh.dll
0x00007ffe897c0000 - 0x00007ffe897ee000 	C:\Windows\SYSTEM32\USERENV.dll
0x00007ffe89250000 - 0x00007ffe8925c000 	C:\Windows\SYSTEM32\CRYPTBASE.dll
0x00007ffe88cf0000 - 0x00007ffe88d2b000 	C:\Windows\SYSTEM32\IPHLPAPI.DLL
0x00007ffe8b920000 - 0x00007ffe8b928000 	C:\Windows\System32\NSI.dll
0x00007ffe85770000 - 0x00007ffe85787000 	C:\Windows\SYSTEM32\dhcpcsvc6.DLL
0x00007ffe84510000 - 0x00007ffe8452d000 	C:\Windows\SYSTEM32\dhcpcsvc.DLL
0x00007ffe88d40000 - 0x00007ffe88e0a000 	C:\Windows\SYSTEM32\DNSAPI.dll

dbghelp: loaded successfully - version: 4.0.5 - missing functions: none
symbol engine: initialized successfully - sym options: 0x614 - pdb path: .;D:\bk compu\bk compu\bk compu\vv\java\jdk-17.0.12\bin;C:\Windows\SYSTEM32;C:\Windows\WinSxS\amd64_microsoft.windows.common-controls_6595b64144ccf1df_6.0.19041.4355_none_60b8b9eb71f62e16;D:\bk compu\bk compu\bk compu\vv\java\jdk-17.0.12\bin\server

VM Arguments:
jvm_args: -ea -XX:+ShowCodeDetailsInExceptionMessages -Dfile.encoding=UTF-8 
java_command: com.microsoft.java.test.runner.Launcher 49289 testng pages.FreeRangeTest#navegamosAFreeRangeTesters()
java_class_path (initial): d:\bk compu\bk compu\bk compu\automation\proyectos\SeleniumFree\bin\main;d:\bk compu\bk compu\bk compu\automation\proyectos\SeleniumFree\bin\test;\SeleniumFree\bin\default;c:\Users\casa\.gradle\caches\modules-2\files-2.1\org.seleniumhq.selenium\selenium-java\4.23.0\2cc38c8dbef9d6e8774f05c2d2e8088180858ed4\selenium-java-4.23.0.jar;c:\Users\casa\.gradle\caches\modules-2\files-2.1\io.github.bonigarcia\webdrivermanager\5.9.2\61d2d9413ab230f401d2e9aac3bca0baf02b143c\webdrivermanager-5.9.2.jar;c:\Users\casa\.gradle\caches\modules-2\files-2.1\io.cucumber\cucumber-java\7.18.1\d82edc1b8c38e0582fdfceabb66d080eb706b734\cucumber-java-7.18.1.jar;c:\Users\casa\.gradle\caches\modules-2\files-2.1\org.seleniumhq.selenium\selenium-chrome-driver\4.23.0\bbd1b1defdf733cfc6bcf7eb8f04ef6752dfaf12\selenium-chrome-driver-4.23.0.jar;c:\Users\casa\.gradle\caches\modules-2\files-2.1\org.seleniumhq.selenium\selenium-devtools-v125\4.23.0\e4972154992319d39384bb85e69264ee6312cec0\selenium-devtools-v125-4.23.0.jar;c:\Users\casa\.gradle\caches\modules-2\files-2.1\org.seleniumhq.selenium\selenium-devtools-v126\4.23.0\3181f90dbff29ff25ede266f09c2a6192e002e4\selenium-devtools-v126-4.23.0.jar;c:\Users\casa\.gradle\caches\modules-2\files-2.1\org.seleniumhq.selenium\selenium-devtools-v127\4.23.0\3b972d38578c5743a6176a6ed25aba9558573196\selenium-devtools-v127-4.23.0.jar;c:\Users\casa\.gradle\caches\modules-2\files-2.1\org.seleniumhq.selenium\selenium-firefox-driver\4.23.0\9a3a50dc5a4412f93171c842b97a7abc3a3aff8c\selenium-firefox-driver-4.23.0.jar;c:\Users\casa\.gradle\caches\modules-2\files-2.1\org.seleniumhq.selenium\selenium-devtools-v85\4.23.0\c7c4f2166933c72e7b2f8e855ac4b6875521bd2e\selenium-devtools-v85-4.23.0.jar;c:\Users\casa\.gradle\caches\modules-2\files-2.1\org.seleniumhq.selenium\selenium-edge-driver\4.23.0\b37ab3b7d580accd9b9d689ca79349f03975a2af\selenium-edge-driver-4.23.0.jar;c:\Users\casa\.gradle\caches\modules-2\files-2.1\org.seleniumhq.selenium\selenium-ie-driv
Launcher Type: SUN_STANDARD

[Global flags]
     intx CICompilerCount                          = 12                                        {product} {ergonomic}
     uint ConcGCThreads                            = 3                                         {product} {ergonomic}
     uint G1ConcRefinementThreads                  = 13                                        {product} {ergonomic}
   size_t G1HeapRegionSize                         = 2097152                                   {product} {ergonomic}
    uintx GCDrainStackTargetSize                   = 64                                        {product} {ergonomic}
   size_t InitialHeapSize                          = 268435456                                 {product} {ergonomic}
   size_t MarkStackSize                            = 4194304                                   {product} {ergonomic}
   size_t MaxHeapSize                              = 4282384384                                {product} {ergonomic}
   size_t MaxNewSize                               = 2569011200                                {product} {ergonomic}
   size_t MinHeapDeltaBytes                        = 2097152                                   {product} {ergonomic}
   size_t MinHeapSize                              = 8388608                                   {product} {ergonomic}
    uintx NonNMethodCodeHeapSize                   = 7602480                                {pd product} {ergonomic}
    uintx NonProfiledCodeHeapSize                  = 122027880                              {pd product} {ergonomic}
    uintx ProfiledCodeHeapSize                     = 122027880                              {pd product} {ergonomic}
    uintx ReservedCodeCacheSize                    = 251658240                              {pd product} {ergonomic}
     bool SegmentedCodeCache                       = true                                      {product} {ergonomic}
     bool ShowCodeDetailsInExceptionMessages       = true                                   {manageable} {command line}
   size_t SoftMaxHeapSize                          = 4282384384                             {manageable} {ergonomic}
     bool UseCompressedClassPointers               = true                           {product lp64_product} {ergonomic}
     bool UseCompressedOops                        = true                           {product lp64_product} {ergonomic}
     bool UseG1GC                                  = true                                      {product} {ergonomic}
     bool UseLargePagesIndividualAllocation        = false                                  {pd product} {ergonomic}

Logging:
Log output configuration:
 #0: stdout all=warning uptime,level,tags
 #1: stderr all=off uptime,level,tags

Environment Variables:
JAVA_HOME=D:\bk compu\bk compu\bk compu\vv\java\jdk-17.0.12
PATH=C:\Program Files\Common Files\Oracle\Java\javapath;C:\Windows\system32;C:\Windows;C:\Windows\System32\Wbem;C:\Windows\System32\WindowsPowerShell\v1.0\;C:\Windows\System32\OpenSSH\;C:\Program Files\NVIDIA Corporation\NVIDIA app\NvDLISR;C:\Program Files (x86)\NVIDIA Corporation\PhysX\Common;C:\Program Files\dotnet\;%JAVA_HOME%\bin;D:\bk compu\bk compu\bk compu\vv\java\gradle-8.9\bin;D:\bk compu\bk compu\bk compu\vv\java\selenium;C:\Users\casa\AppData\Local\Microsoft\WindowsApps;D:\Users\casa\AppData\Local\Programs\Microsoft VS Code\bin
USERNAME=casa
OS=Windows_NT
PROCESSOR_IDENTIFIER=AMD64 Family 23 Model 113 Stepping 0, AuthenticAMD



---------------  S Y S T E M  ---------------

OS:
 Windows 10 , 64 bit Build 19041 (10.0.19041.4597)
OS uptime: 0 days 13:43 hours

CPU: total 16 (initial active 16) (16 cores per cpu, 2 threads per core) family 23 model 113 stepping 0 microcode 0x0, cx8, cmov, fxsr, ht, mmx, 3dnowpref, sse, sse2, sse3, ssse3, sse4a, sse4.1, sse4.2, popcnt, lzcnt, tsc, tscinvbit, avx, avx2, aes, clmul, bmi1, bmi2, adx, sha, fma, vzeroupper, clflush, clflushopt

Memory: 4k page, system-wide physical 16331M (5342M free)
TotalPageFile size 18379M (AvailPageFile size 5M)
current process WorkingSet (physical memory assigned to process): 84M, peak: 87M
current process commit charge ("private bytes"): 387M, peak: 391M

vm_info: Java HotSpot(TM) 64-Bit Server VM (17.0.12+8-LTS-286) for windows-amd64 JRE (17.0.12+8-LTS-286), built on Jun  5 2024 06:46:59 by "mach5one" with MS VC++ 17.6 (VS2022)

END.
