#
# There is insufficient memory for the Java Runtime Environment to continue.
# Native memory allocation (malloc) failed to allocate 32744 bytes for ChunkPool::allocate
# Possible reasons:
#   The system is out of physical RAM or swap space
#   The process is running with CompressedOops enabled, and the Java Heap may be blocking the growth of the native heap
# Possible solutions:
#   Reduce memory load on the system
#   Increase physical memory or swap space
#   Check if swap backing store is full
#   Decrease Java heap size (-Xmx/-Xms)
#   Decrease number of Java threads
#   Decrease Java thread stack sizes (-Xss)
#   Set larger code cache with -XX:ReservedCodeCacheSize=
#   JVM is running with Unscaled Compressed Oops mode in which the Java heap is
#     placed in the first 4GB address space. The Java Heap base address is the
#     maximum limit for the native heap growth. Please use -XX:HeapBaseMinAddress
#     to set the Java Heap base and to place the Java Heap above 4GB virtual address.
# This output file may be truncated or incomplete.
#
#  Out of Memory Error (arena.cpp:78), pid=17752, tid=9488
#
# JRE version: Java(TM) SE Runtime Environment (17.0.12+8) (build 17.0.12+8-LTS-286)
# Java VM: Java HotSpot(TM) 64-Bit Server VM (17.0.12+8-LTS-286, mixed mode, sharing, tiered, compressed oops, compressed class ptrs, g1 gc, windows-amd64)
# No core dump will be written. Minidumps are not enabled by default on client versions of Windows
#

---------------  S U M M A R Y ------------

Command Line: --add-opens=java.base/java.util=ALL-UNNAMED --add-opens=java.base/java.lang=ALL-UNNAMED --add-opens=java.base/java.lang.invoke=ALL-UNNAMED --add-opens=java.prefs/java.util.prefs=ALL-UNNAMED --add-opens=java.base/java.nio.charset=ALL-UNNAMED --add-opens=java.base/java.net=ALL-UNNAMED --add-opens=java.base/java.util.concurrent.atomic=ALL-UNNAMED -XX:MaxMetaspaceSize=384m -XX:+HeapDumpOnOutOfMemoryError -Xms256m -Xmx512m -Dfile.encoding=utf8 -Duser.country=419 -Duser.language=es -Duser.variant org.gradle.launcher.daemon.bootstrap.GradleDaemon 8.0.2

Host: AMD Ryzen 7 3700X 8-Core Processor             , 16 cores, 15G,  Windows 10 , 64 bit Build 19041 (10.0.19041.4597)
Time: Wed Aug  7 22:01:51 2024 Hora estándar de Argentina elapsed time: 1.885507 seconds (0d 0h 0m 1s)

---------------  T H R E A D  ---------------

Current thread (0x000002a4646f4f10):  JavaThread "C2 CompilerThread0" daemon [_thread_in_native, id=9488, stack(0x000000fc52f00000,0x000000fc53000000)]


Current CompileTask:
C2:   1885 2317   !   4       java.lang.ClassLoader::loadClass (121 bytes)

Stack: [0x000000fc52f00000,0x000000fc53000000]
Native frames: (J=compiled Java code, j=interpreted, Vv=VM code, C=native code)
V  [jvm.dll+0x67a04a]
V  [jvm.dll+0x7da4ed]
V  [jvm.dll+0x7dbe33]
V  [jvm.dll+0x7dc4a3]
V  [jvm.dll+0x24508f]
V  [jvm.dll+0xab9a4]
V  [jvm.dll+0xabd3c]
V  [jvm.dll+0x36725f]
V  [jvm.dll+0x366a21]
V  [jvm.dll+0x366a64]
V  [jvm.dll+0x1bd02e]
V  [jvm.dll+0x361dab]
V  [jvm.dll+0x360e85]
V  [jvm.dll+0x1ba67f]
V  [jvm.dll+0x216997]
V  [jvm.dll+0x215c6f]
V  [jvm.dll+0x1a2960]
V  [jvm.dll+0x22610b]
V  [jvm.dll+0x2242ab]
V  [jvm.dll+0x79075c]
V  [jvm.dll+0x78abea]
V  [jvm.dll+0x678f35]
C  [ucrtbase.dll+0x21bb2]
C  [KERNEL32.DLL+0x17374]
C  [ntdll.dll+0x4cc91]


---------------  P R O C E S S  ---------------

Threads class SMR info:
_java_thread_list=0x000002a400108cc0, length=32, elements={
0x000002a4492f8160, 0x000002a4646d4500, 0x000002a4646d5290, 0x000002a4646ed420,
0x000002a4646f0070, 0x000002a4646f31f0, 0x000002a4646f3ac0, 0x000002a4646f4f10,
0x000002a4646f7480, 0x000002a4646f81a0, 0x000002a464948600, 0x000002a46494ab30,
0x000002a464963020, 0x000002a464963d10, 0x000002a4649f4640, 0x000002a47e29a460,
0x000002a47e3a1560, 0x000002a47ed49ff0, 0x000002a400664880, 0x000002a400a66280,
0x000002a47f11fb70, 0x000002a40020f860, 0x000002a400201170, 0x000002a4007b5140,
0x000002a4005998e0, 0x000002a400597060, 0x000002a4005984a0, 0x000002a400598ec0,
0x000002a40059a300, 0x000002a40059a810, 0x000002a4005993d0, 0x000002a400597570
}

Java Threads: ( => current thread )
  0x000002a4492f8160 JavaThread "main" [_thread_blocked, id=21312, stack(0x000000fc52200000,0x000000fc52300000)]
  0x000002a4646d4500 JavaThread "Reference Handler" daemon [_thread_blocked, id=14044, stack(0x000000fc52900000,0x000000fc52a00000)]
  0x000002a4646d5290 JavaThread "Finalizer" daemon [_thread_blocked, id=1456, stack(0x000000fc52a00000,0x000000fc52b00000)]
  0x000002a4646ed420 JavaThread "Signal Dispatcher" daemon [_thread_blocked, id=12696, stack(0x000000fc52b00000,0x000000fc52c00000)]
  0x000002a4646f0070 JavaThread "Attach Listener" daemon [_thread_blocked, id=21052, stack(0x000000fc52c00000,0x000000fc52d00000)]
  0x000002a4646f31f0 JavaThread "Service Thread" daemon [_thread_blocked, id=21512, stack(0x000000fc52d00000,0x000000fc52e00000)]
  0x000002a4646f3ac0 JavaThread "Monitor Deflation Thread" daemon [_thread_blocked, id=11904, stack(0x000000fc52e00000,0x000000fc52f00000)]
=>0x000002a4646f4f10 JavaThread "C2 CompilerThread0" daemon [_thread_in_native, id=9488, stack(0x000000fc52f00000,0x000000fc53000000)]
  0x000002a4646f7480 JavaThread "C1 CompilerThread0" daemon [_thread_blocked, id=6172, stack(0x000000fc53000000,0x000000fc53100000)]
  0x000002a4646f81a0 JavaThread "Sweeper thread" daemon [_thread_blocked, id=21108, stack(0x000000fc53100000,0x000000fc53200000)]
  0x000002a464948600 JavaThread "C1 CompilerThread1" daemon [_thread_blocked, id=4192, stack(0x000000fc53200000,0x000000fc53300000)]
  0x000002a46494ab30 JavaThread "C1 CompilerThread2" daemon [_thread_blocked, id=10724, stack(0x000000fc53300000,0x000000fc53400000)]
  0x000002a464963020 JavaThread "Common-Cleaner" daemon [_thread_blocked, id=8268, stack(0x000000fc53400000,0x000000fc53500000)]
  0x000002a464963d10 JavaThread "Notification Thread" daemon [_thread_blocked, id=22192, stack(0x000000fc53500000,0x000000fc53600000)]
  0x000002a4649f4640 JavaThread "C2 CompilerThread1" daemon [_thread_in_native, id=19232, stack(0x000000fc53700000,0x000000fc53800000)]
  0x000002a47e29a460 JavaThread "C2 CompilerThread2" daemon [_thread_in_native, id=23040, stack(0x000000fc53800000,0x000000fc53900000)]
  0x000002a47e3a1560 JavaThread "C2 CompilerThread3" daemon [_thread_in_native, id=24252, stack(0x000000fc53900000,0x000000fc53a00000)]
  0x000002a47ed49ff0 JavaThread "C1 CompilerThread3" daemon [_thread_blocked, id=6136, stack(0x000000fc53a00000,0x000000fc53b00000)]
  0x000002a400664880 JavaThread "Daemon health stats" [_thread_blocked, id=3016, stack(0x000000fc54000000,0x000000fc54100000)]
  0x000002a400a66280 JavaThread "Incoming local TCP Connector on port 59895" [_thread_in_native, id=24472, stack(0x000000fc54100000,0x000000fc54200000)]
  0x000002a47f11fb70 JavaThread "Daemon periodic checks" [_thread_blocked, id=6180, stack(0x000000fc54200000,0x000000fc54300000)]
  0x000002a40020f860 JavaThread "Daemon" [_thread_blocked, id=17564, stack(0x000000fc54300000,0x000000fc54400000)]
  0x000002a400201170 JavaThread "Handler for socket connection from /127.0.0.1:59895 to /127.0.0.1:59898" [_thread_in_native, id=13572, stack(0x000000fc54400000,0x000000fc54500000)]
  0x000002a4007b5140 JavaThread "Cancel handler" [_thread_blocked, id=3172, stack(0x000000fc54500000,0x000000fc54600000)]
  0x000002a4005998e0 JavaThread "Daemon worker" [_thread_in_vm, id=3824, stack(0x000000fc54600000,0x000000fc54700000)]
  0x000002a400597060 JavaThread "Asynchronous log dispatcher for DefaultDaemonConnection: socket connection from /127.0.0.1:59895 to /127.0.0.1:59898" [_thread_blocked, id=10036, stack(0x000000fc54700000,0x000000fc54800000)]
  0x000002a4005984a0 JavaThread "Stdin handler" [_thread_blocked, id=12348, stack(0x000000fc54800000,0x000000fc54900000)]
  0x000002a400598ec0 JavaThread "Daemon client event forwarder" [_thread_blocked, id=17740, stack(0x000000fc54900000,0x000000fc54a00000)]
  0x000002a40059a300 JavaThread "Cache worker for journal cache (C:\Users\casa\.gradle\caches\journal-1)" [_thread_blocked, id=16968, stack(0x000000fc54a00000,0x000000fc54b00000)]
  0x000002a40059a810 JavaThread "File lock request listener" [_thread_in_native, id=22856, stack(0x000000fc54b00000,0x000000fc54c00000)]
  0x000002a4005993d0 JavaThread "File lock release action executor" [_thread_blocked, id=19532, stack(0x000000fc54c00000,0x000000fc54d00000)]
  0x000002a400597570 JavaThread "Cache worker for file hash cache (C:\Users\casa\.gradle\caches\8.0.2\fileHashes)" [_thread_blocked, id=18508, stack(0x000000fc54d00000,0x000000fc54e00000)]

Other Threads:
  0x000002a4646d1170 VMThread "VM Thread" [stack: 0x000000fc52800000,0x000000fc52900000] [id=18336]
  0x000002a464960cf0 WatcherThread [stack: 0x000000fc53600000,0x000000fc53700000] [id=20852]
  0x000002a449326d00 GCTaskThread "GC Thread#0" [stack: 0x000000fc52300000,0x000000fc52400000] [id=12488]
  0x000002a47f12a530 GCTaskThread "GC Thread#1" [stack: 0x000000fc53b00000,0x000000fc53c00000] [id=22852]
  0x000002a47f12a7f0 GCTaskThread "GC Thread#2" [stack: 0x000000fc53c00000,0x000000fc53d00000] [id=10448]
  0x000002a47e4989d0 GCTaskThread "GC Thread#3" [stack: 0x000000fc53d00000,0x000000fc53e00000] [id=400]
  0x000002a47e498c90 GCTaskThread "GC Thread#4" [stack: 0x000000fc53e00000,0x000000fc53f00000] [id=9016]
  0x000002a47ecb4030 GCTaskThread "GC Thread#5" [stack: 0x000000fc53f00000,0x000000fc54000000] [id=24444]
  0x000002a44932c180 ConcurrentGCThread "G1 Main Marker" [stack: 0x000000fc52400000,0x000000fc52500000] [id=5416]
  0x000002a44932d240 ConcurrentGCThread "G1 Conc#0" [stack: 0x000000fc52500000,0x000000fc52600000] [id=15400]
  0x000002a4493ceb70 ConcurrentGCThread "G1 Refine#0" [stack: 0x000000fc52600000,0x000000fc52700000] [id=9832]
  0x000002a464592690 ConcurrentGCThread "G1 Service" [stack: 0x000000fc52700000,0x000000fc52800000] [id=10668]

Threads with active compile tasks:
C2 CompilerThread0     1911 2317   !   4       java.lang.ClassLoader::loadClass (121 bytes)
C2 CompilerThread1     1911 2520   !   4       java.net.URLClassLoader$1::run (81 bytes)
C2 CompilerThread2     1911 2519       4       java.net.URLClassLoader$1::run (5 bytes)
C2 CompilerThread3     1911 2414   !   4       java.net.URLClassLoader::findClass (47 bytes)

VM state: not at safepoint (normal execution)

VM Mutex/Monitor currently owned by a thread: None

Heap address: 0x00000000e0000000, size: 512 MB, Compressed Oops mode: 32-bit

CDS archive(s) mapped at: [0x000002a465000000-0x000002a465bd0000-0x000002a465bd0000), size 12386304, SharedBaseAddress: 0x000002a465000000, ArchiveRelocationMode: 1.
Compressed class space mapped at: 0x000002a466000000-0x000002a47a000000, reserved size: 335544320
Narrow klass base: 0x000002a465000000, Narrow klass shift: 0, Narrow klass range: 0x100000000

GC Precious Log:
 CPUs: 16 total, 16 available
 Memory: 16331M
 Large Page Support: Disabled
 NUMA Support: Disabled
 Compressed Oops: Enabled (32-bit)
 Heap Region Size: 1M
 Heap Min Capacity: 256M
 Heap Initial Capacity: 256M
 Heap Max Capacity: 512M
 Pre-touch: Disabled
 Parallel Workers: 13
 Concurrent Workers: 3
 Concurrent Refinement Workers: 13
 Periodic GC: Disabled

Heap:
 garbage-first heap   total 262144K, used 84933K [0x00000000e0000000, 0x0000000100000000)
  region size 1024K, 75 young (76800K), 4 survivors (4096K)
 Metaspace       used 17023K, committed 17344K, reserved 393216K
  class space    used 2476K, committed 2624K, reserved 327680K

Heap Regions: E=young(eden), S=young(survivor), O=old, HS=humongous(starts), HC=humongous(continues), CS=collection set, F=free, OA=open archive, CA=closed archive, TAMS=top-at-mark-start (previous, next)
|   0|0x00000000e0000000, 0x00000000e0100000, 0x00000000e0100000|100%|HS|  |TAMS 0x00000000e0000000, 0x00000000e0000000| Complete 
|   1|0x00000000e0100000, 0x00000000e0200000, 0x00000000e0200000|100%|HC|  |TAMS 0x00000000e0100000, 0x00000000e0100000| Complete 
|   2|0x00000000e0200000, 0x00000000e0300000, 0x00000000e0300000|100%|HC|  |TAMS 0x00000000e0200000, 0x00000000e0200000| Complete 
|   3|0x00000000e0300000, 0x00000000e0400000, 0x00000000e0400000|100%|HC|  |TAMS 0x00000000e0300000, 0x00000000e0300000| Complete 
|   4|0x00000000e0400000, 0x00000000e0500000, 0x00000000e0500000|100%| O|  |TAMS 0x00000000e0400000, 0x00000000e0400000| Untracked 
|   5|0x00000000e0500000, 0x00000000e0600000, 0x00000000e0600000|100%| O|  |TAMS 0x00000000e0500000, 0x00000000e0500000| Untracked 
|   6|0x00000000e0600000, 0x00000000e0700000, 0x00000000e0700000|100%| O|  |TAMS 0x00000000e0600000, 0x00000000e0600000| Untracked 
|   7|0x00000000e0700000, 0x00000000e0800000, 0x00000000e0800000|100%| O|  |TAMS 0x00000000e0700000, 0x00000000e0700000| Untracked 
|   8|0x00000000e0800000, 0x00000000e0800000, 0x00000000e0900000|  0%| F|  |TAMS 0x00000000e0800000, 0x00000000e0800000| Untracked 
|   9|0x00000000e0900000, 0x00000000e0a00000, 0x00000000e0a00000|100%| O|  |TAMS 0x00000000e0900000, 0x00000000e0900000| Untracked 
|  10|0x00000000e0a00000, 0x00000000e0ae5800, 0x00000000e0b00000| 89%| O|  |TAMS 0x00000000e0a00000, 0x00000000e0a00000| Untracked 
|  11|0x00000000e0b00000, 0x00000000e0b00000, 0x00000000e0c00000|  0%| F|  |TAMS 0x00000000e0b00000, 0x00000000e0b00000| Untracked 
|  12|0x00000000e0c00000, 0x00000000e0c00000, 0x00000000e0d00000|  0%| F|  |TAMS 0x00000000e0c00000, 0x00000000e0c00000| Untracked 
|  13|0x00000000e0d00000, 0x00000000e0d00000, 0x00000000e0e00000|  0%| F|  |TAMS 0x00000000e0d00000, 0x00000000e0d00000| Untracked 
|  14|0x00000000e0e00000, 0x00000000e0e00000, 0x00000000e0f00000|  0%| F|  |TAMS 0x00000000e0e00000, 0x00000000e0e00000| Untracked 
|  15|0x00000000e0f00000, 0x00000000e0f00000, 0x00000000e1000000|  0%| F|  |TAMS 0x00000000e0f00000, 0x00000000e0f00000| Untracked 
|  16|0x00000000e1000000, 0x00000000e1000000, 0x00000000e1100000|  0%| F|  |TAMS 0x00000000e1000000, 0x00000000e1000000| Untracked 
|  17|0x00000000e1100000, 0x00000000e1100000, 0x00000000e1200000|  0%| F|  |TAMS 0x00000000e1100000, 0x00000000e1100000| Untracked 
|  18|0x00000000e1200000, 0x00000000e1200000, 0x00000000e1300000|  0%| F|  |TAMS 0x00000000e1200000, 0x00000000e1200000| Untracked 
|  19|0x00000000e1300000, 0x00000000e1300000, 0x00000000e1400000|  0%| F|  |TAMS 0x00000000e1300000, 0x00000000e1300000| Untracked 
|  20|0x00000000e1400000, 0x00000000e1400000, 0x00000000e1500000|  0%| F|  |TAMS 0x00000000e1400000, 0x00000000e1400000| Untracked 
|  21|0x00000000e1500000, 0x00000000e1500000, 0x00000000e1600000|  0%| F|  |TAMS 0x00000000e1500000, 0x00000000e1500000| Untracked 
|  22|0x00000000e1600000, 0x00000000e1600000, 0x00000000e1700000|  0%| F|  |TAMS 0x00000000e1600000, 0x00000000e1600000| Untracked 
|  23|0x00000000e1700000, 0x00000000e1700000, 0x00000000e1800000|  0%| F|  |TAMS 0x00000000e1700000, 0x00000000e1700000| Untracked 
|  24|0x00000000e1800000, 0x00000000e1800000, 0x00000000e1900000|  0%| F|  |TAMS 0x00000000e1800000, 0x00000000e1800000| Untracked 
|  25|0x00000000e1900000, 0x00000000e1900000, 0x00000000e1a00000|  0%| F|  |TAMS 0x00000000e1900000, 0x00000000e1900000| Untracked 
|  26|0x00000000e1a00000, 0x00000000e1a00000, 0x00000000e1b00000|  0%| F|  |TAMS 0x00000000e1a00000, 0x00000000e1a00000| Untracked 
|  27|0x00000000e1b00000, 0x00000000e1b00000, 0x00000000e1c00000|  0%| F|  |TAMS 0x00000000e1b00000, 0x00000000e1b00000| Untracked 
|  28|0x00000000e1c00000, 0x00000000e1c00000, 0x00000000e1d00000|  0%| F|  |TAMS 0x00000000e1c00000, 0x00000000e1c00000| Untracked 
|  29|0x00000000e1d00000, 0x00000000e1d00000, 0x00000000e1e00000|  0%| F|  |TAMS 0x00000000e1d00000, 0x00000000e1d00000| Untracked 
|  30|0x00000000e1e00000, 0x00000000e1e00000, 0x00000000e1f00000|  0%| F|  |TAMS 0x00000000e1e00000, 0x00000000e1e00000| Untracked 
|  31|0x00000000e1f00000, 0x00000000e1f00000, 0x00000000e2000000|  0%| F|  |TAMS 0x00000000e1f00000, 0x00000000e1f00000| Untracked 
|  32|0x00000000e2000000, 0x00000000e2000000, 0x00000000e2100000|  0%| F|  |TAMS 0x00000000e2000000, 0x00000000e2000000| Untracked 
|  33|0x00000000e2100000, 0x00000000e2100000, 0x00000000e2200000|  0%| F|  |TAMS 0x00000000e2100000, 0x00000000e2100000| Untracked 
|  34|0x00000000e2200000, 0x00000000e2200000, 0x00000000e2300000|  0%| F|  |TAMS 0x00000000e2200000, 0x00000000e2200000| Untracked 
|  35|0x00000000e2300000, 0x00000000e2300000, 0x00000000e2400000|  0%| F|  |TAMS 0x00000000e2300000, 0x00000000e2300000| Untracked 
|  36|0x00000000e2400000, 0x00000000e2400000, 0x00000000e2500000|  0%| F|  |TAMS 0x00000000e2400000, 0x00000000e2400000| Untracked 
|  37|0x00000000e2500000, 0x00000000e2500000, 0x00000000e2600000|  0%| F|  |TAMS 0x00000000e2500000, 0x00000000e2500000| Untracked 
|  38|0x00000000e2600000, 0x00000000e2600000, 0x00000000e2700000|  0%| F|  |TAMS 0x00000000e2600000, 0x00000000e2600000| Untracked 
|  39|0x00000000e2700000, 0x00000000e2700000, 0x00000000e2800000|  0%| F|  |TAMS 0x00000000e2700000, 0x00000000e2700000| Untracked 
|  40|0x00000000e2800000, 0x00000000e2800000, 0x00000000e2900000|  0%| F|  |TAMS 0x00000000e2800000, 0x00000000e2800000| Untracked 
|  41|0x00000000e2900000, 0x00000000e2900000, 0x00000000e2a00000|  0%| F|  |TAMS 0x00000000e2900000, 0x00000000e2900000| Untracked 
|  42|0x00000000e2a00000, 0x00000000e2a00000, 0x00000000e2b00000|  0%| F|  |TAMS 0x00000000e2a00000, 0x00000000e2a00000| Untracked 
|  43|0x00000000e2b00000, 0x00000000e2b00000, 0x00000000e2c00000|  0%| F|  |TAMS 0x00000000e2b00000, 0x00000000e2b00000| Untracked 
|  44|0x00000000e2c00000, 0x00000000e2c00000, 0x00000000e2d00000|  0%| F|  |TAMS 0x00000000e2c00000, 0x00000000e2c00000| Untracked 
|  45|0x00000000e2d00000, 0x00000000e2d00000, 0x00000000e2e00000|  0%| F|  |TAMS 0x00000000e2d00000, 0x00000000e2d00000| Untracked 
|  46|0x00000000e2e00000, 0x00000000e2e00000, 0x00000000e2f00000|  0%| F|  |TAMS 0x00000000e2e00000, 0x00000000e2e00000| Untracked 
|  47|0x00000000e2f00000, 0x00000000e2f00000, 0x00000000e3000000|  0%| F|  |TAMS 0x00000000e2f00000, 0x00000000e2f00000| Untracked 
|  48|0x00000000e3000000, 0x00000000e3000000, 0x00000000e3100000|  0%| F|  |TAMS 0x00000000e3000000, 0x00000000e3000000| Untracked 
|  49|0x00000000e3100000, 0x00000000e3100000, 0x00000000e3200000|  0%| F|  |TAMS 0x00000000e3100000, 0x00000000e3100000| Untracked 
|  50|0x00000000e3200000, 0x00000000e3200000, 0x00000000e3300000|  0%| F|  |TAMS 0x00000000e3200000, 0x00000000e3200000| Untracked 
|  51|0x00000000e3300000, 0x00000000e3300000, 0x00000000e3400000|  0%| F|  |TAMS 0x00000000e3300000, 0x00000000e3300000| Untracked 
|  52|0x00000000e3400000, 0x00000000e3400000, 0x00000000e3500000|  0%| F|  |TAMS 0x00000000e3400000, 0x00000000e3400000| Untracked 
|  53|0x00000000e3500000, 0x00000000e3500000, 0x00000000e3600000|  0%| F|  |TAMS 0x00000000e3500000, 0x00000000e3500000| Untracked 
|  54|0x00000000e3600000, 0x00000000e3600000, 0x00000000e3700000|  0%| F|  |TAMS 0x00000000e3600000, 0x00000000e3600000| Untracked 
|  55|0x00000000e3700000, 0x00000000e3700000, 0x00000000e3800000|  0%| F|  |TAMS 0x00000000e3700000, 0x00000000e3700000| Untracked 
|  56|0x00000000e3800000, 0x00000000e3800000, 0x00000000e3900000|  0%| F|  |TAMS 0x00000000e3800000, 0x00000000e3800000| Untracked 
|  57|0x00000000e3900000, 0x00000000e3900000, 0x00000000e3a00000|  0%| F|  |TAMS 0x00000000e3900000, 0x00000000e3900000| Untracked 
|  58|0x00000000e3a00000, 0x00000000e3a00000, 0x00000000e3b00000|  0%| F|  |TAMS 0x00000000e3a00000, 0x00000000e3a00000| Untracked 
|  59|0x00000000e3b00000, 0x00000000e3b00000, 0x00000000e3c00000|  0%| F|  |TAMS 0x00000000e3b00000, 0x00000000e3b00000| Untracked 
|  60|0x00000000e3c00000, 0x00000000e3c00000, 0x00000000e3d00000|  0%| F|  |TAMS 0x00000000e3c00000, 0x00000000e3c00000| Untracked 
|  61|0x00000000e3d00000, 0x00000000e3d00000, 0x00000000e3e00000|  0%| F|  |TAMS 0x00000000e3d00000, 0x00000000e3d00000| Untracked 
|  62|0x00000000e3e00000, 0x00000000e3e00000, 0x00000000e3f00000|  0%| F|  |TAMS 0x00000000e3e00000, 0x00000000e3e00000| Untracked 
|  63|0x00000000e3f00000, 0x00000000e3f00000, 0x00000000e4000000|  0%| F|  |TAMS 0x00000000e3f00000, 0x00000000e3f00000| Untracked 
|  64|0x00000000e4000000, 0x00000000e4000000, 0x00000000e4100000|  0%| F|  |TAMS 0x00000000e4000000, 0x00000000e4000000| Untracked 
|  65|0x00000000e4100000, 0x00000000e4100000, 0x00000000e4200000|  0%| F|  |TAMS 0x00000000e4100000, 0x00000000e4100000| Untracked 
|  66|0x00000000e4200000, 0x00000000e4200000, 0x00000000e4300000|  0%| F|  |TAMS 0x00000000e4200000, 0x00000000e4200000| Untracked 
|  67|0x00000000e4300000, 0x00000000e4300000, 0x00000000e4400000|  0%| F|  |TAMS 0x00000000e4300000, 0x00000000e4300000| Untracked 
|  68|0x00000000e4400000, 0x00000000e4400000, 0x00000000e4500000|  0%| F|  |TAMS 0x00000000e4400000, 0x00000000e4400000| Untracked 
|  69|0x00000000e4500000, 0x00000000e4500000, 0x00000000e4600000|  0%| F|  |TAMS 0x00000000e4500000, 0x00000000e4500000| Untracked 
|  70|0x00000000e4600000, 0x00000000e4600000, 0x00000000e4700000|  0%| F|  |TAMS 0x00000000e4600000, 0x00000000e4600000| Untracked 
|  71|0x00000000e4700000, 0x00000000e4700000, 0x00000000e4800000|  0%| F|  |TAMS 0x00000000e4700000, 0x00000000e4700000| Untracked 
|  72|0x00000000e4800000, 0x00000000e4800000, 0x00000000e4900000|  0%| F|  |TAMS 0x00000000e4800000, 0x00000000e4800000| Untracked 
|  73|0x00000000e4900000, 0x00000000e4900000, 0x00000000e4a00000|  0%| F|  |TAMS 0x00000000e4900000, 0x00000000e4900000| Untracked 
|  74|0x00000000e4a00000, 0x00000000e4a00000, 0x00000000e4b00000|  0%| F|  |TAMS 0x00000000e4a00000, 0x00000000e4a00000| Untracked 
|  75|0x00000000e4b00000, 0x00000000e4b00000, 0x00000000e4c00000|  0%| F|  |TAMS 0x00000000e4b00000, 0x00000000e4b00000| Untracked 
|  76|0x00000000e4c00000, 0x00000000e4c00000, 0x00000000e4d00000|  0%| F|  |TAMS 0x00000000e4c00000, 0x00000000e4c00000| Untracked 
|  77|0x00000000e4d00000, 0x00000000e4d00000, 0x00000000e4e00000|  0%| F|  |TAMS 0x00000000e4d00000, 0x00000000e4d00000| Untracked 
|  78|0x00000000e4e00000, 0x00000000e4e00000, 0x00000000e4f00000|  0%| F|  |TAMS 0x00000000e4e00000, 0x00000000e4e00000| Untracked 
|  79|0x00000000e4f00000, 0x00000000e4f00000, 0x00000000e5000000|  0%| F|  |TAMS 0x00000000e4f00000, 0x00000000e4f00000| Untracked 
|  80|0x00000000e5000000, 0x00000000e5000000, 0x00000000e5100000|  0%| F|  |TAMS 0x00000000e5000000, 0x00000000e5000000| Untracked 
|  81|0x00000000e5100000, 0x00000000e5100000, 0x00000000e5200000|  0%| F|  |TAMS 0x00000000e5100000, 0x00000000e5100000| Untracked 
|  82|0x00000000e5200000, 0x00000000e5200000, 0x00000000e5300000|  0%| F|  |TAMS 0x00000000e5200000, 0x00000000e5200000| Untracked 
|  83|0x00000000e5300000, 0x00000000e5300000, 0x00000000e5400000|  0%| F|  |TAMS 0x00000000e5300000, 0x00000000e5300000| Untracked 
|  84|0x00000000e5400000, 0x00000000e5400000, 0x00000000e5500000|  0%| F|  |TAMS 0x00000000e5400000, 0x00000000e5400000| Untracked 
|  85|0x00000000e5500000, 0x00000000e5500000, 0x00000000e5600000|  0%| F|  |TAMS 0x00000000e5500000, 0x00000000e5500000| Untracked 
|  86|0x00000000e5600000, 0x00000000e5600000, 0x00000000e5700000|  0%| F|  |TAMS 0x00000000e5600000, 0x00000000e5600000| Untracked 
|  87|0x00000000e5700000, 0x00000000e5700000, 0x00000000e5800000|  0%| F|  |TAMS 0x00000000e5700000, 0x00000000e5700000| Untracked 
|  88|0x00000000e5800000, 0x00000000e5800000, 0x00000000e5900000|  0%| F|  |TAMS 0x00000000e5800000, 0x00000000e5800000| Untracked 
|  89|0x00000000e5900000, 0x00000000e5900000, 0x00000000e5a00000|  0%| F|  |TAMS 0x00000000e5900000, 0x00000000e5900000| Untracked 
|  90|0x00000000e5a00000, 0x00000000e5a00000, 0x00000000e5b00000|  0%| F|  |TAMS 0x00000000e5a00000, 0x00000000e5a00000| Untracked 
|  91|0x00000000e5b00000, 0x00000000e5b00000, 0x00000000e5c00000|  0%| F|  |TAMS 0x00000000e5b00000, 0x00000000e5b00000| Untracked 
|  92|0x00000000e5c00000, 0x00000000e5c00000, 0x00000000e5d00000|  0%| F|  |TAMS 0x00000000e5c00000, 0x00000000e5c00000| Untracked 
|  93|0x00000000e5d00000, 0x00000000e5d00000, 0x00000000e5e00000|  0%| F|  |TAMS 0x00000000e5d00000, 0x00000000e5d00000| Untracked 
|  94|0x00000000e5e00000, 0x00000000e5e00000, 0x00000000e5f00000|  0%| F|  |TAMS 0x00000000e5e00000, 0x00000000e5e00000| Untracked 
|  95|0x00000000e5f00000, 0x00000000e5f00000, 0x00000000e6000000|  0%| F|  |TAMS 0x00000000e5f00000, 0x00000000e5f00000| Untracked 
|  96|0x00000000e6000000, 0x00000000e6000000, 0x00000000e6100000|  0%| F|  |TAMS 0x00000000e6000000, 0x00000000e6000000| Untracked 
|  97|0x00000000e6100000, 0x00000000e6100000, 0x00000000e6200000|  0%| F|  |TAMS 0x00000000e6100000, 0x00000000e6100000| Untracked 
|  98|0x00000000e6200000, 0x00000000e6200000, 0x00000000e6300000|  0%| F|  |TAMS 0x00000000e6200000, 0x00000000e6200000| Untracked 
|  99|0x00000000e6300000, 0x00000000e6300000, 0x00000000e6400000|  0%| F|  |TAMS 0x00000000e6300000, 0x00000000e6300000| Untracked 
| 100|0x00000000e6400000, 0x00000000e6400000, 0x00000000e6500000|  0%| F|  |TAMS 0x00000000e6400000, 0x00000000e6400000| Untracked 
| 101|0x00000000e6500000, 0x00000000e6500000, 0x00000000e6600000|  0%| F|  |TAMS 0x00000000e6500000, 0x00000000e6500000| Untracked 
| 102|0x00000000e6600000, 0x00000000e6600000, 0x00000000e6700000|  0%| F|  |TAMS 0x00000000e6600000, 0x00000000e6600000| Untracked 
| 103|0x00000000e6700000, 0x00000000e6700000, 0x00000000e6800000|  0%| F|  |TAMS 0x00000000e6700000, 0x00000000e6700000| Untracked 
| 104|0x00000000e6800000, 0x00000000e6800000, 0x00000000e6900000|  0%| F|  |TAMS 0x00000000e6800000, 0x00000000e6800000| Untracked 
| 105|0x00000000e6900000, 0x00000000e6900000, 0x00000000e6a00000|  0%| F|  |TAMS 0x00000000e6900000, 0x00000000e6900000| Untracked 
| 106|0x00000000e6a00000, 0x00000000e6a00000, 0x00000000e6b00000|  0%| F|  |TAMS 0x00000000e6a00000, 0x00000000e6a00000| Untracked 
| 107|0x00000000e6b00000, 0x00000000e6b00000, 0x00000000e6c00000|  0%| F|  |TAMS 0x00000000e6b00000, 0x00000000e6b00000| Untracked 
| 108|0x00000000e6c00000, 0x00000000e6c00000, 0x00000000e6d00000|  0%| F|  |TAMS 0x00000000e6c00000, 0x00000000e6c00000| Untracked 
| 109|0x00000000e6d00000, 0x00000000e6d00000, 0x00000000e6e00000|  0%| F|  |TAMS 0x00000000e6d00000, 0x00000000e6d00000| Untracked 
| 110|0x00000000e6e00000, 0x00000000e6e00000, 0x00000000e6f00000|  0%| F|  |TAMS 0x00000000e6e00000, 0x00000000e6e00000| Untracked 
| 111|0x00000000e6f00000, 0x00000000e6f00000, 0x00000000e7000000|  0%| F|  |TAMS 0x00000000e6f00000, 0x00000000e6f00000| Untracked 
| 112|0x00000000e7000000, 0x00000000e7000000, 0x00000000e7100000|  0%| F|  |TAMS 0x00000000e7000000, 0x00000000e7000000| Untracked 
| 113|0x00000000e7100000, 0x00000000e7100000, 0x00000000e7200000|  0%| F|  |TAMS 0x00000000e7100000, 0x00000000e7100000| Untracked 
| 114|0x00000000e7200000, 0x00000000e7200000, 0x00000000e7300000|  0%| F|  |TAMS 0x00000000e7200000, 0x00000000e7200000| Untracked 
| 115|0x00000000e7300000, 0x00000000e7300000, 0x00000000e7400000|  0%| F|  |TAMS 0x00000000e7300000, 0x00000000e7300000| Untracked 
| 116|0x00000000e7400000, 0x00000000e7400000, 0x00000000e7500000|  0%| F|  |TAMS 0x00000000e7400000, 0x00000000e7400000| Untracked 
| 117|0x00000000e7500000, 0x00000000e7500000, 0x00000000e7600000|  0%| F|  |TAMS 0x00000000e7500000, 0x00000000e7500000| Untracked 
| 118|0x00000000e7600000, 0x00000000e7600000, 0x00000000e7700000|  0%| F|  |TAMS 0x00000000e7600000, 0x00000000e7600000| Untracked 
| 119|0x00000000e7700000, 0x00000000e7700000, 0x00000000e7800000|  0%| F|  |TAMS 0x00000000e7700000, 0x00000000e7700000| Untracked 
| 120|0x00000000e7800000, 0x00000000e7800000, 0x00000000e7900000|  0%| F|  |TAMS 0x00000000e7800000, 0x00000000e7800000| Untracked 
| 121|0x00000000e7900000, 0x00000000e7900000, 0x00000000e7a00000|  0%| F|  |TAMS 0x00000000e7900000, 0x00000000e7900000| Untracked 
| 122|0x00000000e7a00000, 0x00000000e7a00000, 0x00000000e7b00000|  0%| F|  |TAMS 0x00000000e7a00000, 0x00000000e7a00000| Untracked 
| 123|0x00000000e7b00000, 0x00000000e7b00000, 0x00000000e7c00000|  0%| F|  |TAMS 0x00000000e7b00000, 0x00000000e7b00000| Untracked 
| 124|0x00000000e7c00000, 0x00000000e7c00000, 0x00000000e7d00000|  0%| F|  |TAMS 0x00000000e7c00000, 0x00000000e7c00000| Untracked 
| 125|0x00000000e7d00000, 0x00000000e7d00000, 0x00000000e7e00000|  0%| F|  |TAMS 0x00000000e7d00000, 0x00000000e7d00000| Untracked 
| 126|0x00000000e7e00000, 0x00000000e7e00000, 0x00000000e7f00000|  0%| F|  |TAMS 0x00000000e7e00000, 0x00000000e7e00000| Untracked 
| 127|0x00000000e7f00000, 0x00000000e7f00000, 0x00000000e8000000|  0%| F|  |TAMS 0x00000000e7f00000, 0x00000000e7f00000| Untracked 
| 128|0x00000000e8000000, 0x00000000e8000000, 0x00000000e8100000|  0%| F|  |TAMS 0x00000000e8000000, 0x00000000e8000000| Untracked 
| 129|0x00000000e8100000, 0x00000000e8100000, 0x00000000e8200000|  0%| F|  |TAMS 0x00000000e8100000, 0x00000000e8100000| Untracked 
| 130|0x00000000e8200000, 0x00000000e8200000, 0x00000000e8300000|  0%| F|  |TAMS 0x00000000e8200000, 0x00000000e8200000| Untracked 
| 131|0x00000000e8300000, 0x00000000e8300000, 0x00000000e8400000|  0%| F|  |TAMS 0x00000000e8300000, 0x00000000e8300000| Untracked 
| 132|0x00000000e8400000, 0x00000000e8400000, 0x00000000e8500000|  0%| F|  |TAMS 0x00000000e8400000, 0x00000000e8400000| Untracked 
| 133|0x00000000e8500000, 0x00000000e8500000, 0x00000000e8600000|  0%| F|  |TAMS 0x00000000e8500000, 0x00000000e8500000| Untracked 
| 134|0x00000000e8600000, 0x00000000e8600000, 0x00000000e8700000|  0%| F|  |TAMS 0x00000000e8600000, 0x00000000e8600000| Untracked 
| 135|0x00000000e8700000, 0x00000000e8700000, 0x00000000e8800000|  0%| F|  |TAMS 0x00000000e8700000, 0x00000000e8700000| Untracked 
| 136|0x00000000e8800000, 0x00000000e8800000, 0x00000000e8900000|  0%| F|  |TAMS 0x00000000e8800000, 0x00000000e8800000| Untracked 
| 137|0x00000000e8900000, 0x00000000e8900000, 0x00000000e8a00000|  0%| F|  |TAMS 0x00000000e8900000, 0x00000000e8900000| Untracked 
| 138|0x00000000e8a00000, 0x00000000e8a00000, 0x00000000e8b00000|  0%| F|  |TAMS 0x00000000e8a00000, 0x00000000e8a00000| Untracked 
| 139|0x00000000e8b00000, 0x00000000e8b00000, 0x00000000e8c00000|  0%| F|  |TAMS 0x00000000e8b00000, 0x00000000e8b00000| Untracked 
| 140|0x00000000e8c00000, 0x00000000e8c00000, 0x00000000e8d00000|  0%| F|  |TAMS 0x00000000e8c00000, 0x00000000e8c00000| Untracked 
| 141|0x00000000e8d00000, 0x00000000e8d00000, 0x00000000e8e00000|  0%| F|  |TAMS 0x00000000e8d00000, 0x00000000e8d00000| Untracked 
| 142|0x00000000e8e00000, 0x00000000e8e00000, 0x00000000e8f00000|  0%| F|  |TAMS 0x00000000e8e00000, 0x00000000e8e00000| Untracked 
| 143|0x00000000e8f00000, 0x00000000e8f00000, 0x00000000e9000000|  0%| F|  |TAMS 0x00000000e8f00000, 0x00000000e8f00000| Untracked 
| 144|0x00000000e9000000, 0x00000000e9000000, 0x00000000e9100000|  0%| F|  |TAMS 0x00000000e9000000, 0x00000000e9000000| Untracked 
| 145|0x00000000e9100000, 0x00000000e9100000, 0x00000000e9200000|  0%| F|  |TAMS 0x00000000e9100000, 0x00000000e9100000| Untracked 
| 146|0x00000000e9200000, 0x00000000e9200000, 0x00000000e9300000|  0%| F|  |TAMS 0x00000000e9200000, 0x00000000e9200000| Untracked 
| 147|0x00000000e9300000, 0x00000000e9300000, 0x00000000e9400000|  0%| F|  |TAMS 0x00000000e9300000, 0x00000000e9300000| Untracked 
| 148|0x00000000e9400000, 0x00000000e9400000, 0x00000000e9500000|  0%| F|  |TAMS 0x00000000e9400000, 0x00000000e9400000| Untracked 
| 149|0x00000000e9500000, 0x00000000e9500000, 0x00000000e9600000|  0%| F|  |TAMS 0x00000000e9500000, 0x00000000e9500000| Untracked 
| 150|0x00000000e9600000, 0x00000000e9600000, 0x00000000e9700000|  0%| F|  |TAMS 0x00000000e9600000, 0x00000000e9600000| Untracked 
| 151|0x00000000e9700000, 0x00000000e9700000, 0x00000000e9800000|  0%| F|  |TAMS 0x00000000e9700000, 0x00000000e9700000| Untracked 
| 152|0x00000000e9800000, 0x00000000e9800000, 0x00000000e9900000|  0%| F|  |TAMS 0x00000000e9800000, 0x00000000e9800000| Untracked 
| 153|0x00000000e9900000, 0x00000000e9900000, 0x00000000e9a00000|  0%| F|  |TAMS 0x00000000e9900000, 0x00000000e9900000| Untracked 
| 154|0x00000000e9a00000, 0x00000000e9a00000, 0x00000000e9b00000|  0%| F|  |TAMS 0x00000000e9a00000, 0x00000000e9a00000| Untracked 
| 155|0x00000000e9b00000, 0x00000000e9b00000, 0x00000000e9c00000|  0%| F|  |TAMS 0x00000000e9b00000, 0x00000000e9b00000| Untracked 
| 156|0x00000000e9c00000, 0x00000000e9c00000, 0x00000000e9d00000|  0%| F|  |TAMS 0x00000000e9c00000, 0x00000000e9c00000| Untracked 
| 157|0x00000000e9d00000, 0x00000000e9d00000, 0x00000000e9e00000|  0%| F|  |TAMS 0x00000000e9d00000, 0x00000000e9d00000| Untracked 
| 158|0x00000000e9e00000, 0x00000000e9e00000, 0x00000000e9f00000|  0%| F|  |TAMS 0x00000000e9e00000, 0x00000000e9e00000| Untracked 
| 159|0x00000000e9f00000, 0x00000000e9f00000, 0x00000000ea000000|  0%| F|  |TAMS 0x00000000e9f00000, 0x00000000e9f00000| Untracked 
| 160|0x00000000ea000000, 0x00000000ea000000, 0x00000000ea100000|  0%| F|  |TAMS 0x00000000ea000000, 0x00000000ea000000| Untracked 
| 161|0x00000000ea100000, 0x00000000ea100000, 0x00000000ea200000|  0%| F|  |TAMS 0x00000000ea100000, 0x00000000ea100000| Untracked 
| 162|0x00000000ea200000, 0x00000000ea200000, 0x00000000ea300000|  0%| F|  |TAMS 0x00000000ea200000, 0x00000000ea200000| Untracked 
| 163|0x00000000ea300000, 0x00000000ea300000, 0x00000000ea400000|  0%| F|  |TAMS 0x00000000ea300000, 0x00000000ea300000| Untracked 
| 164|0x00000000ea400000, 0x00000000ea400000, 0x00000000ea500000|  0%| F|  |TAMS 0x00000000ea400000, 0x00000000ea400000| Untracked 
| 165|0x00000000ea500000, 0x00000000ea500000, 0x00000000ea600000|  0%| F|  |TAMS 0x00000000ea500000, 0x00000000ea500000| Untracked 
| 166|0x00000000ea600000, 0x00000000ea600000, 0x00000000ea700000|  0%| F|  |TAMS 0x00000000ea600000, 0x00000000ea600000| Untracked 
| 167|0x00000000ea700000, 0x00000000ea700000, 0x00000000ea800000|  0%| F|  |TAMS 0x00000000ea700000, 0x00000000ea700000| Untracked 
| 168|0x00000000ea800000, 0x00000000ea800000, 0x00000000ea900000|  0%| F|  |TAMS 0x00000000ea800000, 0x00000000ea800000| Untracked 
| 169|0x00000000ea900000, 0x00000000ea900000, 0x00000000eaa00000|  0%| F|  |TAMS 0x00000000ea900000, 0x00000000ea900000| Untracked 
| 170|0x00000000eaa00000, 0x00000000eaa00000, 0x00000000eab00000|  0%| F|  |TAMS 0x00000000eaa00000, 0x00000000eaa00000| Untracked 
| 171|0x00000000eab00000, 0x00000000eab00000, 0x00000000eac00000|  0%| F|  |TAMS 0x00000000eab00000, 0x00000000eab00000| Untracked 
| 172|0x00000000eac00000, 0x00000000eac00000, 0x00000000ead00000|  0%| F|  |TAMS 0x00000000eac00000, 0x00000000eac00000| Untracked 
| 173|0x00000000ead00000, 0x00000000ead00000, 0x00000000eae00000|  0%| F|  |TAMS 0x00000000ead00000, 0x00000000ead00000| Untracked 
| 174|0x00000000eae00000, 0x00000000eae00000, 0x00000000eaf00000|  0%| F|  |TAMS 0x00000000eae00000, 0x00000000eae00000| Untracked 
| 175|0x00000000eaf00000, 0x00000000eaf00000, 0x00000000eb000000|  0%| F|  |TAMS 0x00000000eaf00000, 0x00000000eaf00000| Untracked 
| 176|0x00000000eb000000, 0x00000000eb000000, 0x00000000eb100000|  0%| F|  |TAMS 0x00000000eb000000, 0x00000000eb000000| Untracked 
| 177|0x00000000eb100000, 0x00000000eb100000, 0x00000000eb200000|  0%| F|  |TAMS 0x00000000eb100000, 0x00000000eb100000| Untracked 
| 178|0x00000000eb200000, 0x00000000eb200000, 0x00000000eb300000|  0%| F|  |TAMS 0x00000000eb200000, 0x00000000eb200000| Untracked 
| 179|0x00000000eb300000, 0x00000000eb300000, 0x00000000eb400000|  0%| F|  |TAMS 0x00000000eb300000, 0x00000000eb300000| Untracked 
| 180|0x00000000eb400000, 0x00000000eb400000, 0x00000000eb500000|  0%| F|  |TAMS 0x00000000eb400000, 0x00000000eb400000| Untracked 
| 181|0x00000000eb500000, 0x00000000eb600000, 0x00000000eb600000|100%| E|  |TAMS 0x00000000eb500000, 0x00000000eb500000| Complete 
| 182|0x00000000eb600000, 0x00000000eb700000, 0x00000000eb700000|100%| E|CS|TAMS 0x00000000eb600000, 0x00000000eb600000| Complete 
| 183|0x00000000eb700000, 0x00000000eb800000, 0x00000000eb800000|100%| E|CS|TAMS 0x00000000eb700000, 0x00000000eb700000| Complete 
| 184|0x00000000eb800000, 0x00000000eb900000, 0x00000000eb900000|100%| E|CS|TAMS 0x00000000eb800000, 0x00000000eb800000| Complete 
| 185|0x00000000eb900000, 0x00000000eba00000, 0x00000000eba00000|100%| E|CS|TAMS 0x00000000eb900000, 0x00000000eb900000| Complete 
| 186|0x00000000eba00000, 0x00000000ebb00000, 0x00000000ebb00000|100%| E|CS|TAMS 0x00000000eba00000, 0x00000000eba00000| Complete 
| 187|0x00000000ebb00000, 0x00000000ebc00000, 0x00000000ebc00000|100%| E|CS|TAMS 0x00000000ebb00000, 0x00000000ebb00000| Complete 
| 188|0x00000000ebc00000, 0x00000000ebd00000, 0x00000000ebd00000|100%| E|CS|TAMS 0x00000000ebc00000, 0x00000000ebc00000| Complete 
| 189|0x00000000ebd00000, 0x00000000ebe00000, 0x00000000ebe00000|100%| E|CS|TAMS 0x00000000ebd00000, 0x00000000ebd00000| Complete 
| 190|0x00000000ebe00000, 0x00000000ebf00000, 0x00000000ebf00000|100%| E|CS|TAMS 0x00000000ebe00000, 0x00000000ebe00000| Complete 
| 191|0x00000000ebf00000, 0x00000000ec000000, 0x00000000ec000000|100%| E|CS|TAMS 0x00000000ebf00000, 0x00000000ebf00000| Complete 
| 192|0x00000000ec000000, 0x00000000ec100000, 0x00000000ec100000|100%| E|CS|TAMS 0x00000000ec000000, 0x00000000ec000000| Complete 
| 193|0x00000000ec100000, 0x00000000ec200000, 0x00000000ec200000|100%| E|CS|TAMS 0x00000000ec100000, 0x00000000ec100000| Complete 
| 194|0x00000000ec200000, 0x00000000ec300000, 0x00000000ec300000|100%| E|CS|TAMS 0x00000000ec200000, 0x00000000ec200000| Complete 
| 195|0x00000000ec300000, 0x00000000ec400000, 0x00000000ec400000|100%| E|CS|TAMS 0x00000000ec300000, 0x00000000ec300000| Complete 
| 196|0x00000000ec400000, 0x00000000ec500000, 0x00000000ec500000|100%| E|CS|TAMS 0x00000000ec400000, 0x00000000ec400000| Complete 
| 197|0x00000000ec500000, 0x00000000ec600000, 0x00000000ec600000|100%| E|CS|TAMS 0x00000000ec500000, 0x00000000ec500000| Complete 
| 198|0x00000000ec600000, 0x00000000ec700000, 0x00000000ec700000|100%| E|CS|TAMS 0x00000000ec600000, 0x00000000ec600000| Complete 
| 199|0x00000000ec700000, 0x00000000ec800000, 0x00000000ec800000|100%| E|CS|TAMS 0x00000000ec700000, 0x00000000ec700000| Complete 
| 200|0x00000000ec800000, 0x00000000ec900000, 0x00000000ec900000|100%| E|CS|TAMS 0x00000000ec800000, 0x00000000ec800000| Complete 
| 201|0x00000000ec900000, 0x00000000eca00000, 0x00000000eca00000|100%| E|CS|TAMS 0x00000000ec900000, 0x00000000ec900000| Complete 
| 202|0x00000000eca00000, 0x00000000ecb00000, 0x00000000ecb00000|100%| E|CS|TAMS 0x00000000eca00000, 0x00000000eca00000| Complete 
| 203|0x00000000ecb00000, 0x00000000ecc00000, 0x00000000ecc00000|100%| E|CS|TAMS 0x00000000ecb00000, 0x00000000ecb00000| Complete 
| 204|0x00000000ecc00000, 0x00000000ecd00000, 0x00000000ecd00000|100%| E|CS|TAMS 0x00000000ecc00000, 0x00000000ecc00000| Complete 
| 205|0x00000000ecd00000, 0x00000000ece00000, 0x00000000ece00000|100%| E|CS|TAMS 0x00000000ecd00000, 0x00000000ecd00000| Complete 
| 206|0x00000000ece00000, 0x00000000ecf00000, 0x00000000ecf00000|100%| E|CS|TAMS 0x00000000ece00000, 0x00000000ece00000| Complete 
| 207|0x00000000ecf00000, 0x00000000ed000000, 0x00000000ed000000|100%| E|CS|TAMS 0x00000000ecf00000, 0x00000000ecf00000| Complete 
| 208|0x00000000ed000000, 0x00000000ed100000, 0x00000000ed100000|100%| E|CS|TAMS 0x00000000ed000000, 0x00000000ed000000| Complete 
| 209|0x00000000ed100000, 0x00000000ed200000, 0x00000000ed200000|100%| E|CS|TAMS 0x00000000ed100000, 0x00000000ed100000| Complete 
| 210|0x00000000ed200000, 0x00000000ed300000, 0x00000000ed300000|100%| E|CS|TAMS 0x00000000ed200000, 0x00000000ed200000| Complete 
| 211|0x00000000ed300000, 0x00000000ed400000, 0x00000000ed400000|100%| E|CS|TAMS 0x00000000ed300000, 0x00000000ed300000| Complete 
| 212|0x00000000ed400000, 0x00000000ed500000, 0x00000000ed500000|100%| E|CS|TAMS 0x00000000ed400000, 0x00000000ed400000| Complete 
| 213|0x00000000ed500000, 0x00000000ed600000, 0x00000000ed600000|100%| E|CS|TAMS 0x00000000ed500000, 0x00000000ed500000| Complete 
| 214|0x00000000ed600000, 0x00000000ed700000, 0x00000000ed700000|100%| E|CS|TAMS 0x00000000ed600000, 0x00000000ed600000| Complete 
| 215|0x00000000ed700000, 0x00000000ed800000, 0x00000000ed800000|100%| E|CS|TAMS 0x00000000ed700000, 0x00000000ed700000| Complete 
| 216|0x00000000ed800000, 0x00000000ed900000, 0x00000000ed900000|100%| E|CS|TAMS 0x00000000ed800000, 0x00000000ed800000| Complete 
| 217|0x00000000ed900000, 0x00000000eda00000, 0x00000000eda00000|100%| E|CS|TAMS 0x00000000ed900000, 0x00000000ed900000| Complete 
| 218|0x00000000eda00000, 0x00000000edb00000, 0x00000000edb00000|100%| E|CS|TAMS 0x00000000eda00000, 0x00000000eda00000| Complete 
| 219|0x00000000edb00000, 0x00000000edc00000, 0x00000000edc00000|100%| E|CS|TAMS 0x00000000edb00000, 0x00000000edb00000| Complete 
| 220|0x00000000edc00000, 0x00000000edd00000, 0x00000000edd00000|100%| E|CS|TAMS 0x00000000edc00000, 0x00000000edc00000| Complete 
| 221|0x00000000edd00000, 0x00000000edd0bf80, 0x00000000ede00000|  4%| S|CS|TAMS 0x00000000edd00000, 0x00000000edd00000| Complete 
| 222|0x00000000ede00000, 0x00000000edf00000, 0x00000000edf00000|100%| S|CS|TAMS 0x00000000ede00000, 0x00000000ede00000| Complete 
| 223|0x00000000edf00000, 0x00000000ee000000, 0x00000000ee000000|100%| S|CS|TAMS 0x00000000edf00000, 0x00000000edf00000| Complete 
| 224|0x00000000ee000000, 0x00000000ee100000, 0x00000000ee100000|100%| S|CS|TAMS 0x00000000ee000000, 0x00000000ee000000| Complete 
| 225|0x00000000ee100000, 0x00000000ee200000, 0x00000000ee200000|100%| E|CS|TAMS 0x00000000ee100000, 0x00000000ee100000| Complete 
| 226|0x00000000ee200000, 0x00000000ee300000, 0x00000000ee300000|100%| E|CS|TAMS 0x00000000ee200000, 0x00000000ee200000| Complete 
| 227|0x00000000ee300000, 0x00000000ee400000, 0x00000000ee400000|100%| E|CS|TAMS 0x00000000ee300000, 0x00000000ee300000| Complete 
| 228|0x00000000ee400000, 0x00000000ee500000, 0x00000000ee500000|100%| E|CS|TAMS 0x00000000ee400000, 0x00000000ee400000| Complete 
| 229|0x00000000ee500000, 0x00000000ee600000, 0x00000000ee600000|100%| E|CS|TAMS 0x00000000ee500000, 0x00000000ee500000| Complete 
| 230|0x00000000ee600000, 0x00000000ee700000, 0x00000000ee700000|100%| E|CS|TAMS 0x00000000ee600000, 0x00000000ee600000| Complete 
| 231|0x00000000ee700000, 0x00000000ee800000, 0x00000000ee800000|100%| E|CS|TAMS 0x00000000ee700000, 0x00000000ee700000| Complete 
| 232|0x00000000ee800000, 0x00000000ee900000, 0x00000000ee900000|100%| E|CS|TAMS 0x00000000ee800000, 0x00000000ee800000| Complete 
| 233|0x00000000ee900000, 0x00000000eea00000, 0x00000000eea00000|100%| E|CS|TAMS 0x00000000ee900000, 0x00000000ee900000| Complete 
| 234|0x00000000eea00000, 0x00000000eeb00000, 0x00000000eeb00000|100%| E|CS|TAMS 0x00000000eea00000, 0x00000000eea00000| Complete 
| 235|0x00000000eeb00000, 0x00000000eec00000, 0x00000000eec00000|100%| E|CS|TAMS 0x00000000eeb00000, 0x00000000eeb00000| Complete 
| 236|0x00000000eec00000, 0x00000000eed00000, 0x00000000eed00000|100%| E|CS|TAMS 0x00000000eec00000, 0x00000000eec00000| Complete 
| 237|0x00000000eed00000, 0x00000000eee00000, 0x00000000eee00000|100%| E|CS|TAMS 0x00000000eed00000, 0x00000000eed00000| Complete 
| 238|0x00000000eee00000, 0x00000000eef00000, 0x00000000eef00000|100%| E|CS|TAMS 0x00000000eee00000, 0x00000000eee00000| Complete 
| 239|0x00000000eef00000, 0x00000000ef000000, 0x00000000ef000000|100%| E|CS|TAMS 0x00000000eef00000, 0x00000000eef00000| Complete 
| 240|0x00000000ef000000, 0x00000000ef100000, 0x00000000ef100000|100%| E|CS|TAMS 0x00000000ef000000, 0x00000000ef000000| Complete 
| 241|0x00000000ef100000, 0x00000000ef200000, 0x00000000ef200000|100%| E|CS|TAMS 0x00000000ef100000, 0x00000000ef100000| Complete 
| 242|0x00000000ef200000, 0x00000000ef300000, 0x00000000ef300000|100%| E|CS|TAMS 0x00000000ef200000, 0x00000000ef200000| Complete 
| 243|0x00000000ef300000, 0x00000000ef400000, 0x00000000ef400000|100%| E|CS|TAMS 0x00000000ef300000, 0x00000000ef300000| Complete 
| 244|0x00000000ef400000, 0x00000000ef500000, 0x00000000ef500000|100%| E|CS|TAMS 0x00000000ef400000, 0x00000000ef400000| Complete 
| 245|0x00000000ef500000, 0x00000000ef600000, 0x00000000ef600000|100%| E|CS|TAMS 0x00000000ef500000, 0x00000000ef500000| Complete 
| 246|0x00000000ef600000, 0x00000000ef700000, 0x00000000ef700000|100%| E|CS|TAMS 0x00000000ef600000, 0x00000000ef600000| Complete 
| 247|0x00000000ef700000, 0x00000000ef800000, 0x00000000ef800000|100%| E|CS|TAMS 0x00000000ef700000, 0x00000000ef700000| Complete 
| 248|0x00000000ef800000, 0x00000000ef900000, 0x00000000ef900000|100%| E|CS|TAMS 0x00000000ef800000, 0x00000000ef800000| Complete 
| 249|0x00000000ef900000, 0x00000000efa00000, 0x00000000efa00000|100%| E|CS|TAMS 0x00000000ef900000, 0x00000000ef900000| Complete 
| 250|0x00000000efa00000, 0x00000000efb00000, 0x00000000efb00000|100%| E|CS|TAMS 0x00000000efa00000, 0x00000000efa00000| Complete 
| 251|0x00000000efb00000, 0x00000000efc00000, 0x00000000efc00000|100%| E|CS|TAMS 0x00000000efb00000, 0x00000000efb00000| Complete 
| 252|0x00000000efc00000, 0x00000000efd00000, 0x00000000efd00000|100%| E|CS|TAMS 0x00000000efc00000, 0x00000000efc00000| Complete 
| 253|0x00000000efd00000, 0x00000000efe00000, 0x00000000efe00000|100%| E|CS|TAMS 0x00000000efd00000, 0x00000000efd00000| Complete 
| 254|0x00000000efe00000, 0x00000000eff00000, 0x00000000eff00000|100%| E|CS|TAMS 0x00000000efe00000, 0x00000000efe00000| Complete 
| 255|0x00000000eff00000, 0x00000000f0000000, 0x00000000f0000000|100%| E|CS|TAMS 0x00000000eff00000, 0x00000000eff00000| Complete 

Card table byte_map: [0x000002a460540000,0x000002a460640000] _byte_map_base: 0x000002a45fe40000

Marking Bits (Prev, Next): (CMBitMap*) 0x000002a449327240, (CMBitMap*) 0x000002a449327280
 Prev Bits: [0x000002a460740000, 0x000002a460f40000)
 Next Bits: [0x000002a460f40000, 0x000002a461740000)

Polling page: 0x000002a447240000

Metaspace:

Usage:
  Non-class:     14.21 MB used.
      Class:      2.42 MB used.
       Both:     16.62 MB used.

Virtual space:
  Non-class space:       64.00 MB reserved,      14.38 MB ( 22%) committed,  1 nodes.
      Class space:      320.00 MB reserved,       2.56 MB ( <1%) committed,  1 nodes.
             Both:      384.00 MB reserved,      16.94 MB (  4%) committed. 

Chunk freelists:
   Non-Class:  1.20 MB
       Class:  13.44 MB
        Both:  14.64 MB

MaxMetaspaceSize: 384.00 MB
CompressedClassSpaceSize: 320.00 MB
Initial GC threshold: 21.00 MB
Current GC threshold: 21.00 MB
CDS: on
MetaspaceReclaimPolicy: balanced
 - commit_granule_bytes: 65536.
 - commit_granule_words: 8192.
 - virtual_space_node_default_size: 8388608.
 - enlarge_chunks_in_place: 1.
 - new_chunks_are_fully_committed: 0.
 - uncommit_free_chunks: 1.
 - use_allocation_guard: 0.
 - handle_deallocations: 1.


Internal statistics:

num_allocs_failed_limit: 0.
num_arena_births: 228.
num_arena_deaths: 0.
num_vsnodes_births: 2.
num_vsnodes_deaths: 0.
num_space_committed: 271.
num_space_uncommitted: 0.
num_chunks_returned_to_freelist: 0.
num_chunks_taken_from_freelist: 808.
num_chunk_merges: 0.
num_chunk_splits: 522.
num_chunks_enlarged: 374.
num_inconsistent_stats: 0.

CodeHeap 'non-profiled nmethods': size=119168Kb used=1252Kb max_used=1252Kb free=117915Kb
 bounds [0x000002a458760000, 0x000002a4589d0000, 0x000002a45fbc0000]
CodeHeap 'profiled nmethods': size=119104Kb used=5312Kb max_used=5312Kb free=113791Kb
 bounds [0x000002a450bc0000, 0x000002a451100000, 0x000002a458010000]
CodeHeap 'non-nmethods': size=7488Kb used=2911Kb max_used=2961Kb free=4577Kb
 bounds [0x000002a458010000, 0x000002a458300000, 0x000002a458760000]
 total_blobs=3053 nmethods=2519 adapters=443
 compilation: enabled
              stopped_count=0, restarted_count=0
 full_count=0

Compilation events (20 events):
Event: 1.848 Thread 0x000002a4646f7480 nmethod 2508 0x000002a4510ebf90 code [0x000002a4510ec120, 0x000002a4510ec2b8]
Event: 1.848 Thread 0x000002a4646f7480 2510       3       java.lang.invoke.MethodHandles$Lookup$ClassFile::<init> (20 bytes)
Event: 1.848 Thread 0x000002a46494ab30 2511       3       java.lang.invoke.MethodHandles$Lookup$ClassDefiner::<init> (58 bytes)
Event: 1.848 Thread 0x000002a47ed49ff0 2512       3       java.lang.invoke.MethodHandles$Lookup$ClassDefiner::defineClass (97 bytes)
Event: 1.848 Thread 0x000002a464948600 nmethod 2509 0x000002a4510ec390 code [0x000002a4510ec540, 0x000002a4510ec7a8]
Event: 1.848 Thread 0x000002a464948600 2513       3       java.lang.System$2::defineClass (21 bytes)
Event: 1.848 Thread 0x000002a4646f7480 nmethod 2510 0x000002a4510ec910 code [0x000002a4510ecac0, 0x000002a4510eccf8]
Event: 1.848 Thread 0x000002a464948600 nmethod 2513 0x000002a4510ecd90 code [0x000002a4510ecf40, 0x000002a4510ed0a8]
Event: 1.849 Thread 0x000002a46494ab30 nmethod 2511 0x000002a4510ed190 code [0x000002a4510ed340, 0x000002a4510ed5d8]
Event: 1.849 Thread 0x000002a47ed49ff0 nmethod 2512 0x000002a4510ed710 code [0x000002a4510ed9a0, 0x000002a4510ee818]
Event: 1.854 Thread 0x000002a46494ab30 2515       3       sun.reflect.generics.repository.AbstractRepository::getReifier (8 bytes)
Event: 1.855 Thread 0x000002a46494ab30 nmethod 2515 0x000002a4510eed90 code [0x000002a4510eef40, 0x000002a4510ef238]
Event: 1.855 Thread 0x000002a47ed49ff0 2516       3       java.lang.invoke.InfoFromMemberName::getModifiers (8 bytes)
Event: 1.855 Thread 0x000002a47ed49ff0 nmethod 2516 0x000002a4510ef390 code [0x000002a4510ef520, 0x000002a4510ef698]
Event: 1.870 Thread 0x000002a47e29a460 2518       4       java.util.ArrayDeque::pollFirst (36 bytes)
Event: 1.871 Thread 0x000002a47e29a460 nmethod 2518 0x000002a458898a90 code [0x000002a458898c00, 0x000002a458898d18]
Event: 1.872 Thread 0x000002a47e29a460 2519       4       java.net.URLClassLoader$1::run (5 bytes)
Event: 1.873 Thread 0x000002a4649f4640 2520   !   4       java.net.URLClassLoader$1::run (81 bytes)
Event: 1.881 Thread 0x000002a47ed49ff0 2522       3       org.gradle.internal.service.DefaultServiceRegistry$ParentServices::getService (11 bytes)
Event: 1.881 Thread 0x000002a47ed49ff0 nmethod 2522 0x000002a4510ef790 code [0x000002a4510ef940, 0x000002a4510efb08]

GC Heap History (4 events):
Event: 0.470 GC heap before
{Heap before GC invocations=0 (full 0):
 garbage-first heap   total 262144K, used 26624K [0x00000000e0000000, 0x0000000100000000)
  region size 1024K, 23 young (23552K), 0 survivors (0K)
 Metaspace       used 3051K, committed 3200K, reserved 393216K
  class space    used 380K, committed 448K, reserved 327680K
}
Event: 0.474 GC heap after
{Heap after GC invocations=1 (full 0):
 garbage-first heap   total 262144K, used 10361K [0x00000000e0000000, 0x0000000100000000)
  region size 1024K, 3 young (3072K), 3 survivors (3072K)
 Metaspace       used 3051K, committed 3200K, reserved 393216K
  class space    used 380K, committed 448K, reserved 327680K
}
Event: 0.819 GC heap before
{Heap before GC invocations=1 (full 0):
 garbage-first heap   total 262144K, used 40057K [0x00000000e0000000, 0x0000000100000000)
  region size 1024K, 31 young (31744K), 3 survivors (3072K)
 Metaspace       used 3988K, committed 4160K, reserved 393216K
  class space    used 476K, committed 576K, reserved 327680K
}
Event: 0.822 GC heap after
{Heap after GC invocations=2 (full 0):
 garbage-first heap   total 262144K, used 13253K [0x00000000e0000000, 0x0000000100000000)
  region size 1024K, 4 young (4096K), 4 survivors (4096K)
 Metaspace       used 3988K, committed 4160K, reserved 393216K
  class space    used 476K, committed 576K, reserved 327680K
}

Deoptimization events (20 events):
Event: 1.586 Thread 0x000002a4005998e0 DEOPT PACKING pc=0x000002a4587f7e3c sp=0x000000fc546fce40
Event: 1.586 Thread 0x000002a4005998e0 DEOPT UNPACKING pc=0x000002a4580623a3 sp=0x000000fc546fccd8 mode 2
Event: 1.600 Thread 0x000002a4005998e0 Uncommon trap: trap_request=0xffffff45 fr.pc=0x000002a45877b690 relative=0x0000000000000a90
Event: 1.600 Thread 0x000002a4005998e0 Uncommon trap: reason=unstable_if action=reinterpret pc=0x000002a45877b690 method=java.io.WinNTFileSystem.resolve(Ljava/lang/String;Ljava/lang/String;)Ljava/lang/String; @ 19 c2
Event: 1.600 Thread 0x000002a4005998e0 DEOPT PACKING pc=0x000002a45877b690 sp=0x000000fc546fcd50
Event: 1.600 Thread 0x000002a4005998e0 DEOPT UNPACKING pc=0x000002a4580623a3 sp=0x000000fc546fccf8 mode 2
Event: 1.601 Thread 0x000002a4005998e0 Uncommon trap: trap_request=0xffffff45 fr.pc=0x000002a4587dbaa0 relative=0x00000000000005e0
Event: 1.601 Thread 0x000002a4005998e0 Uncommon trap: reason=unstable_if action=reinterpret pc=0x000002a4587dbaa0 method=java.io.File.getName()Ljava/lang/String; @ 16 c2
Event: 1.601 Thread 0x000002a4005998e0 DEOPT PACKING pc=0x000002a4587dbaa0 sp=0x000000fc546fccf0
Event: 1.601 Thread 0x000002a4005998e0 DEOPT UNPACKING pc=0x000002a4580623a3 sp=0x000000fc546fccc0 mode 2
Event: 1.780 Thread 0x000002a4005998e0 DEOPT PACKING pc=0x000002a450fb8bea sp=0x000000fc546fb460
Event: 1.780 Thread 0x000002a4005998e0 DEOPT UNPACKING pc=0x000002a458062b43 sp=0x000000fc546fa970 mode 0
Event: 1.794 Thread 0x000002a4005998e0 DEOPT PACKING pc=0x000002a450fb8bea sp=0x000000fc546fc1d0
Event: 1.794 Thread 0x000002a4005998e0 DEOPT UNPACKING pc=0x000002a458062b43 sp=0x000000fc546fb6e0 mode 0
Event: 1.801 Thread 0x000002a4005998e0 DEOPT PACKING pc=0x000002a450fb8bea sp=0x000000fc546f7a30
Event: 1.801 Thread 0x000002a4005998e0 DEOPT UNPACKING pc=0x000002a458062b43 sp=0x000000fc546f6f40 mode 0
Event: 1.833 Thread 0x000002a4005998e0 Uncommon trap: trap_request=0xffffff45 fr.pc=0x000002a4588714f8 relative=0x0000000000000158
Event: 1.833 Thread 0x000002a4005998e0 Uncommon trap: reason=unstable_if action=reinterpret pc=0x000002a4588714f8 method=java.util.HashMap.getNode(Ljava/lang/Object;)Ljava/util/HashMap$Node; @ 131 c2
Event: 1.833 Thread 0x000002a4005998e0 DEOPT PACKING pc=0x000002a4588714f8 sp=0x000000fc546fade0
Event: 1.833 Thread 0x000002a4005998e0 DEOPT UNPACKING pc=0x000002a4580623a3 sp=0x000000fc546facf0 mode 2

Classes unloaded (0 events):
No events

Classes redefined (0 events):
No events

Internal exceptions (20 events):
Event: 1.492 Thread 0x000002a4005998e0 Exception <a 'java/lang/NoSuchMethodError'{0x00000000ed535098}: 'java.lang.Object java.lang.invoke.DirectMethodHandle$Holder.invokeSpecial(java.lang.Object, java.lang.Object, java.lang.Object, java.lang.Object, java.lang.Object, java.lang.Object, java.lang.Object, java.lang.Object, java.lang.Object, java.lang.Object, java.lang.Object, java.lang.Object)'> (0x00000000ed535098) 
thrown [s\open\src\hotspot\share\interpreter\linkResolver.cpp, line 759]
Event: 1.508 Thread 0x000002a4005998e0 Exception <a 'java/lang/NoSuchMethodError'{0x00000000ed441b60}: 'java.lang.Object java.lang.invoke.DirectMethodHandle$Holder.invokeSpecial(java.lang.Object, java.lang.Object, java.lang.Object, java.lang.Object, java.lang.Object, java.lang.Object, java.lang.Object, java.lang.Object, java.lang.Object)'> (0x00000000ed441b60) 
thrown [s\open\src\hotspot\share\interpreter\linkResolver.cpp, line 759]
Event: 1.547 Thread 0x000002a4005998e0 Exception <a 'java/lang/NoSuchMethodError'{0x00000000ed171090}: 'void java.lang.invoke.DirectMethodHandle$Holder.invokeStaticInit(java.lang.Object)'> (0x00000000ed171090) 
thrown [s\open\src\hotspot\share\interpreter\linkResolver.cpp, line 759]
Event: 1.557 Thread 0x000002a4005998e0 Exception <a 'java/lang/NoSuchMethodError'{0x00000000ed004de0}: 'java.lang.Object java.lang.invoke.DirectMethodHandle$Holder.newInvokeSpecial(java.lang.Object, java.lang.Object, java.lang.Object, int)'> (0x00000000ed004de0) 
thrown [s\open\src\hotspot\share\interpreter\linkResolver.cpp, line 759]
Event: 1.557 Thread 0x000002a4005998e0 Exception <a 'java/lang/NoSuchMethodError'{0x00000000ed009710}: 'java.lang.Object java.lang.invoke.DirectMethodHandle$Holder.invokeSpecial(java.lang.Object, java.lang.Object, java.lang.Object, java.lang.Object, int)'> (0x00000000ed009710) 
thrown [s\open\src\hotspot\share\interpreter\linkResolver.cpp, line 759]
Event: 1.558 Thread 0x000002a4005998e0 Exception <a 'java/lang/NoSuchMethodError'{0x00000000ed00d828}: 'java.lang.Object java.lang.invoke.Invokers$Holder.linkToTargetMethod(java.lang.Object, java.lang.Object, int, java.lang.Object)'> (0x00000000ed00d828) 
thrown [s\open\src\hotspot\share\interpreter\linkResolver.cpp, line 759]
Event: 1.652 Thread 0x000002a400598ec0 Exception <a 'java/lang/NoSuchMethodError'{0x00000000ee417ba8}: static Lorg/gradle/internal/build/event/types/DefaultOperationStartedProgressEvent;.<clinit>()V> (0x00000000ee417ba8) 
thrown [s\open\src\hotspot\share\prims\jni.cpp, line 1112]
Event: 1.652 Thread 0x000002a400598ec0 Exception <a 'java/lang/NoSuchMethodError'{0x00000000ee419270}: static Lorg/gradle/internal/build/event/types/AbstractProgressEvent;.<clinit>()V> (0x00000000ee419270) 
thrown [s\open\src\hotspot\share\prims\jni.cpp, line 1112]
Event: 1.653 Thread 0x000002a400598ec0 Exception <a 'java/lang/NoSuchMethodError'{0x00000000ee421a00}: static Lorg/gradle/internal/build/event/types/DefaultOperationDescriptor;.<clinit>()V> (0x00000000ee421a00) 
thrown [s\open\src\hotspot\share\prims\jni.cpp, line 1112]
Event: 1.655 Thread 0x000002a400598ec0 Exception <a 'java/lang/NoSuchMethodError'{0x00000000ee436528}: static Lorg/gradle/internal/operations/OperationIdentifier;.<clinit>()V> (0x00000000ee436528) 
thrown [s\open\src\hotspot\share\prims\jni.cpp, line 1112]
Event: 1.718 Thread 0x000002a4005998e0 Exception <a 'java/lang/NoSuchMethodError'{0x00000000ec394100}: 'int java.lang.invoke.DirectMethodHandle$Holder.invokeSpecialIFC(java.lang.Object, java.lang.Object, java.lang.Object, java.lang.Object)'> (0x00000000ec394100) 
thrown [s\open\src\hotspot\share\interpreter\linkResolver.cpp, line 759]
Event: 1.719 Thread 0x000002a4005998e0 Exception <a 'java/lang/NoSuchMethodError'{0x00000000ec3a30d8}: 'java.lang.Object java.lang.invoke.DirectMethodHandle$Holder.invokeInterface(java.lang.Object, java.lang.Object, java.lang.Object)'> (0x00000000ec3a30d8) 
thrown [s\open\src\hotspot\share\interpreter\linkResolver.cpp, line 759]
Event: 1.719 Thread 0x000002a4005998e0 Exception <a 'java/lang/IncompatibleClassChangeError'{0x00000000ec3a6cf0}: Found class java.lang.Object, but interface was expected> (0x00000000ec3a6cf0) 
thrown [s\open\src\hotspot\share\interpreter\linkResolver.cpp, line 826]
Event: 1.731 Thread 0x000002a4005998e0 Exception <a 'java/lang/NoSuchMethodError'{0x00000000ec27cd78}: 'int java.lang.invoke.DirectMethodHandle$Holder.invokeStatic(java.lang.Object, java.lang.Object, java.lang.Object, java.lang.Object)'> (0x00000000ec27cd78) 
thrown [s\open\src\hotspot\share\interpreter\linkResolver.cpp, line 759]
Event: 1.731 Thread 0x000002a4005998e0 Exception <a 'java/lang/NoSuchMethodError'{0x00000000ec280be0}: 'java.lang.Object java.lang.invoke.Invokers$Holder.invokeExact_MT(java.lang.Object, java.lang.Object, java.lang.Object, java.lang.Object, java.lang.Object, java.lang.Object)'> (0x00000000ec280be0) 
thrown [s\open\src\hotspot\share\interpreter\linkResolver.cpp, line 759]
Event: 1.810 Thread 0x000002a4005998e0 Exception <a 'java/lang/NoSuchMethodError'{0x00000000ebaa74b0}: 'void java.lang.invoke.DirectMethodHandle$Holder.invokeStatic(java.lang.Object, java.lang.Object)'> (0x00000000ebaa74b0) 
thrown [s\open\src\hotspot\share\interpreter\linkResolver.cpp, line 759]
Event: 1.814 Thread 0x000002a4005998e0 Exception <a 'java/lang/NoSuchMethodError'{0x00000000eb9076c0}: 'java.lang.Object java.lang.invoke.DirectMethodHandle$Holder.invokeVirtual(java.lang.Object, java.lang.Object, java.lang.Object, java.lang.Object)'> (0x00000000eb9076c0) 
thrown [s\open\src\hotspot\share\interpreter\linkResolver.cpp, line 759]
Event: 1.841 Thread 0x000002a4005998e0 Exception <a 'java/lang/NoSuchMethodError'{0x00000000eb8a7ec0}: 'java.lang.Object java.lang.invoke.DirectMethodHandle$Holder.newInvokeSpecial(java.lang.Object, java.lang.Object, java.lang.Object, java.lang.Object, java.lang.Object, java.lang.Object, java.lang.Object)'> (0x00000000eb8a7ec0) 
thrown [s\open\src\hotspot\share\interpreter\linkResolver.cpp, line 759]
Event: 1.841 Thread 0x000002a4005998e0 Exception <a 'java/lang/NoSuchMethodError'{0x00000000eb8acb90}: 'java.lang.Object java.lang.invoke.Invokers$Holder.linkToTargetMethod(java.lang.Object, java.lang.Object, java.lang.Object, java.lang.Object, java.lang.Object, java.lang.Object, java.lang.Object)'> (0x00000000eb8acb90) 
thrown [s\open\src\hotspot\share\interpreter\linkResolver.cpp, line 759]
Event: 1.860 Thread 0x000002a4005998e0 Exception <a 'java/lang/NoSuchMethodError'{0x00000000eb7fe720}: 'java.lang.Object java.lang.invoke.DirectMethodHandle$Holder.invokeVirtual(java.lang.Object, java.lang.Object, java.lang.Object, java.lang.Object, java.lang.Object, java.lang.Object, java.lang.Object, java.lang.Object, java.lang.Object, java.lang.Object, java.lang.Object, java.lang.Object, java.lang.Object, java.lang.Object, java.lang.Object, java.lang.Object, java.lang.Object, java.lang.Object, java.lang.Object, java.lang.Object, java.lang.Ob

VM Operations (20 events):
Event: 0.973 Executing VM operation: HandshakeAllThreads
Event: 0.973 Executing VM operation: HandshakeAllThreads done
Event: 0.994 Executing VM operation: HandshakeAllThreads
Event: 0.994 Executing VM operation: HandshakeAllThreads done
Event: 1.033 Executing VM operation: HandshakeAllThreads
Event: 1.033 Executing VM operation: HandshakeAllThreads done
Event: 1.066 Executing VM operation: HandshakeAllThreads
Event: 1.066 Executing VM operation: HandshakeAllThreads done
Event: 1.123 Executing VM operation: HandshakeAllThreads
Event: 1.123 Executing VM operation: HandshakeAllThreads done
Event: 1.243 Executing VM operation: HandshakeAllThreads
Event: 1.243 Executing VM operation: HandshakeAllThreads done
Event: 1.307 Executing VM operation: HandshakeAllThreads
Event: 1.307 Executing VM operation: HandshakeAllThreads done
Event: 1.424 Executing VM operation: ICBufferFull
Event: 1.424 Executing VM operation: ICBufferFull done
Event: 1.620 Executing VM operation: HandshakeAllThreads
Event: 1.620 Executing VM operation: HandshakeAllThreads done
Event: 1.621 Executing VM operation: HandshakeAllThreads
Event: 1.621 Executing VM operation: HandshakeAllThreads done

Events (20 events):
Event: 1.715 loading class java/nio/file/attribute/PosixFilePermissions$1
Event: 1.715 loading class java/nio/file/attribute/PosixFilePermissions$1 done
Event: 1.715 loading class java/util/concurrent/Semaphore
Event: 1.715 loading class java/util/concurrent/Semaphore done
Event: 1.717 loading class java/nio/file/FileVisitOption
Event: 1.717 loading class java/nio/file/FileVisitOption done
Event: 1.719 loading class java/util/stream/ReduceOps$1
Event: 1.719 loading class java/util/stream/ReduceOps$1 done
Event: 1.719 loading class java/util/stream/ReduceOps$1ReducingSink
Event: 1.719 loading class java/util/stream/ReduceOps$1ReducingSink done
Event: 1.797 loading class javax/xml/parsers/ParserConfigurationException
Event: 1.798 loading class javax/xml/parsers/ParserConfigurationException done
Event: 1.798 loading class org/xml/sax/SAXException
Event: 1.798 loading class org/xml/sax/SAXException done
Event: 1.798 loading class javax/xml/xpath/XPathExpressionException
Event: 1.798 loading class javax/xml/xpath/XPathException
Event: 1.798 loading class javax/xml/xpath/XPathException done
Event: 1.798 loading class javax/xml/xpath/XPathExpressionException done
Event: 1.798 loading class org/xml/sax/ErrorHandler
Event: 1.798 loading class org/xml/sax/ErrorHandler done


Dynamic libraries:
0x00007ff71c640000 - 0x00007ff71c650000 	D:\bk compu\bk compu\bk compu\vv\java\jdk-17.0.12\bin\java.exe
0x00007fff49bd0000 - 0x00007fff49dc8000 	C:\Windows\SYSTEM32\ntdll.dll
0x00007fff499a0000 - 0x00007fff49a61000 	C:\Windows\System32\KERNEL32.DLL
0x00007fff47440000 - 0x00007fff47736000 	C:\Windows\System32\KERNELBASE.dll
0x00007fff478a0000 - 0x00007fff479a0000 	C:\Windows\System32\ucrtbase.dll
0x00007fff2d0b0000 - 0x00007fff2d0cb000 	D:\bk compu\bk compu\bk compu\vv\java\jdk-17.0.12\bin\VCRUNTIME140.dll
0x00007fff28d70000 - 0x00007fff28d89000 	D:\bk compu\bk compu\bk compu\vv\java\jdk-17.0.12\bin\jli.dll
0x00007fff483d0000 - 0x00007fff48480000 	C:\Windows\System32\ADVAPI32.dll
0x00007fff48190000 - 0x00007fff4822e000 	C:\Windows\System32\msvcrt.dll
0x00007fff485e0000 - 0x00007fff48680000 	C:\Windows\System32\sechost.dll
0x00007fff48af0000 - 0x00007fff48c13000 	C:\Windows\System32\RPCRT4.dll
0x00007fff472b0000 - 0x00007fff472d7000 	C:\Windows\System32\bcrypt.dll
0x00007fff47f50000 - 0x00007fff480ef000 	C:\Windows\System32\USER32.dll
0x00007fff47280000 - 0x00007fff472a2000 	C:\Windows\System32\win32u.dll
0x00007fff30420000 - 0x00007fff306ba000 	C:\Windows\WinSxS\amd64_microsoft.windows.common-controls_6595b64144ccf1df_6.0.19041.4355_none_60b8b9eb71f62e16\COMCTL32.dll
0x00007fff48cb0000 - 0x00007fff48cdb000 	C:\Windows\System32\GDI32.dll
0x00007fff47a30000 - 0x00007fff47b47000 	C:\Windows\System32\gdi32full.dll
0x00007fff47350000 - 0x00007fff473ed000 	C:\Windows\System32\msvcp_win.dll
0x00007fff3f700000 - 0x00007fff3f70a000 	C:\Windows\SYSTEM32\VERSION.dll
0x00007fff48c80000 - 0x00007fff48caf000 	C:\Windows\System32\IMM32.DLL
0x00007fff40590000 - 0x00007fff4059c000 	D:\bk compu\bk compu\bk compu\vv\java\jdk-17.0.12\bin\vcruntime140_1.dll
0x00007fff227d0000 - 0x00007fff2285e000 	D:\bk compu\bk compu\bk compu\vv\java\jdk-17.0.12\bin\msvcp140.dll
0x00007ffecc700000 - 0x00007ffecd2e0000 	D:\bk compu\bk compu\bk compu\vv\java\jdk-17.0.12\bin\server\jvm.dll
0x00007fff485d0000 - 0x00007fff485d8000 	C:\Windows\System32\PSAPI.DLL
0x00007fff40490000 - 0x00007fff40499000 	C:\Windows\SYSTEM32\WSOCK32.dll
0x00007fff49b20000 - 0x00007fff49b8b000 	C:\Windows\System32\WS2_32.dll
0x00007fff3d330000 - 0x00007fff3d357000 	C:\Windows\SYSTEM32\WINMM.dll
0x00007fff45120000 - 0x00007fff45132000 	C:\Windows\SYSTEM32\kernel.appcore.dll
0x00007fff40510000 - 0x00007fff4051a000 	D:\bk compu\bk compu\bk compu\vv\java\jdk-17.0.12\bin\jimage.dll
0x00007fff3d430000 - 0x00007fff3d614000 	C:\Windows\SYSTEM32\DBGHELP.DLL
0x00007fff269f0000 - 0x00007fff26a24000 	C:\Windows\SYSTEM32\dbgcore.DLL
0x00007fff479a0000 - 0x00007fff47a22000 	C:\Windows\System32\bcryptPrimitives.dll
0x00007fff2e640000 - 0x00007fff2e665000 	D:\bk compu\bk compu\bk compu\vv\java\jdk-17.0.12\bin\java.dll
0x00007fff17c50000 - 0x00007fff17d27000 	D:\bk compu\bk compu\bk compu\vv\java\jdk-17.0.12\bin\jsvml.dll
0x00007fff48ed0000 - 0x00007fff4963c000 	C:\Windows\System32\SHELL32.dll
0x00007fff45320000 - 0x00007fff45abe000 	C:\Windows\SYSTEM32\windows.storage.dll
0x00007fff49640000 - 0x00007fff49993000 	C:\Windows\System32\combase.dll
0x00007fff46ca0000 - 0x00007fff46cce000 	C:\Windows\SYSTEM32\Wldp.dll
0x00007fff48e00000 - 0x00007fff48ecd000 	C:\Windows\System32\OLEAUT32.dll
0x00007fff49a70000 - 0x00007fff49b1d000 	C:\Windows\System32\SHCORE.dll
0x00007fff48370000 - 0x00007fff483c5000 	C:\Windows\System32\shlwapi.dll
0x00007fff471b0000 - 0x00007fff471d4000 	C:\Windows\SYSTEM32\profapi.dll
0x00007fff28d00000 - 0x00007fff28d19000 	D:\bk compu\bk compu\bk compu\vv\java\jdk-17.0.12\bin\net.dll
0x00007fff40250000 - 0x00007fff4035a000 	C:\Windows\SYSTEM32\WINHTTP.dll
0x00007fff46a00000 - 0x00007fff46a6a000 	C:\Windows\system32\mswsock.dll
0x00007fff27c80000 - 0x00007fff27c96000 	D:\bk compu\bk compu\bk compu\vv\java\jdk-17.0.12\bin\nio.dll
0x00007fff28d50000 - 0x00007fff28d68000 	D:\bk compu\bk compu\bk compu\vv\java\jdk-17.0.12\bin\zip.dll
0x00007fff2e3f0000 - 0x00007fff2e400000 	D:\bk compu\bk compu\bk compu\vv\java\jdk-17.0.12\bin\verify.dll
0x00007fff24970000 - 0x00007fff24997000 	C:\Users\casa\.gradle\native\68d5fa5c4cc2d200863cafc0d521ce42e7d3e7ee720ec0a83991735586a16f82\windows-amd64\native-platform.dll
0x00007ffefae30000 - 0x00007ffefaf74000 	C:\Users\casa\.gradle\native\e376f236ea51e6404a007f0833ffe2c6e607c4080706a723a18a27aeea778392\windows-amd64\native-platform-file-events.dll
0x00007fff27410000 - 0x00007fff2741a000 	D:\bk compu\bk compu\bk compu\vv\java\jdk-17.0.12\bin\management.dll
0x00007fff27400000 - 0x00007fff2740b000 	D:\bk compu\bk compu\bk compu\vv\java\jdk-17.0.12\bin\management_ext.dll
0x00007fff46c00000 - 0x00007fff46c18000 	C:\Windows\SYSTEM32\CRYPTSP.dll
0x00007fff462b0000 - 0x00007fff462e4000 	C:\Windows\system32\rsaenh.dll
0x00007fff47160000 - 0x00007fff4718e000 	C:\Windows\SYSTEM32\USERENV.dll
0x00007fff46bf0000 - 0x00007fff46bfc000 	C:\Windows\SYSTEM32\CRYPTBASE.dll
0x00007fff46690000 - 0x00007fff466cb000 	C:\Windows\SYSTEM32\IPHLPAPI.DLL
0x00007fff480f0000 - 0x00007fff480f8000 	C:\Windows\System32\NSI.dll
0x00007fff42fc0000 - 0x00007fff42fd7000 	C:\Windows\SYSTEM32\dhcpcsvc6.DLL
0x00007fff42fa0000 - 0x00007fff42fbd000 	C:\Windows\SYSTEM32\dhcpcsvc.DLL
0x00007fff466e0000 - 0x00007fff467aa000 	C:\Windows\SYSTEM32\DNSAPI.dll
0x00007fff26510000 - 0x00007fff2651e000 	D:\bk compu\bk compu\bk compu\vv\java\jdk-17.0.12\bin\sunmscapi.dll
0x00007fff47740000 - 0x00007fff4789e000 	C:\Windows\System32\CRYPT32.dll
0x00007fff46d10000 - 0x00007fff46d39000 	C:\Windows\SYSTEM32\ncrypt.dll
0x00007fff46cd0000 - 0x00007fff46d0b000 	C:\Windows\SYSTEM32\NTASN1.dll
0x00007fff40930000 - 0x00007fff40937000 	C:\Windows\system32\wshunix.dll

dbghelp: loaded successfully - version: 4.0.5 - missing functions: none
symbol engine: initialized successfully - sym options: 0x614 - pdb path: .;D:\bk compu\bk compu\bk compu\vv\java\jdk-17.0.12\bin;C:\Windows\SYSTEM32;C:\Windows\WinSxS\amd64_microsoft.windows.common-controls_6595b64144ccf1df_6.0.19041.4355_none_60b8b9eb71f62e16;D:\bk compu\bk compu\bk compu\vv\java\jdk-17.0.12\bin\server;C:\Users\casa\.gradle\native\68d5fa5c4cc2d200863cafc0d521ce42e7d3e7ee720ec0a83991735586a16f82\windows-amd64;C:\Users\casa\.gradle\native\e376f236ea51e6404a007f0833ffe2c6e607c4080706a723a18a27aeea778392\windows-amd64

VM Arguments:
jvm_args: --add-opens=java.base/java.util=ALL-UNNAMED --add-opens=java.base/java.lang=ALL-UNNAMED --add-opens=java.base/java.lang.invoke=ALL-UNNAMED --add-opens=java.prefs/java.util.prefs=ALL-UNNAMED --add-opens=java.base/java.nio.charset=ALL-UNNAMED --add-opens=java.base/java.net=ALL-UNNAMED --add-opens=java.base/java.util.concurrent.atomic=ALL-UNNAMED -XX:MaxMetaspaceSize=384m -XX:+HeapDumpOnOutOfMemoryError -Xms256m -Xmx512m -Dfile.encoding=utf8 -Duser.country=419 -Duser.language=es -Duser.variant 
java_command: org.gradle.launcher.daemon.bootstrap.GradleDaemon 8.0.2
java_class_path (initial): C:\Users\casa\.gradle\wrapper\dists\gradle-8.0.2-bin\25jlreiuz6u3xu2phlpa2vv4m\gradle-8.0.2\lib\gradle-launcher-8.0.2.jar
Launcher Type: SUN_STANDARD

[Global flags]
     intx CICompilerCount                          = 12                                        {product} {ergonomic}
   size_t CompressedClassSpaceSize                 = 335544320                                 {product} {ergonomic}
     uint ConcGCThreads                            = 3                                         {product} {ergonomic}
     uint G1ConcRefinementThreads                  = 13                                        {product} {ergonomic}
   size_t G1HeapRegionSize                         = 1048576                                   {product} {ergonomic}
    uintx GCDrainStackTargetSize                   = 64                                        {product} {ergonomic}
     bool HeapDumpOnOutOfMemoryError               = true                                   {manageable} {command line}
   size_t InitialHeapSize                          = 268435456                                 {product} {command line}
   size_t MarkStackSize                            = 4194304                                   {product} {ergonomic}
   size_t MaxHeapSize                              = 536870912                                 {product} {command line}
   size_t MaxMetaspaceSize                         = 402653184                                 {product} {command line}
   size_t MaxNewSize                               = 321912832                                 {product} {ergonomic}
   size_t MinHeapDeltaBytes                        = 1048576                                   {product} {ergonomic}
   size_t MinHeapSize                              = 268435456                                 {product} {command line}
    uintx NonNMethodCodeHeapSize                   = 7602480                                {pd product} {ergonomic}
    uintx NonProfiledCodeHeapSize                  = 122027880                              {pd product} {ergonomic}
    uintx ProfiledCodeHeapSize                     = 122027880                              {pd product} {ergonomic}
    uintx ReservedCodeCacheSize                    = 251658240                              {pd product} {ergonomic}
     bool SegmentedCodeCache                       = true                                      {product} {ergonomic}
   size_t SoftMaxHeapSize                          = 536870912                              {manageable} {ergonomic}
     bool UseCompressedClassPointers               = true                           {product lp64_product} {ergonomic}
     bool UseCompressedOops                        = true                           {product lp64_product} {ergonomic}
     bool UseG1GC                                  = true                                      {product} {ergonomic}
     bool UseLargePagesIndividualAllocation        = false                                  {pd product} {ergonomic}

Logging:
Log output configuration:
 #0: stdout all=warning uptime,level,tags
 #1: stderr all=off uptime,level,tags

Environment Variables:
JAVA_HOME=D:\bk compu\bk compu\bk compu\vv\java\jdk-17.0.12
PATH=C:\Program Files\Common Files\Oracle\Java\javapath;C:\Windows\system32;C:\Windows;C:\Windows\System32\Wbem;C:\Windows\System32\WindowsPowerShell\v1.0\;C:\Windows\System32\OpenSSH\;C:\Program Files\NVIDIA Corporation\NVIDIA app\NvDLISR;C:\Program Files (x86)\NVIDIA Corporation\PhysX\Common;C:\Program Files\dotnet\;%JAVA_HOME%\bin;D:\bk compu\bk compu\bk compu\vv\java\gradle-8.9\bin;D:\bk compu\bk compu\bk compu\vv\java\selenium;C:\Program Files\nodejs\;C:\Program Files\Git\cmd;C:\Users\casa\AppData\Local\Microsoft\WindowsApps;D:\Users\casa\AppData\Local\Programs\Microsoft VS Code\bin;C:\Users\casa\AppData\Roaming\npm
USERNAME=casa
OS=Windows_NT
PROCESSOR_IDENTIFIER=AMD64 Family 23 Model 113 Stepping 0, AuthenticAMD



---------------  S Y S T E M  ---------------

OS:
 Windows 10 , 64 bit Build 19041 (10.0.19041.4597)
OS uptime: 2 days 6:43 hours

CPU: total 16 (initial active 16) (16 cores per cpu, 2 threads per core) family 23 model 113 stepping 0 microcode 0x0, cx8, cmov, fxsr, ht, mmx, 3dnowpref, sse, sse2, sse3, ssse3, sse4a, sse4.1, sse4.2, popcnt, lzcnt, tsc, tscinvbit, avx, avx2, aes, clmul, bmi1, bmi2, adx, sha, fma, vzeroupper, clflush, clflushopt

Memory: 4k page, system-wide physical 16331M (4761M free)
TotalPageFile size 18379M (AvailPageFile size 8M)
current process WorkingSet (physical memory assigned to process): 227M, peak: 227M
current process commit charge ("private bytes"): 461M, peak: 461M

vm_info: Java HotSpot(TM) 64-Bit Server VM (17.0.12+8-LTS-286) for windows-amd64 JRE (17.0.12+8-LTS-286), built on Jun  5 2024 06:46:59 by "mach5one" with MS VC++ 17.6 (VS2022)

END.
